<?xml version="1.0" encoding="utf-8" standalone="no"?>
<test-results xmlns:xsi="http://www.w3.org/2001/XMLSchema-instance" xsi:noNamespaceSchemaLocation="nunit_schema_2.5.xsd" name="Pester" total="916" errors="0" failures="916" not-run="0" inconclusive="0" ignored="0" skipped="0" invalid="0" date="2025-12-01" time="09:45:08">
  <environment cwd="C:\Users\bolen\Documents\PowerShell" nunit-version="2.5.8.0" user-domain="BAMBOO" user="bolen" clr-version="10.0.0" machine-name="BAMBOO" os-version="10.0.28000" platform="Microsoft Windows 11 Pro|C:\WINDOWS|\Device\Harddisk4\Partition4" />
  <culture-info current-culture="en-US" current-uiculture="en-US" />
  <test-suite type="TestFixture" name="Pester" executed="True" result="Failure" success="False" time="776.7892" asserts="0" description="Pester">
    <results>
      <test-suite type="TestFixture" name="C:\Users\bolen\Documents\PowerShell\tests\integration\conversion\data\base64\base64-decoding.tests.ps1" executed="True" result="Failure" success="False" time="191.2739" asserts="0" description="C:\Users\bolen\Documents\PowerShell\tests\integration\conversion\data\base64\base64-decoding.tests.ps1">
        <results>
          <test-suite type="TestFixture" name="Base64 Decoding Integration Tests" executed="True" result="Failure" success="False" time="189.6909" asserts="0" description="Base64 Decoding Integration Tests">
            <results>
              <test-suite type="TestFixture" name="Base64 Decoding Integration Tests.Base64 decoding utilities" executed="True" result="Failure" success="False" time="0" asserts="0" description="Base64 Decoding Integration Tests.Base64 decoding utilities">
                <results>
                  <test-case description="ConvertFrom-Base64 decodes base64 to string" name="Base64 Decoding Integration Tests.Base64 decoding utilities.ConvertFrom-Base64 decodes base64 to string" time="0" asserts="0" success="False" result="Failure" executed="True">
                    <failure>
                      <message>This test should run but it did not. Most likely a setup in some parent block failed.</message>
                      <stack-trace />
                    </failure>
                  </test-case>
                  <test-case description="ConvertFrom-Base64 handles empty base64 string" name="Base64 Decoding Integration Tests.Base64 decoding utilities.ConvertFrom-Base64 handles empty base64 string" time="0" asserts="0" success="False" result="Failure" executed="True">
                    <failure>
                      <message>This test should run but it did not. Most likely a setup in some parent block failed.</message>
                      <stack-trace />
                    </failure>
                  </test-case>
                  <test-case description="ConvertFrom-Base64 handles invalid base64 gracefully" name="Base64 Decoding Integration Tests.Base64 decoding utilities.ConvertFrom-Base64 handles invalid base64 gracefully" time="0" asserts="0" success="False" result="Failure" executed="True">
                    <failure>
                      <message>This test should run but it did not. Most likely a setup in some parent block failed.</message>
                      <stack-trace />
                    </failure>
                  </test-case>
                </results>
              </test-suite>
            </results>
          </test-suite>
        </results>
      </test-suite>
      <test-suite type="TestFixture" name="C:\Users\bolen\Documents\PowerShell\tests\integration\conversion\data\base64\base64-encoding.tests.ps1" executed="True" result="Failure" success="False" time="2.6337" asserts="0" description="C:\Users\bolen\Documents\PowerShell\tests\integration\conversion\data\base64\base64-encoding.tests.ps1">
        <results>
          <test-suite type="TestFixture" name="Base64 Encoding Integration Tests" executed="True" result="Failure" success="False" time="1.3959" asserts="0" description="Base64 Encoding Integration Tests">
            <results>
              <test-suite type="TestFixture" name="Base64 Encoding Integration Tests.Base64 encoding utilities" executed="True" result="Failure" success="False" time="0" asserts="0" description="Base64 Encoding Integration Tests.Base64 encoding utilities">
                <results>
                  <test-case description="ConvertTo-Base64 encodes string to base64" name="Base64 Encoding Integration Tests.Base64 encoding utilities.ConvertTo-Base64 encodes string to base64" time="0" asserts="0" success="False" result="Failure" executed="True">
                    <failure>
                      <message>This test should run but it did not. Most likely a setup in some parent block failed.</message>
                      <stack-trace />
                    </failure>
                  </test-case>
                  <test-case description="ConvertTo-Base64 handles empty string" name="Base64 Encoding Integration Tests.Base64 encoding utilities.ConvertTo-Base64 handles empty string" time="0" asserts="0" success="False" result="Failure" executed="True">
                    <failure>
                      <message>This test should run but it did not. Most likely a setup in some parent block failed.</message>
                      <stack-trace />
                    </failure>
                  </test-case>
                  <test-case description="ConvertTo-Base64 handles special characters" name="Base64 Encoding Integration Tests.Base64 encoding utilities.ConvertTo-Base64 handles special characters" time="0" asserts="0" success="False" result="Failure" executed="True">
                    <failure>
                      <message>This test should run but it did not. Most likely a setup in some parent block failed.</message>
                      <stack-trace />
                    </failure>
                  </test-case>
                </results>
              </test-suite>
            </results>
          </test-suite>
        </results>
      </test-suite>
      <test-suite type="TestFixture" name="C:\Users\bolen\Documents\PowerShell\tests\integration\conversion\data\base64\base64-roundtrip.tests.ps1" executed="True" result="Failure" success="False" time="2.5746" asserts="0" description="C:\Users\bolen\Documents\PowerShell\tests\integration\conversion\data\base64\base64-roundtrip.tests.ps1">
        <results>
          <test-suite type="TestFixture" name="Base64 Roundtrip Integration Tests" executed="True" result="Failure" success="False" time="1.2197" asserts="0" description="Base64 Roundtrip Integration Tests">
            <results>
              <test-suite type="TestFixture" name="Base64 Roundtrip Integration Tests.Base64 roundtrip utilities" executed="True" result="Failure" success="False" time="0" asserts="0" description="Base64 Roundtrip Integration Tests.Base64 roundtrip utilities">
                <results>
                  <test-case description="ConvertTo-Base64 and ConvertFrom-Base64 roundtrip" name="Base64 Roundtrip Integration Tests.Base64 roundtrip utilities.ConvertTo-Base64 and ConvertFrom-Base64 roundtrip" time="0" asserts="0" success="False" result="Failure" executed="True">
                    <failure>
                      <message>This test should run but it did not. Most likely a setup in some parent block failed.</message>
                      <stack-trace />
                    </failure>
                  </test-case>
                </results>
              </test-suite>
            </results>
          </test-suite>
        </results>
      </test-suite>
      <test-suite type="TestFixture" name="C:\Users\bolen\Documents\PowerShell\tests\integration\conversion\data\binary-to-text\bson-to-csv.tests.ps1" executed="True" result="Failure" success="False" time="2.4593" asserts="0" description="C:\Users\bolen\Documents\PowerShell\tests\integration\conversion\data\binary-to-text\bson-to-csv.tests.ps1">
        <results>
          <test-suite type="TestFixture" name="BSON to CSV Conversion Tests" executed="True" result="Failure" success="False" time="1.2185" asserts="0" description="BSON to CSV Conversion Tests">
            <results>
              <test-suite type="TestFixture" name="BSON to CSV Conversion Tests.BSON to CSV Conversions" executed="True" result="Failure" success="False" time="0" asserts="0" description="BSON to CSV Conversion Tests.BSON to CSV Conversions">
                <results>
                  <test-case description="ConvertFrom-BsonToCsv converts BSON to CSV" name="BSON to CSV Conversion Tests.BSON to CSV Conversions.ConvertFrom-BsonToCsv converts BSON to CSV" time="0" asserts="0" success="False" result="Failure" executed="True">
                    <failure>
                      <message>This test should run but it did not. Most likely a setup in some parent block failed.</message>
                      <stack-trace />
                    </failure>
                  </test-case>
                </results>
              </test-suite>
            </results>
          </test-suite>
        </results>
      </test-suite>
      <test-suite type="TestFixture" name="C:\Users\bolen\Documents\PowerShell\tests\integration\conversion\data\binary-to-text\bson-to-yaml.tests.ps1" executed="True" result="Failure" success="False" time="2.4349" asserts="0" description="C:\Users\bolen\Documents\PowerShell\tests\integration\conversion\data\binary-to-text\bson-to-yaml.tests.ps1">
        <results>
          <test-suite type="TestFixture" name="BSON to YAML Conversion Tests" executed="True" result="Failure" success="False" time="1.2414" asserts="0" description="BSON to YAML Conversion Tests">
            <results>
              <test-suite type="TestFixture" name="BSON to YAML Conversion Tests.BSON to YAML Conversions" executed="True" result="Failure" success="False" time="0" asserts="0" description="BSON to YAML Conversion Tests.BSON to YAML Conversions">
                <results>
                  <test-case description="ConvertFrom-BsonToYaml converts BSON to YAML" name="BSON to YAML Conversion Tests.BSON to YAML Conversions.ConvertFrom-BsonToYaml converts BSON to YAML" time="0" asserts="0" success="False" result="Failure" executed="True">
                    <failure>
                      <message>This test should run but it did not. Most likely a setup in some parent block failed.</message>
                      <stack-trace />
                    </failure>
                  </test-case>
                </results>
              </test-suite>
            </results>
          </test-suite>
        </results>
      </test-suite>
      <test-suite type="TestFixture" name="C:\Users\bolen\Documents\PowerShell\tests\integration\conversion\data\binary-to-text\cbor-to-csv.tests.ps1" executed="True" result="Failure" success="False" time="2.6456" asserts="0" description="C:\Users\bolen\Documents\PowerShell\tests\integration\conversion\data\binary-to-text\cbor-to-csv.tests.ps1">
        <results>
          <test-suite type="TestFixture" name="CBOR to CSV Conversion Tests" executed="True" result="Failure" success="False" time="1.3385" asserts="0" description="CBOR to CSV Conversion Tests">
            <results>
              <test-suite type="TestFixture" name="CBOR to CSV Conversion Tests.CBOR to CSV Conversions" executed="True" result="Failure" success="False" time="0" asserts="0" description="CBOR to CSV Conversion Tests.CBOR to CSV Conversions">
                <results>
                  <test-case description="ConvertFrom-CborToCsv converts CBOR to CSV" name="CBOR to CSV Conversion Tests.CBOR to CSV Conversions.ConvertFrom-CborToCsv converts CBOR to CSV" time="0" asserts="0" success="False" result="Failure" executed="True">
                    <failure>
                      <message>This test should run but it did not. Most likely a setup in some parent block failed.</message>
                      <stack-trace />
                    </failure>
                  </test-case>
                </results>
              </test-suite>
            </results>
          </test-suite>
        </results>
      </test-suite>
      <test-suite type="TestFixture" name="C:\Users\bolen\Documents\PowerShell\tests\integration\conversion\data\binary-to-text\messagepack-to-csv.tests.ps1" executed="True" result="Failure" success="False" time="2.5423" asserts="0" description="C:\Users\bolen\Documents\PowerShell\tests\integration\conversion\data\binary-to-text\messagepack-to-csv.tests.ps1">
        <results>
          <test-suite type="TestFixture" name="MessagePack to CSV Conversion Tests" executed="True" result="Failure" success="False" time="1.224" asserts="0" description="MessagePack to CSV Conversion Tests">
            <results>
              <test-suite type="TestFixture" name="MessagePack to CSV Conversion Tests.MessagePack to CSV Conversions" executed="True" result="Failure" success="False" time="0" asserts="0" description="MessagePack to CSV Conversion Tests.MessagePack to CSV Conversions">
                <results>
                  <test-case description="ConvertFrom-MessagePackToCsv converts MessagePack to CSV" name="MessagePack to CSV Conversion Tests.MessagePack to CSV Conversions.ConvertFrom-MessagePackToCsv converts MessagePack to CSV" time="0" asserts="0" success="False" result="Failure" executed="True">
                    <failure>
                      <message>This test should run but it did not. Most likely a setup in some parent block failed.</message>
                      <stack-trace />
                    </failure>
                  </test-case>
                </results>
              </test-suite>
            </results>
          </test-suite>
        </results>
      </test-suite>
      <test-suite type="TestFixture" name="C:\Users\bolen\Documents\PowerShell\tests\integration\conversion\data\binary\avro-schema-evolution.tests.ps1" executed="True" result="Failure" success="False" time="2.5471" asserts="0" description="C:\Users\bolen\Documents\PowerShell\tests\integration\conversion\data\binary\avro-schema-evolution.tests.ps1">
        <results>
          <test-suite type="TestFixture" name="Apache Avro Schema Evolution Tests" executed="True" result="Failure" success="False" time="1.2403" asserts="0" description="Apache Avro Schema Evolution Tests">
            <results>
              <test-suite type="TestFixture" name="Apache Avro Schema Evolution Tests.Apache Avro Schema Evolution" executed="True" result="Failure" success="False" time="0" asserts="0" description="Apache Avro Schema Evolution Tests.Apache Avro Schema Evolution">
                <results>
                  <test-case description="ConvertFrom-AvroToJsonWithSchemaEvolution function exists" name="Apache Avro Schema Evolution Tests.Apache Avro Schema Evolution.ConvertFrom-AvroToJsonWithSchemaEvolution function exists" time="0" asserts="0" success="False" result="Failure" executed="True">
                    <failure>
                      <message>This test should run but it did not. Most likely a setup in some parent block failed.</message>
                      <stack-trace />
                    </failure>
                  </test-case>
                  <test-case description="Test-AvroSchemaCompatibility function exists" name="Apache Avro Schema Evolution Tests.Apache Avro Schema Evolution.Test-AvroSchemaCompatibility function exists" time="0" asserts="0" success="False" result="Failure" executed="True">
                    <failure>
                      <message>This test should run but it did not. Most likely a setup in some parent block failed.</message>
                      <stack-trace />
                    </failure>
                  </test-case>
                  <test-case description="ConvertFrom-AvroToJsonWithSchemaEvolution requires at least one schema" name="Apache Avro Schema Evolution Tests.Apache Avro Schema Evolution.ConvertFrom-AvroToJsonWithSchemaEvolution requires at least one schema" time="0" asserts="0" success="False" result="Failure" executed="True">
                    <failure>
                      <message>This test should run but it did not. Most likely a setup in some parent block failed.</message>
                      <stack-trace />
                    </failure>
                  </test-case>
                  <test-case description="Test-AvroSchemaCompatibility requires both schemas" name="Apache Avro Schema Evolution Tests.Apache Avro Schema Evolution.Test-AvroSchemaCompatibility requires both schemas" time="0" asserts="0" success="False" result="Failure" executed="True">
                    <failure>
                      <message>This test should run but it did not. Most likely a setup in some parent block failed.</message>
                      <stack-trace />
                    </failure>
                  </test-case>
                </results>
              </test-suite>
            </results>
          </test-suite>
        </results>
      </test-suite>
      <test-suite type="TestFixture" name="C:\Users\bolen\Documents\PowerShell\tests\integration\conversion\data\binary\binary-formats.tests.ps1" executed="True" result="Failure" success="False" time="2.5186" asserts="0" description="C:\Users\bolen\Documents\PowerShell\tests\integration\conversion\data\binary\binary-formats.tests.ps1">
        <results>
          <test-suite type="TestFixture" name="Binary Format Conversion Integration Tests" executed="True" result="Failure" success="False" time="1.1913" asserts="0" description="Binary Format Conversion Integration Tests">
            <results>
              <test-suite type="TestFixture" name="Binary Format Conversion Integration Tests.BSON conversion utilities" executed="True" result="Failure" success="False" time="0" asserts="0" description="Binary Format Conversion Integration Tests.BSON conversion utilities">
                <results>
                  <test-case description="ConvertTo-BsonFromJson converts JSON to BSON" name="Binary Format Conversion Integration Tests.BSON conversion utilities.ConvertTo-BsonFromJson converts JSON to BSON" time="0" asserts="0" success="False" result="Failure" executed="True">
                    <failure>
                      <message>This test should run but it did not. Most likely a setup in some parent block failed.</message>
                      <stack-trace />
                    </failure>
                  </test-case>
                  <test-case description="ConvertFrom-BsonToJson converts BSON to JSON" name="Binary Format Conversion Integration Tests.BSON conversion utilities.ConvertFrom-BsonToJson converts BSON to JSON" time="0" asserts="0" success="False" result="Failure" executed="True">
                    <failure>
                      <message>This test should run but it did not. Most likely a setup in some parent block failed.</message>
                      <stack-trace />
                    </failure>
                  </test-case>
                  <test-case description="ConvertTo-BsonFromJson and ConvertFrom-BsonToJson roundtrip" name="Binary Format Conversion Integration Tests.BSON conversion utilities.ConvertTo-BsonFromJson and ConvertFrom-BsonToJson roundtrip" time="0" asserts="0" success="False" result="Failure" executed="True">
                    <failure>
                      <message>This test should run but it did not. Most likely a setup in some parent block failed.</message>
                      <stack-trace />
                    </failure>
                  </test-case>
                </results>
              </test-suite>
              <test-suite type="TestFixture" name="Binary Format Conversion Integration Tests.MessagePack conversion utilities" executed="True" result="Failure" success="False" time="0" asserts="0" description="Binary Format Conversion Integration Tests.MessagePack conversion utilities">
                <results>
                  <test-case description="ConvertTo-MessagePackFromJson converts JSON to MessagePack" name="Binary Format Conversion Integration Tests.MessagePack conversion utilities.ConvertTo-MessagePackFromJson converts JSON to MessagePack" time="0" asserts="0" success="False" result="Failure" executed="True">
                    <failure>
                      <message>This test should run but it did not. Most likely a setup in some parent block failed.</message>
                      <stack-trace />
                    </failure>
                  </test-case>
                  <test-case description="ConvertFrom-MessagePackToJson converts MessagePack to JSON" name="Binary Format Conversion Integration Tests.MessagePack conversion utilities.ConvertFrom-MessagePackToJson converts MessagePack to JSON" time="0" asserts="0" success="False" result="Failure" executed="True">
                    <failure>
                      <message>This test should run but it did not. Most likely a setup in some parent block failed.</message>
                      <stack-trace />
                    </failure>
                  </test-case>
                  <test-case description="ConvertTo-MessagePackFromJson and ConvertFrom-MessagePackToJson roundtrip" name="Binary Format Conversion Integration Tests.MessagePack conversion utilities.ConvertTo-MessagePackFromJson and ConvertFrom-MessagePackToJson roundtrip" time="0" asserts="0" success="False" result="Failure" executed="True">
                    <failure>
                      <message>This test should run but it did not. Most likely a setup in some parent block failed.</message>
                      <stack-trace />
                    </failure>
                  </test-case>
                </results>
              </test-suite>
              <test-suite type="TestFixture" name="Binary Format Conversion Integration Tests.Avro conversion utilities" executed="True" result="Failure" success="False" time="0" asserts="0" description="Binary Format Conversion Integration Tests.Avro conversion utilities">
                <results>
                  <test-case description="ConvertTo-AvroFromJson converts JSON to Avro" name="Binary Format Conversion Integration Tests.Avro conversion utilities.ConvertTo-AvroFromJson converts JSON to Avro" time="0" asserts="0" success="False" result="Failure" executed="True">
                    <failure>
                      <message>This test should run but it did not. Most likely a setup in some parent block failed.</message>
                      <stack-trace />
                    </failure>
                  </test-case>
                  <test-case description="ConvertFrom-AvroToJson converts Avro to JSON" name="Binary Format Conversion Integration Tests.Avro conversion utilities.ConvertFrom-AvroToJson converts Avro to JSON" time="0" asserts="0" success="False" result="Failure" executed="True">
                    <failure>
                      <message>This test should run but it did not. Most likely a setup in some parent block failed.</message>
                      <stack-trace />
                    </failure>
                  </test-case>
                  <test-case description="ConvertTo-AvroFromJson and ConvertFrom-AvroToJson roundtrip" name="Binary Format Conversion Integration Tests.Avro conversion utilities.ConvertTo-AvroFromJson and ConvertFrom-AvroToJson roundtrip" time="0" asserts="0" success="False" result="Failure" executed="True">
                    <failure>
                      <message>This test should run but it did not. Most likely a setup in some parent block failed.</message>
                      <stack-trace />
                    </failure>
                  </test-case>
                </results>
              </test-suite>
            </results>
          </test-suite>
        </results>
      </test-suite>
      <test-suite type="TestFixture" name="C:\Users\bolen\Documents\PowerShell\tests\integration\conversion\data\binary\bson-cbor.tests.ps1" executed="True" result="Failure" success="False" time="2.5943" asserts="0" description="C:\Users\bolen\Documents\PowerShell\tests\integration\conversion\data\binary\bson-cbor.tests.ps1">
        <results>
          <test-suite type="TestFixture" name="BSON and CBOR Conversion Tests" executed="True" result="Failure" success="False" time="1.2956" asserts="0" description="BSON and CBOR Conversion Tests">
            <results>
              <test-suite type="TestFixture" name="BSON and CBOR Conversion Tests.BSON and CBOR Conversions" executed="True" result="Failure" success="False" time="0" asserts="0" description="BSON and CBOR Conversion Tests.BSON and CBOR Conversions">
                <results>
                  <test-case description="ConvertTo-CborFromBson converts BSON to CBOR" name="BSON and CBOR Conversion Tests.BSON and CBOR Conversions.ConvertTo-CborFromBson converts BSON to CBOR" time="0" asserts="0" success="False" result="Failure" executed="True">
                    <failure>
                      <message>This test should run but it did not. Most likely a setup in some parent block failed.</message>
                      <stack-trace />
                    </failure>
                  </test-case>
                  <test-case description="ConvertTo-BsonFromCbor converts CBOR to BSON" name="BSON and CBOR Conversion Tests.BSON and CBOR Conversions.ConvertTo-BsonFromCbor converts CBOR to BSON" time="0" asserts="0" success="False" result="Failure" executed="True">
                    <failure>
                      <message>This test should run but it did not. Most likely a setup in some parent block failed.</message>
                      <stack-trace />
                    </failure>
                  </test-case>
                </results>
              </test-suite>
            </results>
          </test-suite>
        </results>
      </test-suite>
      <test-suite type="TestFixture" name="C:\Users\bolen\Documents\PowerShell\tests\integration\conversion\data\binary\bson-messagepack.tests.ps1" executed="True" result="Failure" success="False" time="2.4605" asserts="0" description="C:\Users\bolen\Documents\PowerShell\tests\integration\conversion\data\binary\bson-messagepack.tests.ps1">
        <results>
          <test-suite type="TestFixture" name="BSON and MessagePack Conversion Tests" executed="True" result="Failure" success="False" time="1.2197" asserts="0" description="BSON and MessagePack Conversion Tests">
            <results>
              <test-suite type="TestFixture" name="BSON and MessagePack Conversion Tests.BSON and MessagePack Conversions" executed="True" result="Failure" success="False" time="0" asserts="0" description="BSON and MessagePack Conversion Tests.BSON and MessagePack Conversions">
                <results>
                  <test-case description="ConvertTo-MessagePackFromBson converts BSON to MessagePack" name="BSON and MessagePack Conversion Tests.BSON and MessagePack Conversions.ConvertTo-MessagePackFromBson converts BSON to MessagePack" time="0" asserts="0" success="False" result="Failure" executed="True">
                    <failure>
                      <message>This test should run but it did not. Most likely a setup in some parent block failed.</message>
                      <stack-trace />
                    </failure>
                  </test-case>
                  <test-case description="ConvertTo-BsonFromMessagePack converts MessagePack to BSON" name="BSON and MessagePack Conversion Tests.BSON and MessagePack Conversions.ConvertTo-BsonFromMessagePack converts MessagePack to BSON" time="0" asserts="0" success="False" result="Failure" executed="True">
                    <failure>
                      <message>This test should run but it did not. Most likely a setup in some parent block failed.</message>
                      <stack-trace />
                    </failure>
                  </test-case>
                </results>
              </test-suite>
            </results>
          </test-suite>
        </results>
      </test-suite>
      <test-suite type="TestFixture" name="C:\Users\bolen\Documents\PowerShell\tests\integration\conversion\data\binary\capn-proto.tests.ps1" executed="True" result="Failure" success="False" time="2.4421" asserts="0" description="C:\Users\bolen\Documents\PowerShell\tests\integration\conversion\data\binary\capn-proto.tests.ps1">
        <results>
          <test-suite type="TestFixture" name="Cap'n Proto Format Conversion Tests" executed="True" result="Failure" success="False" time="1.2219" asserts="0" description="Cap'n Proto Format Conversion Tests">
            <results>
              <test-suite type="TestFixture" name="Cap'n Proto Format Conversion Tests.Cap'n Proto Format Conversions" executed="True" result="Failure" success="False" time="0" asserts="0" description="Cap'n Proto Format Conversion Tests.Cap'n Proto Format Conversions">
                <results>
                  <test-case description="ConvertTo-CapnpFromJson function exists" name="Cap'n Proto Format Conversion Tests.Cap'n Proto Format Conversions.ConvertTo-CapnpFromJson function exists" time="0" asserts="0" success="False" result="Failure" executed="True">
                    <failure>
                      <message>This test should run but it did not. Most likely a setup in some parent block failed.</message>
                      <stack-trace />
                    </failure>
                  </test-case>
                  <test-case description="ConvertFrom-CapnpToJson function exists" name="Cap'n Proto Format Conversion Tests.Cap'n Proto Format Conversions.ConvertFrom-CapnpToJson function exists" time="0" asserts="0" success="False" result="Failure" executed="True">
                    <failure>
                      <message>This test should run but it did not. Most likely a setup in some parent block failed.</message>
                      <stack-trace />
                    </failure>
                  </test-case>
                  <test-case description="ConvertTo-CapnpFromJson requires schema path" name="Cap'n Proto Format Conversion Tests.Cap'n Proto Format Conversions.ConvertTo-CapnpFromJson requires schema path" time="0" asserts="0" success="False" result="Failure" executed="True">
                    <failure>
                      <message>This test should run but it did not. Most likely a setup in some parent block failed.</message>
                      <stack-trace />
                    </failure>
                  </test-case>
                  <test-case description="ConvertFrom-CapnpToJson requires schema path" name="Cap'n Proto Format Conversion Tests.Cap'n Proto Format Conversions.ConvertFrom-CapnpToJson requires schema path" time="0" asserts="0" success="False" result="Failure" executed="True">
                    <failure>
                      <message>This test should run but it did not. Most likely a setup in some parent block failed.</message>
                      <stack-trace />
                    </failure>
                  </test-case>
                </results>
              </test-suite>
            </results>
          </test-suite>
        </results>
      </test-suite>
      <test-suite type="TestFixture" name="C:\Users\bolen\Documents\PowerShell\tests\integration\conversion\data\binary\cbor.tests.ps1" executed="True" result="Failure" success="False" time="2.5138" asserts="0" description="C:\Users\bolen\Documents\PowerShell\tests\integration\conversion\data\binary\cbor.tests.ps1">
        <results>
          <test-suite type="TestFixture" name="CBOR Format Conversion Tests" executed="True" result="Failure" success="False" time="1.2605" asserts="0" description="CBOR Format Conversion Tests">
            <results>
              <test-suite type="TestFixture" name="CBOR Format Conversion Tests.CBOR conversion utilities" executed="True" result="Failure" success="False" time="0" asserts="0" description="CBOR Format Conversion Tests.CBOR conversion utilities">
                <results>
                  <test-case description="ConvertTo-CborFromJson converts JSON to CBOR" name="CBOR Format Conversion Tests.CBOR conversion utilities.ConvertTo-CborFromJson converts JSON to CBOR" time="0" asserts="0" success="False" result="Failure" executed="True">
                    <failure>
                      <message>This test should run but it did not. Most likely a setup in some parent block failed.</message>
                      <stack-trace />
                    </failure>
                  </test-case>
                  <test-case description="Handles roundtrip JSON to CBOR to JSON" name="CBOR Format Conversion Tests.CBOR conversion utilities.Handles roundtrip JSON to CBOR to JSON" time="0" asserts="0" success="False" result="Failure" executed="True">
                    <failure>
                      <message>This test should run but it did not. Most likely a setup in some parent block failed.</message>
                      <stack-trace />
                    </failure>
                  </test-case>
                </results>
              </test-suite>
            </results>
          </test-suite>
        </results>
      </test-suite>
      <test-suite type="TestFixture" name="C:\Users\bolen\Documents\PowerShell\tests\integration\conversion\data\binary\messagepack-cbor.tests.ps1" executed="True" result="Failure" success="False" time="2.5368" asserts="0" description="C:\Users\bolen\Documents\PowerShell\tests\integration\conversion\data\binary\messagepack-cbor.tests.ps1">
        <results>
          <test-suite type="TestFixture" name="MessagePack and CBOR Conversion Tests" executed="True" result="Failure" success="False" time="1.2759" asserts="0" description="MessagePack and CBOR Conversion Tests">
            <results>
              <test-suite type="TestFixture" name="MessagePack and CBOR Conversion Tests.MessagePack and CBOR Conversions" executed="True" result="Failure" success="False" time="0" asserts="0" description="MessagePack and CBOR Conversion Tests.MessagePack and CBOR Conversions">
                <results>
                  <test-case description="ConvertTo-CborFromMessagePack converts MessagePack to CBOR" name="MessagePack and CBOR Conversion Tests.MessagePack and CBOR Conversions.ConvertTo-CborFromMessagePack converts MessagePack to CBOR" time="0" asserts="0" success="False" result="Failure" executed="True">
                    <failure>
                      <message>This test should run but it did not. Most likely a setup in some parent block failed.</message>
                      <stack-trace />
                    </failure>
                  </test-case>
                  <test-case description="ConvertTo-MessagePackFromCbor converts CBOR to MessagePack" name="MessagePack and CBOR Conversion Tests.MessagePack and CBOR Conversions.ConvertTo-MessagePackFromCbor converts CBOR to MessagePack" time="0" asserts="0" success="False" result="Failure" executed="True">
                    <failure>
                      <message>This test should run but it did not. Most likely a setup in some parent block failed.</message>
                      <stack-trace />
                    </failure>
                  </test-case>
                </results>
              </test-suite>
            </results>
          </test-suite>
        </results>
      </test-suite>
      <test-suite type="TestFixture" name="C:\Users\bolen\Documents\PowerShell\tests\integration\conversion\data\columnar\delta-lake.tests.ps1" executed="True" result="Failure" success="False" time="2.4273" asserts="0" description="C:\Users\bolen\Documents\PowerShell\tests\integration\conversion\data\columnar\delta-lake.tests.ps1">
        <results>
          <test-suite type="TestFixture" name="Delta Lake Format Conversion Tests" executed="True" result="Failure" success="False" time="1.2097" asserts="0" description="Delta Lake Format Conversion Tests">
            <results>
              <test-suite type="TestFixture" name="Delta Lake Format Conversion Tests.Delta Lake Format Conversions" executed="True" result="Failure" success="False" time="0" asserts="0" description="Delta Lake Format Conversion Tests.Delta Lake Format Conversions">
                <results>
                  <test-case description="ConvertFrom-DeltaToJson function exists" name="Delta Lake Format Conversion Tests.Delta Lake Format Conversions.ConvertFrom-DeltaToJson function exists" time="0" asserts="0" success="False" result="Failure" executed="True">
                    <failure>
                      <message>This test should run but it did not. Most likely a setup in some parent block failed.</message>
                      <stack-trace />
                    </failure>
                  </test-case>
                  <test-case description="ConvertTo-DeltaFromJson function exists" name="Delta Lake Format Conversion Tests.Delta Lake Format Conversions.ConvertTo-DeltaFromJson function exists" time="0" asserts="0" success="False" result="Failure" executed="True">
                    <failure>
                      <message>This test should run but it did not. Most likely a setup in some parent block failed.</message>
                      <stack-trace />
                    </failure>
                  </test-case>
                  <test-case description="ConvertFrom-DeltaToParquet function exists" name="Delta Lake Format Conversion Tests.Delta Lake Format Conversions.ConvertFrom-DeltaToParquet function exists" time="0" asserts="0" success="False" result="Failure" executed="True">
                    <failure>
                      <message>This test should run but it did not. Most likely a setup in some parent block failed.</message>
                      <stack-trace />
                    </failure>
                  </test-case>
                  <test-case description="ConvertFrom-DeltaToJson handles missing input file gracefully" name="Delta Lake Format Conversion Tests.Delta Lake Format Conversions.ConvertFrom-DeltaToJson handles missing input file gracefully" time="0" asserts="0" success="False" result="Failure" executed="True">
                    <failure>
                      <message>This test should run but it did not. Most likely a setup in some parent block failed.</message>
                      <stack-trace />
                    </failure>
                  </test-case>
                  <test-case description="ConvertTo-DeltaFromJson handles missing input file gracefully" name="Delta Lake Format Conversion Tests.Delta Lake Format Conversions.ConvertTo-DeltaFromJson handles missing input file gracefully" time="0" asserts="0" success="False" result="Failure" executed="True">
                    <failure>
                      <message>This test should run but it did not. Most likely a setup in some parent block failed.</message>
                      <stack-trace />
                    </failure>
                  </test-case>
                </results>
              </test-suite>
            </results>
          </test-suite>
        </results>
      </test-suite>
      <test-suite type="TestFixture" name="C:\Users\bolen\Documents\PowerShell\tests\integration\conversion\data\columnar\iceberg.tests.ps1" executed="True" result="Failure" success="False" time="2.4271" asserts="0" description="C:\Users\bolen\Documents\PowerShell\tests\integration\conversion\data\columnar\iceberg.tests.ps1">
        <results>
          <test-suite type="TestFixture" name="Apache Iceberg Format Conversion Tests" executed="True" result="Failure" success="False" time="1.2017" asserts="0" description="Apache Iceberg Format Conversion Tests">
            <results>
              <test-suite type="TestFixture" name="Apache Iceberg Format Conversion Tests.Apache Iceberg Format Conversions" executed="True" result="Failure" success="False" time="0" asserts="0" description="Apache Iceberg Format Conversion Tests.Apache Iceberg Format Conversions">
                <results>
                  <test-case description="ConvertFrom-IcebergToJson function exists" name="Apache Iceberg Format Conversion Tests.Apache Iceberg Format Conversions.ConvertFrom-IcebergToJson function exists" time="0" asserts="0" success="False" result="Failure" executed="True">
                    <failure>
                      <message>This test should run but it did not. Most likely a setup in some parent block failed.</message>
                      <stack-trace />
                    </failure>
                  </test-case>
                  <test-case description="ConvertTo-IcebergFromJson function exists" name="Apache Iceberg Format Conversion Tests.Apache Iceberg Format Conversions.ConvertTo-IcebergFromJson function exists" time="0" asserts="0" success="False" result="Failure" executed="True">
                    <failure>
                      <message>This test should run but it did not. Most likely a setup in some parent block failed.</message>
                      <stack-trace />
                    </failure>
                  </test-case>
                  <test-case description="ConvertFrom-IcebergToParquet function exists" name="Apache Iceberg Format Conversion Tests.Apache Iceberg Format Conversions.ConvertFrom-IcebergToParquet function exists" time="0" asserts="0" success="False" result="Failure" executed="True">
                    <failure>
                      <message>This test should run but it did not. Most likely a setup in some parent block failed.</message>
                      <stack-trace />
                    </failure>
                  </test-case>
                  <test-case description="ConvertFrom-IcebergToJson handles missing input file gracefully" name="Apache Iceberg Format Conversion Tests.Apache Iceberg Format Conversions.ConvertFrom-IcebergToJson handles missing input file gracefully" time="0" asserts="0" success="False" result="Failure" executed="True">
                    <failure>
                      <message>This test should run but it did not. Most likely a setup in some parent block failed.</message>
                      <stack-trace />
                    </failure>
                  </test-case>
                  <test-case description="ConvertTo-IcebergFromJson handles missing input file gracefully" name="Apache Iceberg Format Conversion Tests.Apache Iceberg Format Conversions.ConvertTo-IcebergFromJson handles missing input file gracefully" time="0" asserts="0" success="False" result="Failure" executed="True">
                    <failure>
                      <message>This test should run but it did not. Most likely a setup in some parent block failed.</message>
                      <stack-trace />
                    </failure>
                  </test-case>
                </results>
              </test-suite>
            </results>
          </test-suite>
        </results>
      </test-suite>
      <test-suite type="TestFixture" name="C:\Users\bolen\Documents\PowerShell\tests\integration\conversion\data\columnar\orc.tests.ps1" executed="True" result="Failure" success="False" time="2.4281" asserts="0" description="C:\Users\bolen\Documents\PowerShell\tests\integration\conversion\data\columnar\orc.tests.ps1">
        <results>
          <test-suite type="TestFixture" name="Apache ORC Format Conversion Tests" executed="True" result="Failure" success="False" time="1.2536" asserts="0" description="Apache ORC Format Conversion Tests">
            <results>
              <test-suite type="TestFixture" name="Apache ORC Format Conversion Tests.Apache ORC Format Conversions" executed="True" result="Failure" success="False" time="0" asserts="0" description="Apache ORC Format Conversion Tests.Apache ORC Format Conversions">
                <results>
                  <test-case description="ConvertFrom-OrcToJson function exists" name="Apache ORC Format Conversion Tests.Apache ORC Format Conversions.ConvertFrom-OrcToJson function exists" time="0" asserts="0" success="False" result="Failure" executed="True">
                    <failure>
                      <message>This test should run but it did not. Most likely a setup in some parent block failed.</message>
                      <stack-trace />
                    </failure>
                  </test-case>
                  <test-case description="ConvertTo-OrcFromJson function exists" name="Apache ORC Format Conversion Tests.Apache ORC Format Conversions.ConvertTo-OrcFromJson function exists" time="0" asserts="0" success="False" result="Failure" executed="True">
                    <failure>
                      <message>This test should run but it did not. Most likely a setup in some parent block failed.</message>
                      <stack-trace />
                    </failure>
                  </test-case>
                  <test-case description="ConvertFrom-OrcToCsv function exists" name="Apache ORC Format Conversion Tests.Apache ORC Format Conversions.ConvertFrom-OrcToCsv function exists" time="0" asserts="0" success="False" result="Failure" executed="True">
                    <failure>
                      <message>This test should run but it did not. Most likely a setup in some parent block failed.</message>
                      <stack-trace />
                    </failure>
                  </test-case>
                  <test-case description="ConvertFrom-OrcToParquet function exists" name="Apache ORC Format Conversion Tests.Apache ORC Format Conversions.ConvertFrom-OrcToParquet function exists" time="0" asserts="0" success="False" result="Failure" executed="True">
                    <failure>
                      <message>This test should run but it did not. Most likely a setup in some parent block failed.</message>
                      <stack-trace />
                    </failure>
                  </test-case>
                  <test-case description="ConvertFrom-OrcToJson handles missing input file gracefully" name="Apache ORC Format Conversion Tests.Apache ORC Format Conversions.ConvertFrom-OrcToJson handles missing input file gracefully" time="0" asserts="0" success="False" result="Failure" executed="True">
                    <failure>
                      <message>This test should run but it did not. Most likely a setup in some parent block failed.</message>
                      <stack-trace />
                    </failure>
                  </test-case>
                  <test-case description="ConvertTo-OrcFromJson handles missing input file gracefully" name="Apache ORC Format Conversion Tests.Apache ORC Format Conversions.ConvertTo-OrcFromJson handles missing input file gracefully" time="0" asserts="0" success="False" result="Failure" executed="True">
                    <failure>
                      <message>This test should run but it did not. Most likely a setup in some parent block failed.</message>
                      <stack-trace />
                    </failure>
                  </test-case>
                </results>
              </test-suite>
            </results>
          </test-suite>
        </results>
      </test-suite>
      <test-suite type="TestFixture" name="C:\Users\bolen\Documents\PowerShell\tests\integration\conversion\data\compression\brotli.tests.ps1" executed="True" result="Failure" success="False" time="2.3817" asserts="0" description="C:\Users\bolen\Documents\PowerShell\tests\integration\conversion\data\compression\brotli.tests.ps1">
        <results>
          <test-suite type="TestFixture" name="Brotli Compression Tests" executed="True" result="Failure" success="False" time="1.2607" asserts="0" description="Brotli Compression Tests">
            <results>
              <test-suite type="TestFixture" name="Brotli Compression Tests.Brotli Compression" executed="True" result="Failure" success="False" time="0" asserts="0" description="Brotli Compression Tests.Brotli Compression">
                <results>
                  <test-case description="Compress-Brotli compresses a file" name="Brotli Compression Tests.Brotli Compression.Compress-Brotli compresses a file" time="0" asserts="0" success="False" result="Failure" executed="True">
                    <failure>
                      <message>This test should run but it did not. Most likely a setup in some parent block failed.</message>
                      <stack-trace />
                    </failure>
                  </test-case>
                  <test-case description="Expand-Brotli decompresses a Brotli file" name="Brotli Compression Tests.Brotli Compression.Expand-Brotli decompresses a Brotli file" time="0" asserts="0" success="False" result="Failure" executed="True">
                    <failure>
                      <message>This test should run but it did not. Most likely a setup in some parent block failed.</message>
                      <stack-trace />
                    </failure>
                  </test-case>
                  <test-case description="Brotli compression and decompression roundtrip" name="Brotli Compression Tests.Brotli Compression.Brotli compression and decompression roundtrip" time="0" asserts="0" success="False" result="Failure" executed="True">
                    <failure>
                      <message>This test should run but it did not. Most likely a setup in some parent block failed.</message>
                      <stack-trace />
                    </failure>
                  </test-case>
                </results>
              </test-suite>
            </results>
          </test-suite>
        </results>
      </test-suite>
      <test-suite type="TestFixture" name="C:\Users\bolen\Documents\PowerShell\tests\integration\conversion\data\compression\gzip.tests.ps1" executed="True" result="Failure" success="False" time="2.3565" asserts="0" description="C:\Users\bolen\Documents\PowerShell\tests\integration\conversion\data\compression\gzip.tests.ps1">
        <results>
          <test-suite type="TestFixture" name="Gzip Compression Tests" executed="True" result="Failure" success="False" time="1.2166" asserts="0" description="Gzip Compression Tests">
            <results>
              <test-suite type="TestFixture" name="Gzip Compression Tests.Gzip Compression" executed="True" result="Failure" success="False" time="0" asserts="0" description="Gzip Compression Tests.Gzip Compression">
                <results>
                  <test-case description="Compress-Gzip compresses a file" name="Gzip Compression Tests.Gzip Compression.Compress-Gzip compresses a file" time="0" asserts="0" success="False" result="Failure" executed="True">
                    <failure>
                      <message>This test should run but it did not. Most likely a setup in some parent block failed.</message>
                      <stack-trace />
                    </failure>
                  </test-case>
                  <test-case description="Expand-Gzip decompresses a Gzip file" name="Gzip Compression Tests.Gzip Compression.Expand-Gzip decompresses a Gzip file" time="0" asserts="0" success="False" result="Failure" executed="True">
                    <failure>
                      <message>This test should run but it did not. Most likely a setup in some parent block failed.</message>
                      <stack-trace />
                    </failure>
                  </test-case>
                  <test-case description="Gzip compression and decompression roundtrip" name="Gzip Compression Tests.Gzip Compression.Gzip compression and decompression roundtrip" time="0" asserts="0" success="False" result="Failure" executed="True">
                    <failure>
                      <message>This test should run but it did not. Most likely a setup in some parent block failed.</message>
                      <stack-trace />
                    </failure>
                  </test-case>
                </results>
              </test-suite>
            </results>
          </test-suite>
        </results>
      </test-suite>
      <test-suite type="TestFixture" name="C:\Users\bolen\Documents\PowerShell\tests\integration\conversion\data\compression\lz4.tests.ps1" executed="True" result="Failure" success="False" time="2.3944" asserts="0" description="C:\Users\bolen\Documents\PowerShell\tests\integration\conversion\data\compression\lz4.tests.ps1">
        <results>
          <test-suite type="TestFixture" name="LZ4 Compression Tests" executed="True" result="Failure" success="False" time="1.2003" asserts="0" description="LZ4 Compression Tests">
            <results>
              <test-suite type="TestFixture" name="LZ4 Compression Tests.LZ4 Compression" executed="True" result="Failure" success="False" time="0" asserts="0" description="LZ4 Compression Tests.LZ4 Compression">
                <results>
                  <test-case description="Compress-Lz4 function exists" name="LZ4 Compression Tests.LZ4 Compression.Compress-Lz4 function exists" time="0" asserts="0" success="False" result="Failure" executed="True">
                    <failure>
                      <message>This test should run but it did not. Most likely a setup in some parent block failed.</message>
                      <stack-trace />
                    </failure>
                  </test-case>
                  <test-case description="Compress-Lz4 handles missing input file gracefully" name="LZ4 Compression Tests.LZ4 Compression.Compress-Lz4 handles missing input file gracefully" time="0" asserts="0" success="False" result="Failure" executed="True">
                    <failure>
                      <message>This test should run but it did not. Most likely a setup in some parent block failed.</message>
                      <stack-trace />
                    </failure>
                  </test-case>
                  <test-case description="Expand-Lz4 function exists" name="LZ4 Compression Tests.LZ4 Compression.Expand-Lz4 function exists" time="0" asserts="0" success="False" result="Failure" executed="True">
                    <failure>
                      <message>This test should run but it did not. Most likely a setup in some parent block failed.</message>
                      <stack-trace />
                    </failure>
                  </test-case>
                  <test-case description="Expand-Lz4 handles missing input file gracefully" name="LZ4 Compression Tests.LZ4 Compression.Expand-Lz4 handles missing input file gracefully" time="0" asserts="0" success="False" result="Failure" executed="True">
                    <failure>
                      <message>This test should run but it did not. Most likely a setup in some parent block failed.</message>
                      <stack-trace />
                    </failure>
                  </test-case>
                  <test-case description="LZ4 compression functions require lz4 command" name="LZ4 Compression Tests.LZ4 Compression.LZ4 compression functions require lz4 command" time="0" asserts="0" success="False" result="Failure" executed="True">
                    <failure>
                      <message>This test should run but it did not. Most likely a setup in some parent block failed.</message>
                      <stack-trace />
                    </failure>
                  </test-case>
                  <test-case description="Compress-Lz4 accepts CompressionLevel parameter" name="LZ4 Compression Tests.LZ4 Compression.Compress-Lz4 accepts CompressionLevel parameter" time="0" asserts="0" success="False" result="Failure" executed="True">
                    <failure>
                      <message>This test should run but it did not. Most likely a setup in some parent block failed.</message>
                      <stack-trace />
                    </failure>
                  </test-case>
                  <test-case description="LZ4 aliases are created" name="LZ4 Compression Tests.LZ4 Compression.LZ4 aliases are created" time="0" asserts="0" success="False" result="Failure" executed="True">
                    <failure>
                      <message>This test should run but it did not. Most likely a setup in some parent block failed.</message>
                      <stack-trace />
                    </failure>
                  </test-case>
                </results>
              </test-suite>
            </results>
          </test-suite>
        </results>
      </test-suite>
      <test-suite type="TestFixture" name="C:\Users\bolen\Documents\PowerShell\tests\integration\conversion\data\compression\snappy.tests.ps1" executed="True" result="Failure" success="False" time="2.4224" asserts="0" description="C:\Users\bolen\Documents\PowerShell\tests\integration\conversion\data\compression\snappy.tests.ps1">
        <results>
          <test-suite type="TestFixture" name="Snappy Compression Tests" executed="True" result="Failure" success="False" time="1.2592" asserts="0" description="Snappy Compression Tests">
            <results>
              <test-suite type="TestFixture" name="Snappy Compression Tests.Snappy Compression" executed="True" result="Failure" success="False" time="0" asserts="0" description="Snappy Compression Tests.Snappy Compression">
                <results>
                  <test-case description="Compress-Snappy function exists" name="Snappy Compression Tests.Snappy Compression.Compress-Snappy function exists" time="0" asserts="0" success="False" result="Failure" executed="True">
                    <failure>
                      <message>This test should run but it did not. Most likely a setup in some parent block failed.</message>
                      <stack-trace />
                    </failure>
                  </test-case>
                  <test-case description="Compress-Snappy handles missing input file gracefully" name="Snappy Compression Tests.Snappy Compression.Compress-Snappy handles missing input file gracefully" time="0" asserts="0" success="False" result="Failure" executed="True">
                    <failure>
                      <message>This test should run but it did not. Most likely a setup in some parent block failed.</message>
                      <stack-trace />
                    </failure>
                  </test-case>
                  <test-case description="Expand-Snappy function exists" name="Snappy Compression Tests.Snappy Compression.Expand-Snappy function exists" time="0" asserts="0" success="False" result="Failure" executed="True">
                    <failure>
                      <message>This test should run but it did not. Most likely a setup in some parent block failed.</message>
                      <stack-trace />
                    </failure>
                  </test-case>
                  <test-case description="Expand-Snappy handles missing input file gracefully" name="Snappy Compression Tests.Snappy Compression.Expand-Snappy handles missing input file gracefully" time="0" asserts="0" success="False" result="Failure" executed="True">
                    <failure>
                      <message>This test should run but it did not. Most likely a setup in some parent block failed.</message>
                      <stack-trace />
                    </failure>
                  </test-case>
                  <test-case description="Snappy compression functions require snappy command or Python" name="Snappy Compression Tests.Snappy Compression.Snappy compression functions require snappy command or Python" time="0" asserts="0" success="False" result="Failure" executed="True">
                    <failure>
                      <message>This test should run but it did not. Most likely a setup in some parent block failed.</message>
                      <stack-trace />
                    </failure>
                  </test-case>
                  <test-case description="Snappy aliases are created" name="Snappy Compression Tests.Snappy Compression.Snappy aliases are created" time="0" asserts="0" success="False" result="Failure" executed="True">
                    <failure>
                      <message>This test should run but it did not. Most likely a setup in some parent block failed.</message>
                      <stack-trace />
                    </failure>
                  </test-case>
                </results>
              </test-suite>
            </results>
          </test-suite>
        </results>
      </test-suite>
      <test-suite type="TestFixture" name="C:\Users\bolen\Documents\PowerShell\tests\integration\conversion\data\compression\xz-lzma.tests.ps1" executed="True" result="Failure" success="False" time="2.3942" asserts="0" description="C:\Users\bolen\Documents\PowerShell\tests\integration\conversion\data\compression\xz-lzma.tests.ps1">
        <results>
          <test-suite type="TestFixture" name="XZ/LZMA Compression Tests" executed="True" result="Failure" success="False" time="1.2397" asserts="0" description="XZ/LZMA Compression Tests">
            <results>
              <test-suite type="TestFixture" name="XZ/LZMA Compression Tests.XZ/LZMA Compression" executed="True" result="Failure" success="False" time="0" asserts="0" description="XZ/LZMA Compression Tests.XZ/LZMA Compression">
                <results>
                  <test-case description="Compress-Xz function exists" name="XZ/LZMA Compression Tests.XZ/LZMA Compression.Compress-Xz function exists" time="0" asserts="0" success="False" result="Failure" executed="True">
                    <failure>
                      <message>This test should run but it did not. Most likely a setup in some parent block failed.</message>
                      <stack-trace />
                    </failure>
                  </test-case>
                  <test-case description="Compress-Xz handles missing input file gracefully" name="XZ/LZMA Compression Tests.XZ/LZMA Compression.Compress-Xz handles missing input file gracefully" time="0" asserts="0" success="False" result="Failure" executed="True">
                    <failure>
                      <message>This test should run but it did not. Most likely a setup in some parent block failed.</message>
                      <stack-trace />
                    </failure>
                  </test-case>
                  <test-case description="Expand-Xz function exists" name="XZ/LZMA Compression Tests.XZ/LZMA Compression.Expand-Xz function exists" time="0" asserts="0" success="False" result="Failure" executed="True">
                    <failure>
                      <message>This test should run but it did not. Most likely a setup in some parent block failed.</message>
                      <stack-trace />
                    </failure>
                  </test-case>
                  <test-case description="Expand-Xz handles missing input file gracefully" name="XZ/LZMA Compression Tests.XZ/LZMA Compression.Expand-Xz handles missing input file gracefully" time="0" asserts="0" success="False" result="Failure" executed="True">
                    <failure>
                      <message>This test should run but it did not. Most likely a setup in some parent block failed.</message>
                      <stack-trace />
                    </failure>
                  </test-case>
                  <test-case description="Compress-Lzma function exists" name="XZ/LZMA Compression Tests.XZ/LZMA Compression.Compress-Lzma function exists" time="0" asserts="0" success="False" result="Failure" executed="True">
                    <failure>
                      <message>This test should run but it did not. Most likely a setup in some parent block failed.</message>
                      <stack-trace />
                    </failure>
                  </test-case>
                  <test-case description="Expand-Lzma function exists" name="XZ/LZMA Compression Tests.XZ/LZMA Compression.Expand-Lzma function exists" time="0" asserts="0" success="False" result="Failure" executed="True">
                    <failure>
                      <message>This test should run but it did not. Most likely a setup in some parent block failed.</message>
                      <stack-trace />
                    </failure>
                  </test-case>
                  <test-case description="XZ compression functions require xz command" name="XZ/LZMA Compression Tests.XZ/LZMA Compression.XZ compression functions require xz command" time="0" asserts="0" success="False" result="Failure" executed="True">
                    <failure>
                      <message>This test should run but it did not. Most likely a setup in some parent block failed.</message>
                      <stack-trace />
                    </failure>
                  </test-case>
                  <test-case description="Compress-Xz accepts CompressionLevel parameter" name="XZ/LZMA Compression Tests.XZ/LZMA Compression.Compress-Xz accepts CompressionLevel parameter" time="0" asserts="0" success="False" result="Failure" executed="True">
                    <failure>
                      <message>This test should run but it did not. Most likely a setup in some parent block failed.</message>
                      <stack-trace />
                    </failure>
                  </test-case>
                  <test-case description="XZ aliases are created" name="XZ/LZMA Compression Tests.XZ/LZMA Compression.XZ aliases are created" time="0" asserts="0" success="False" result="Failure" executed="True">
                    <failure>
                      <message>This test should run but it did not. Most likely a setup in some parent block failed.</message>
                      <stack-trace />
                    </failure>
                  </test-case>
                  <test-case description="LZMA aliases are created" name="XZ/LZMA Compression Tests.XZ/LZMA Compression.LZMA aliases are created" time="0" asserts="0" success="False" result="Failure" executed="True">
                    <failure>
                      <message>This test should run but it did not. Most likely a setup in some parent block failed.</message>
                      <stack-trace />
                    </failure>
                  </test-case>
                </results>
              </test-suite>
            </results>
          </test-suite>
        </results>
      </test-suite>
      <test-suite type="TestFixture" name="C:\Users\bolen\Documents\PowerShell\tests\integration\conversion\data\compression\zlib.tests.ps1" executed="True" result="Failure" success="False" time="2.3951" asserts="0" description="C:\Users\bolen\Documents\PowerShell\tests\integration\conversion\data\compression\zlib.tests.ps1">
        <results>
          <test-suite type="TestFixture" name="Zlib Compression Tests" executed="True" result="Failure" success="False" time="1.2344" asserts="0" description="Zlib Compression Tests">
            <results>
              <test-suite type="TestFixture" name="Zlib Compression Tests.Zlib Compression" executed="True" result="Failure" success="False" time="0" asserts="0" description="Zlib Compression Tests.Zlib Compression">
                <results>
                  <test-case description="Compress-Zlib compresses a file" name="Zlib Compression Tests.Zlib Compression.Compress-Zlib compresses a file" time="0" asserts="0" success="False" result="Failure" executed="True">
                    <failure>
                      <message>This test should run but it did not. Most likely a setup in some parent block failed.</message>
                      <stack-trace />
                    </failure>
                  </test-case>
                  <test-case description="Expand-Zlib decompresses a Zlib file" name="Zlib Compression Tests.Zlib Compression.Expand-Zlib decompresses a Zlib file" time="0" asserts="0" success="False" result="Failure" executed="True">
                    <failure>
                      <message>This test should run but it did not. Most likely a setup in some parent block failed.</message>
                      <stack-trace />
                    </failure>
                  </test-case>
                </results>
              </test-suite>
            </results>
          </test-suite>
        </results>
      </test-suite>
      <test-suite type="TestFixture" name="C:\Users\bolen\Documents\PowerShell\tests\integration\conversion\data\compression\zstd.tests.ps1" executed="True" result="Failure" success="False" time="2.3966" asserts="0" description="C:\Users\bolen\Documents\PowerShell\tests\integration\conversion\data\compression\zstd.tests.ps1">
        <results>
          <test-suite type="TestFixture" name="Zstandard (zstd) Compression Tests" executed="True" result="Failure" success="False" time="1.2217" asserts="0" description="Zstandard (zstd) Compression Tests">
            <results>
              <test-suite type="TestFixture" name="Zstandard (zstd) Compression Tests.Zstandard (zstd) Compression" executed="True" result="Failure" success="False" time="0" asserts="0" description="Zstandard (zstd) Compression Tests.Zstandard (zstd) Compression">
                <results>
                  <test-case description="Compress-Zstd compresses a file" name="Zstandard (zstd) Compression Tests.Zstandard (zstd) Compression.Compress-Zstd compresses a file" time="0" asserts="0" success="False" result="Failure" executed="True">
                    <failure>
                      <message>This test should run but it did not. Most likely a setup in some parent block failed.</message>
                      <stack-trace />
                    </failure>
                  </test-case>
                  <test-case description="Expand-Zstd decompresses a zstd file" name="Zstandard (zstd) Compression Tests.Zstandard (zstd) Compression.Expand-Zstd decompresses a zstd file" time="0" asserts="0" success="False" result="Failure" executed="True">
                    <failure>
                      <message>This test should run but it did not. Most likely a setup in some parent block failed.</message>
                      <stack-trace />
                    </failure>
                  </test-case>
                  <test-case description="zstd compression and decompression roundtrip" name="Zstandard (zstd) Compression Tests.Zstandard (zstd) Compression.zstd compression and decompression roundtrip" time="0" asserts="0" success="False" result="Failure" executed="True">
                    <failure>
                      <message>This test should run but it did not. Most likely a setup in some parent block failed.</message>
                      <stack-trace />
                    </failure>
                  </test-case>
                  <test-case description="Compress-Zstd with custom compression level" name="Zstandard (zstd) Compression Tests.Zstandard (zstd) Compression.Compress-Zstd with custom compression level" time="0" asserts="0" success="False" result="Failure" executed="True">
                    <failure>
                      <message>This test should run but it did not. Most likely a setup in some parent block failed.</message>
                      <stack-trace />
                    </failure>
                  </test-case>
                </results>
              </test-suite>
            </results>
          </test-suite>
        </results>
      </test-suite>
      <test-suite type="TestFixture" name="C:\Users\bolen\Documents\PowerShell\tests\integration\conversion\data\csv-xml\csv-to-xml.tests.ps1" executed="True" result="Failure" success="False" time="2.6771" asserts="0" description="C:\Users\bolen\Documents\PowerShell\tests\integration\conversion\data\csv-xml\csv-to-xml.tests.ps1">
        <results>
          <test-suite type="TestFixture" name="CSV to XML Conversion Integration Tests" executed="True" result="Failure" success="False" time="1.3543" asserts="0" description="CSV to XML Conversion Integration Tests">
            <results>
              <test-suite type="TestFixture" name="CSV to XML Conversion Integration Tests.CSV conversion utilities" executed="True" result="Failure" success="False" time="0" asserts="0" description="CSV to XML Conversion Integration Tests.CSV conversion utilities">
                <results>
                  <test-case description="ConvertFrom-CsvToJson converts CSV to JSON" name="CSV to XML Conversion Integration Tests.CSV conversion utilities.ConvertFrom-CsvToJson converts CSV to JSON" time="0" asserts="0" success="False" result="Failure" executed="True">
                    <failure>
                      <message>This test should run but it did not. Most likely a setup in some parent block failed.</message>
                      <stack-trace />
                    </failure>
                  </test-case>
                  <test-case description="ConvertFrom-CsvToJson handles quoted fields" name="CSV to XML Conversion Integration Tests.CSV conversion utilities.ConvertFrom-CsvToJson handles quoted fields" time="0" asserts="0" success="False" result="Failure" executed="True">
                    <failure>
                      <message>This test should run but it did not. Most likely a setup in some parent block failed.</message>
                      <stack-trace />
                    </failure>
                  </test-case>
                  <test-case description="ConvertFrom-CsvToYaml converts CSV to YAML" name="CSV to XML Conversion Integration Tests.CSV conversion utilities.ConvertFrom-CsvToYaml converts CSV to YAML" time="0" asserts="0" success="False" result="Failure" executed="True">
                    <failure>
                      <message>This test should run but it did not. Most likely a setup in some parent block failed.</message>
                      <stack-trace />
                    </failure>
                  </test-case>
                  <test-case description="ConvertTo-CsvFromJson handles empty arrays" name="CSV to XML Conversion Integration Tests.CSV conversion utilities.ConvertTo-CsvFromJson handles empty arrays" time="0" asserts="0" success="False" result="Failure" executed="True">
                    <failure>
                      <message>This test should run but it did not. Most likely a setup in some parent block failed.</message>
                      <stack-trace />
                    </failure>
                  </test-case>
                </results>
              </test-suite>
            </results>
          </test-suite>
        </results>
      </test-suite>
      <test-suite type="TestFixture" name="C:\Users\bolen\Documents\PowerShell\tests\integration\conversion\data\csv-xml\xml-to-csv.tests.ps1" executed="True" result="Failure" success="False" time="2.4835" asserts="0" description="C:\Users\bolen\Documents\PowerShell\tests\integration\conversion\data\csv-xml\xml-to-csv.tests.ps1">
        <results>
          <test-suite type="TestFixture" name="XML to CSV Conversion Integration Tests" executed="True" result="Failure" success="False" time="1.2165" asserts="0" description="XML to CSV Conversion Integration Tests">
            <results>
              <test-suite type="TestFixture" name="XML to CSV Conversion Integration Tests.XML conversion utilities" executed="True" result="Failure" success="False" time="0" asserts="0" description="XML to CSV Conversion Integration Tests.XML conversion utilities">
                <results>
                  <test-case description="ConvertFrom-XmlToJson converts XML to JSON" name="XML to CSV Conversion Integration Tests.XML conversion utilities.ConvertFrom-XmlToJson converts XML to JSON" time="0" asserts="0" success="False" result="Failure" executed="True">
                    <failure>
                      <message>This test should run but it did not. Most likely a setup in some parent block failed.</message>
                      <stack-trace />
                    </failure>
                  </test-case>
                  <test-case description="ConvertFrom-XmlToJson handles complex XML structures" name="XML to CSV Conversion Integration Tests.XML conversion utilities.ConvertFrom-XmlToJson handles complex XML structures" time="0" asserts="0" success="False" result="Failure" executed="True">
                    <failure>
                      <message>This test should run but it did not. Most likely a setup in some parent block failed.</message>
                      <stack-trace />
                    </failure>
                  </test-case>
                  <test-case description="ConvertFrom-XmlToJson and ConvertTo-CsvFromJson roundtrip via JSON" name="XML to CSV Conversion Integration Tests.XML conversion utilities.ConvertFrom-XmlToJson and ConvertTo-CsvFromJson roundtrip via JSON" time="0" asserts="0" success="False" result="Failure" executed="True">
                    <failure>
                      <message>This test should run but it did not. Most likely a setup in some parent block failed.</message>
                      <stack-trace />
                    </failure>
                  </test-case>
                </results>
              </test-suite>
            </results>
          </test-suite>
        </results>
      </test-suite>
      <test-suite type="TestFixture" name="C:\Users\bolen\Documents\PowerShell\tests\integration\conversion\data\database\access.tests.ps1" executed="True" result="Failure" success="False" time="2.4677" asserts="0" description="C:\Users\bolen\Documents\PowerShell\tests\integration\conversion\data\database\access.tests.ps1">
        <results>
          <test-suite type="TestFixture" name="Microsoft Access Format Conversion Tests" executed="True" result="Failure" success="False" time="1.2994" asserts="0" description="Microsoft Access Format Conversion Tests">
            <results>
              <test-suite type="TestFixture" name="Microsoft Access Format Conversion Tests.Microsoft Access Format Conversions" executed="True" result="Failure" success="False" time="0" asserts="0" description="Microsoft Access Format Conversion Tests.Microsoft Access Format Conversions">
                <results>
                  <test-case description="ConvertFrom-AccessToJson function exists" name="Microsoft Access Format Conversion Tests.Microsoft Access Format Conversions.ConvertFrom-AccessToJson function exists" time="0" asserts="0" success="False" result="Failure" executed="True">
                    <failure>
                      <message>This test should run but it did not. Most likely a setup in some parent block failed.</message>
                      <stack-trace />
                    </failure>
                  </test-case>
                  <test-case description="ConvertFrom-AccessToJson handles missing input file gracefully" name="Microsoft Access Format Conversion Tests.Microsoft Access Format Conversions.ConvertFrom-AccessToJson handles missing input file gracefully" time="0" asserts="0" success="False" result="Failure" executed="True">
                    <failure>
                      <message>This test should run but it did not. Most likely a setup in some parent block failed.</message>
                      <stack-trace />
                    </failure>
                  </test-case>
                  <test-case description="ConvertFrom-AccessToCsv function exists" name="Microsoft Access Format Conversion Tests.Microsoft Access Format Conversions.ConvertFrom-AccessToCsv function exists" time="0" asserts="0" success="False" result="Failure" executed="True">
                    <failure>
                      <message>This test should run but it did not. Most likely a setup in some parent block failed.</message>
                      <stack-trace />
                    </failure>
                  </test-case>
                  <test-case description="ConvertTo-AccessFromJson function exists" name="Microsoft Access Format Conversion Tests.Microsoft Access Format Conversions.ConvertTo-AccessFromJson function exists" time="0" asserts="0" success="False" result="Failure" executed="True">
                    <failure>
[...]
                      <stack-trace />
                    </failure>
                  </test-case>
                  <test-case description="Convert-Speed converts knots to km/h" name="Speed Unit Conversion Tests.Speed Conversions.Convert-Speed converts knots to km/h" time="0" asserts="0" success="False" result="Failure" executed="True">
                    <failure>
                      <message>This test should run but it did not. Most likely a setup in some parent block failed.</message>
                      <stack-trace />
                    </failure>
                  </test-case>
                  <test-case description="Convert-Speed supports pipeline input" name="Speed Unit Conversion Tests.Speed Conversions.Convert-Speed supports pipeline input" time="0" asserts="0" success="False" result="Failure" executed="True">
                    <failure>
                      <message>This test should run but it did not. Most likely a setup in some parent block failed.</message>
                      <stack-trace />
                    </failure>
                  </test-case>
                  <test-case description="Convert-Speed roundtrip conversion" name="Speed Unit Conversion Tests.Speed Conversions.Convert-Speed roundtrip conversion" time="0" asserts="0" success="False" result="Failure" executed="True">
                    <failure>
                      <message>This test should run but it did not. Most likely a setup in some parent block failed.</message>
                      <stack-trace />
                    </failure>
                  </test-case>
                  <test-case description="Convert-Speed throws error for invalid unit" name="Speed Unit Conversion Tests.Speed Conversions.Convert-Speed throws error for invalid unit" time="0" asserts="0" success="False" result="Failure" executed="True">
                    <failure>
                      <message>This test should run but it did not. Most likely a setup in some parent block failed.</message>
                      <stack-trace />
                    </failure>
                  </test-case>
                </results>
              </test-suite>
            </results>
          </test-suite>
        </results>
      </test-suite>
      <test-suite type="TestFixture" name="C:\Users\bolen\Documents\PowerShell\tests\integration\conversion\data\units\temperature.tests.ps1" executed="True" result="Failure" success="False" time="2.5251" asserts="0" description="C:\Users\bolen\Documents\PowerShell\tests\integration\conversion\data\units\temperature.tests.ps1">
        <results>
          <test-suite type="TestFixture" name="Temperature Unit Conversion Tests" executed="True" result="Failure" success="False" time="1.2618" asserts="0" description="Temperature Unit Conversion Tests">
            <results>
              <test-suite type="TestFixture" name="Temperature Unit Conversion Tests.Temperature Conversions" executed="True" result="Failure" success="False" time="0" asserts="0" description="Temperature Unit Conversion Tests.Temperature Conversions">
                <results>
                  <test-case description="Convert-Temperature function exists" name="Temperature Unit Conversion Tests.Temperature Conversions.Convert-Temperature function exists" time="0" asserts="0" success="False" result="Failure" executed="True">
                    <failure>
                      <message>This test should run but it did not. Most likely a setup in some parent block failed.</message>
                      <stack-trace />
                    </failure>
                  </test-case>
                  <test-case description="Convert-Temperature converts Celsius to Fahrenheit" name="Temperature Unit Conversion Tests.Temperature Conversions.Convert-Temperature converts Celsius to Fahrenheit" time="0" asserts="0" success="False" result="Failure" executed="True">
                    <failure>
                      <message>This test should run but it did not. Most likely a setup in some parent block failed.</message>
                      <stack-trace />
                    </failure>
                  </test-case>
                  <test-case description="Convert-Temperature converts Fahrenheit to Celsius" name="Temperature Unit Conversion Tests.Temperature Conversions.Convert-Temperature converts Fahrenheit to Celsius" time="0" asserts="0" success="False" result="Failure" executed="True">
                    <failure>
                      <message>This test should run but it did not. Most likely a setup in some parent block failed.</message>
                      <stack-trace />
                    </failure>
                  </test-case>
                  <test-case description="Convert-Temperature converts Celsius to Kelvin" name="Temperature Unit Conversion Tests.Temperature Conversions.Convert-Temperature converts Celsius to Kelvin" time="0" asserts="0" success="False" result="Failure" executed="True">
                    <failure>
                      <message>This test should run but it did not. Most likely a setup in some parent block failed.</message>
                      <stack-trace />
                    </failure>
                  </test-case>
                  <test-case description="Convert-Temperature converts Kelvin to Celsius" name="Temperature Unit Conversion Tests.Temperature Conversions.Convert-Temperature converts Kelvin to Celsius" time="0" asserts="0" success="False" result="Failure" executed="True">
                    <failure>
                      <message>This test should run but it did not. Most likely a setup in some parent block failed.</message>
                      <stack-trace />
                    </failure>
                  </test-case>
                  <test-case description="Convert-Temperature converts Fahrenheit to Kelvin" name="Temperature Unit Conversion Tests.Temperature Conversions.Convert-Temperature converts Fahrenheit to Kelvin" time="0" asserts="0" success="False" result="Failure" executed="True">
                    <failure>
                      <message>This test should run but it did not. Most likely a setup in some parent block failed.</message>
                      <stack-trace />
                    </failure>
                  </test-case>
                  <test-case description="Convert-Temperature supports pipeline input" name="Temperature Unit Conversion Tests.Temperature Conversions.Convert-Temperature supports pipeline input" time="0" asserts="0" success="False" result="Failure" executed="True">
                    <failure>
                      <message>This test should run but it did not. Most likely a setup in some parent block failed.</message>
                      <stack-trace />
                    </failure>
                  </test-case>
                  <test-case description="Convert-Temperature roundtrip conversion" name="Temperature Unit Conversion Tests.Temperature Conversions.Convert-Temperature roundtrip conversion" time="0" asserts="0" success="False" result="Failure" executed="True">
                    <failure>
                      <message>This test should run but it did not. Most likely a setup in some parent block failed.</message>
                      <stack-trace />
                    </failure>
                  </test-case>
                  <test-case description="Convert-Temperature throws error for invalid unit" name="Temperature Unit Conversion Tests.Temperature Conversions.Convert-Temperature throws error for invalid unit" time="0" asserts="0" success="False" result="Failure" executed="True">
                    <failure>
                      <message>This test should run but it did not. Most likely a setup in some parent block failed.</message>
                      <stack-trace />
                    </failure>
                  </test-case>
                </results>
              </test-suite>
            </results>
          </test-suite>
        </results>
      </test-suite>
      <test-suite type="TestFixture" name="C:\Users\bolen\Documents\PowerShell\tests\integration\conversion\data\units\units-edge-cases.tests.ps1" executed="True" result="Failure" success="False" time="2.5629" asserts="0" description="C:\Users\bolen\Documents\PowerShell\tests\integration\conversion\data\units\units-edge-cases.tests.ps1">
        <results>
          <test-suite type="TestFixture" name="Unit Conversion Edge Cases and Error Handling Tests" executed="True" result="Failure" success="False" time="1.443" asserts="0" description="Unit Conversion Edge Cases and Error Handling Tests">
            <results>
              <test-suite type="TestFixture" name="Unit Conversion Edge Cases and Error Handling Tests.Edge Cases and Error Handling" executed="True" result="Failure" success="False" time="0" asserts="0" description="Unit Conversion Edge Cases and Error Handling Tests.Edge Cases and Error Handling">
                <results>
                  <test-case description="All unit conversion functions handle zero values" name="Unit Conversion Edge Cases and Error Handling Tests.Edge Cases and Error Handling.All unit conversion functions handle zero values" time="0" asserts="0" success="False" result="Failure" executed="True">
                    <failure>
                      <message>This test should run but it did not. Most likely a setup in some parent block failed.</message>
                      <stack-trace />
                    </failure>
                  </test-case>
                  <test-case description="All unit conversion functions handle negative values" name="Unit Conversion Edge Cases and Error Handling Tests.Edge Cases and Error Handling.All unit conversion functions handle negative values" time="0" asserts="0" success="False" result="Failure" executed="True">
                    <failure>
                      <message>This test should run but it did not. Most likely a setup in some parent block failed.</message>
                      <stack-trace />
                    </failure>
                  </test-case>
                  <test-case description="All unit conversion functions handle very large values" name="Unit Conversion Edge Cases and Error Handling Tests.Edge Cases and Error Handling.All unit conversion functions handle very large values" time="0" asserts="0" success="False" result="Failure" executed="True">
                    <failure>
                      <message>This test should run but it did not. Most likely a setup in some parent block failed.</message>
                      <stack-trace />
                    </failure>
                  </test-case>
                </results>
              </test-suite>
            </results>
          </test-suite>
        </results>
      </test-suite>
      <test-suite type="TestFixture" name="C:\Users\bolen\Documents\PowerShell\tests\integration\conversion\data\units\volume.tests.ps1" executed="True" result="Failure" success="False" time="2.519" asserts="0" description="C:\Users\bolen\Documents\PowerShell\tests\integration\conversion\data\units\volume.tests.ps1">
        <results>
          <test-suite type="TestFixture" name="Volume Unit Conversion Tests" executed="True" result="Failure" success="False" time="1.3811" asserts="0" description="Volume Unit Conversion Tests">
            <results>
              <test-suite type="TestFixture" name="Volume Unit Conversion Tests.Volume Conversions" executed="True" result="Failure" success="False" time="0" asserts="0" description="Volume Unit Conversion Tests.Volume Conversions">
                <results>
                  <test-case description="Convert-Volume function exists" name="Volume Unit Conversion Tests.Volume Conversions.Convert-Volume function exists" time="0" asserts="0" success="False" result="Failure" executed="True">
                    <failure>
                      <message>This test should run but it did not. Most likely a setup in some parent block failed.</message>
                      <stack-trace />
                    </failure>
                  </test-case>
                  <test-case description="Convert-Volume converts liters to gallons" name="Volume Unit Conversion Tests.Volume Conversions.Convert-Volume converts liters to gallons" time="0" asserts="0" success="False" result="Failure" executed="True">
                    <failure>
                      <message>This test should run but it did not. Most likely a setup in some parent block failed.</message>
                      <stack-trace />
                    </failure>
                  </test-case>
                  <test-case description="Convert-Volume converts gallons to liters" name="Volume Unit Conversion Tests.Volume Conversions.Convert-Volume converts gallons to liters" time="0" asserts="0" success="False" result="Failure" executed="True">
                    <failure>
                      <message>This test should run but it did not. Most likely a setup in some parent block failed.</message>
                      <stack-trace />
                    </failure>
                  </test-case>
                  <test-case description="Convert-Volume converts milliliters to fluid ounces" name="Volume Unit Conversion Tests.Volume Conversions.Convert-Volume converts milliliters to fluid ounces" time="0" asserts="0" success="False" result="Failure" executed="True">
                    <failure>
                      <message>This test should run but it did not. Most likely a setup in some parent block failed.</message>
                      <stack-trace />
                    </failure>
                  </test-case>
                  <test-case description="Convert-Volume supports pipeline input" name="Volume Unit Conversion Tests.Volume Conversions.Convert-Volume supports pipeline input" time="0" asserts="0" success="False" result="Failure" executed="True">
                    <failure>
                      <message>This test should run but it did not. Most likely a setup in some parent block failed.</message>
                      <stack-trace />
                    </failure>
                  </test-case>
                  <test-case description="Convert-Volume roundtrip conversion" name="Volume Unit Conversion Tests.Volume Conversions.Convert-Volume roundtrip conversion" time="0" asserts="0" success="False" result="Failure" executed="True">
                    <failure>
                      <message>This test should run but it did not. Most likely a setup in some parent block failed.</message>
                      <stack-trace />
                    </failure>
                  </test-case>
                  <test-case description="Convert-Volume throws error for invalid unit" name="Volume Unit Conversion Tests.Volume Conversions.Convert-Volume throws error for invalid unit" time="0" asserts="0" success="False" result="Failure" executed="True">
                    <failure>
                      <message>This test should run but it did not. Most likely a setup in some parent block failed.</message>
                      <stack-trace />
                    </failure>
                  </test-case>
                </results>
              </test-suite>
            </results>
          </test-suite>
        </results>
      </test-suite>
      <test-suite type="TestFixture" name="C:\Users\bolen\Documents\PowerShell\tests\integration\conversion\data\units\weight.tests.ps1" executed="True" result="Failure" success="False" time="2.5861" asserts="0" description="C:\Users\bolen\Documents\PowerShell\tests\integration\conversion\data\units\weight.tests.ps1">
        <results>
          <test-suite type="TestFixture" name="Weight/Mass Unit Conversion Tests" executed="True" result="Failure" success="False" time="1.2989" asserts="0" description="Weight/Mass Unit Conversion Tests">
            <results>
              <test-suite type="TestFixture" name="Weight/Mass Unit Conversion Tests.Weight/Mass Conversions" executed="True" result="Failure" success="False" time="0" asserts="0" description="Weight/Mass Unit Conversion Tests.Weight/Mass Conversions">
                <results>
                  <test-case description="Convert-Weight function exists" name="Weight/Mass Unit Conversion Tests.Weight/Mass Conversions.Convert-Weight function exists" time="0" asserts="0" success="False" result="Failure" executed="True">
                    <failure>
                      <message>This test should run but it did not. Most likely a setup in some parent block failed.</message>
                      <stack-trace />
                    </failure>
                  </test-case>
                  <test-case description="Convert-Weight converts kilograms to pounds" name="Weight/Mass Unit Conversion Tests.Weight/Mass Conversions.Convert-Weight converts kilograms to pounds" time="0" asserts="0" success="False" result="Failure" executed="True">
                    <failure>
                      <message>This test should run but it did not. Most likely a setup in some parent block failed.</message>
                      <stack-trace />
                    </failure>
                  </test-case>
                  <test-case description="Convert-Weight converts pounds to kilograms" name="Weight/Mass Unit Conversion Tests.Weight/Mass Conversions.Convert-Weight converts pounds to kilograms" time="0" asserts="0" success="False" result="Failure" executed="True">
                    <failure>
                      <message>This test should run but it did not. Most likely a setup in some parent block failed.</message>
                      <stack-trace />
                    </failure>
                  </test-case>
                  <test-case description="Convert-Weight converts grams to ounces" name="Weight/Mass Unit Conversion Tests.Weight/Mass Conversions.Convert-Weight converts grams to ounces" time="0" asserts="0" success="False" result="Failure" executed="True">
                    <failure>
                      <message>This test should run but it did not. Most likely a setup in some parent block failed.</message>
                      <stack-trace />
                    </failure>
                  </test-case>
                  <test-case description="Convert-Weight supports pipeline input" name="Weight/Mass Unit Conversion Tests.Weight/Mass Conversions.Convert-Weight supports pipeline input" time="0" asserts="0" success="False" result="Failure" executed="True">
                    <failure>
                      <message>This test should run but it did not. Most likely a setup in some parent block failed.</message>
                      <stack-trace />
                    </failure>
                  </test-case>
                  <test-case description="Convert-Weight roundtrip conversion" name="Weight/Mass Unit Conversion Tests.Weight/Mass Conversions.Convert-Weight roundtrip conversion" time="0" asserts="0" success="False" result="Failure" executed="True">
                    <failure>
                      <message>This test should run but it did not. Most likely a setup in some parent block failed.</message>
                      <stack-trace />
                    </failure>
                  </test-case>
                  <test-case description="Convert-Weight throws error for invalid unit" name="Weight/Mass Unit Conversion Tests.Weight/Mass Conversions.Convert-Weight throws error for invalid unit" time="0" asserts="0" success="False" result="Failure" executed="True">
                    <failure>
                      <message>This test should run but it did not. Most likely a setup in some parent block failed.</message>
                      <stack-trace />
                    </failure>
                  </test-case>
                </results>
              </test-suite>
            </results>
          </test-suite>
        </results>
      </test-suite>
    </results>
  </test-suite>
</test-results>