<?xml version="1.0" encoding="utf-8" standalone="no"?>
<test-results xmlns:xsi="http://www.w3.org/2001/XMLSchema-instance" xsi:noNamespaceSchemaLocation="nunit_schema_2.5.xsd" name="Pester" total="202" errors="0" failures="202" not-run="0" inconclusive="0" ignored="0" skipped="0" invalid="0" date="2025-12-01" time="10:02:27">
  <environment nunit-version="2.5.8.0" os-version="10.0.28000" user-domain="BAMBOO" user="bolen" platform="Microsoft Windows 11 Pro|C:\WINDOWS|\Device\Harddisk4\Partition4" cwd="C:\Users\bolen\Documents\PowerShell" clr-version="10.0.0" machine-name="BAMBOO" />
  <culture-info current-culture="en-US" current-uiculture="en-US" />
  <test-suite type="TestFixture" name="Pester" executed="True" result="Failure" success="False" time="85.9007" asserts="0" description="Pester">
    <results>
      <test-suite type="TestFixture" name="C:\Users\bolen\Documents\PowerShell\tests\integration\conversion\media\audio\aac.tests.ps1" executed="True" result="Failure" success="False" time="31.754" asserts="0" description="C:\Users\bolen\Documents\PowerShell\tests\integration\conversion\media\audio\aac.tests.ps1">
        <results>
          <test-suite type="TestFixture" name="AAC Audio Format Conversion Tests" executed="True" result="Failure" success="False" time="29.9934" asserts="0" description="AAC Audio Format Conversion Tests">
            <results>
              <test-suite type="TestFixture" name="AAC Audio Format Conversion Tests.Audio conversion utilities - AAC format" executed="True" result="Failure" success="False" time="0" asserts="0" description="AAC Audio Format Conversion Tests.Audio conversion utilities - AAC format">
                <results>
                  <test-case description="ConvertFrom-AacToWav function exists" name="AAC Audio Format Conversion Tests.Audio conversion utilities - AAC format.ConvertFrom-AacToWav function exists" time="0" asserts="0" success="False" result="Failure" executed="True">
                    <failure>
                      <message>This test should run but it did not. Most likely a setup in some parent block failed.</message>
                      <stack-trace />
                    </failure>
                  </test-case>
                  <test-case description="ConvertFrom-AacToMp3 function exists" name="AAC Audio Format Conversion Tests.Audio conversion utilities - AAC format.ConvertFrom-AacToMp3 function exists" time="0" asserts="0" success="False" result="Failure" executed="True">
                    <failure>
                      <message>This test should run but it did not. Most likely a setup in some parent block failed.</message>
                      <stack-trace />
                    </failure>
                  </test-case>
                  <test-case description="ConvertFrom-AacToFlac function exists" name="AAC Audio Format Conversion Tests.Audio conversion utilities - AAC format.ConvertFrom-AacToFlac function exists" time="0" asserts="0" success="False" result="Failure" executed="True">
                    <failure>
                      <message>This test should run but it did not. Most likely a setup in some parent block failed.</message>
                      <stack-trace />
                    </failure>
                  </test-case>
                  <test-case description="ConvertFrom-AacToOgg function exists" name="AAC Audio Format Conversion Tests.Audio conversion utilities - AAC format.ConvertFrom-AacToOgg function exists" time="0" asserts="0" success="False" result="Failure" executed="True">
                    <failure>
                      <message>This test should run but it did not. Most likely a setup in some parent block failed.</message>
                      <stack-trace />
                    </failure>
                  </test-case>
                  <test-case description="ConvertFrom-AacToOpus function exists" name="AAC Audio Format Conversion Tests.Audio conversion utilities - AAC format.ConvertFrom-AacToOpus function exists" time="0" asserts="0" success="False" result="Failure" executed="True">
                    <failure>
                      <message>This test should run but it did not. Most likely a setup in some parent block failed.</message>
                      <stack-trace />
                    </failure>
                  </test-case>
                  <test-case description="ConvertFrom-AacToWav handles missing input file gracefully" name="AAC Audio Format Conversion Tests.Audio conversion utilities - AAC format.ConvertFrom-AacToWav handles missing input file gracefully" time="0" asserts="0" success="False" result="Failure" executed="True">
                    <failure>
                      <message>This test should run but it did not. Most likely a setup in some parent block failed.</message>
                      <stack-trace />
                    </failure>
                  </test-case>
                </results>
              </test-suite>
            </results>
          </test-suite>
        </results>
      </test-suite>
      <test-suite type="TestFixture" name="C:\Users\bolen\Documents\PowerShell\tests\integration\conversion\media\audio\flac.tests.ps1" executed="True" result="Failure" success="False" time="2.7888" asserts="0" description="C:\Users\bolen\Documents\PowerShell\tests\integration\conversion\media\audio\flac.tests.ps1">
        <results>
          <test-suite type="TestFixture" name="FLAC Audio Format Conversion Tests" executed="True" result="Failure" success="False" time="1.518" asserts="0" description="FLAC Audio Format Conversion Tests">
            <results>
              <test-suite type="TestFixture" name="FLAC Audio Format Conversion Tests.Audio conversion utilities - FLAC format" executed="True" result="Failure" success="False" time="0" asserts="0" description="FLAC Audio Format Conversion Tests.Audio conversion utilities - FLAC format">
                <results>
                  <test-case description="ConvertFrom-FlacToWav function exists" name="FLAC Audio Format Conversion Tests.Audio conversion utilities - FLAC format.ConvertFrom-FlacToWav function exists" time="0" asserts="0" success="False" result="Failure" executed="True">
                    <failure>
                      <message>This test should run but it did not. Most likely a setup in some parent block failed.</message>
                      <stack-trace />
                    </failure>
                  </test-case>
                  <test-case description="ConvertFrom-FlacToMp3 function exists" name="FLAC Audio Format Conversion Tests.Audio conversion utilities - FLAC format.ConvertFrom-FlacToMp3 function exists" time="0" asserts="0" success="False" result="Failure" executed="True">
                    <failure>
                      <message>This test should run but it did not. Most likely a setup in some parent block failed.</message>
                      <stack-trace />
                    </failure>
                  </test-case>
                  <test-case description="ConvertFrom-FlacToOgg function exists" name="FLAC Audio Format Conversion Tests.Audio conversion utilities - FLAC format.ConvertFrom-FlacToOgg function exists" time="0" asserts="0" success="False" result="Failure" executed="True">
                    <failure>
                      <message>This test should run but it did not. Most likely a setup in some parent block failed.</message>
                      <stack-trace />
                    </failure>
                  </test-case>
                  <test-case description="ConvertFrom-FlacToAac function exists" name="FLAC Audio Format Conversion Tests.Audio conversion utilities - FLAC format.ConvertFrom-FlacToAac function exists" time="0" asserts="0" success="False" result="Failure" executed="True">
                    <failure>
                      <message>This test should run but it did not. Most likely a setup in some parent block failed.</message>
                      <stack-trace />
                    </failure>
                  </test-case>
                  <test-case description="ConvertFrom-FlacToOpus function exists" name="FLAC Audio Format Conversion Tests.Audio conversion utilities - FLAC format.ConvertFrom-FlacToOpus function exists" time="0" asserts="0" success="False" result="Failure" executed="True">
                    <failure>
                      <message>This test should run but it did not. Most likely a setup in some parent block failed.</message>
                      <stack-trace />
                    </failure>
                  </test-case>
                  <test-case description="ConvertFrom-FlacToWav handles missing input file gracefully" name="FLAC Audio Format Conversion Tests.Audio conversion utilities - FLAC format.ConvertFrom-FlacToWav handles missing input file gracefully" time="0" asserts="0" success="False" result="Failure" executed="True">
                    <failure>
                      <message>This test should run but it did not. Most likely a setup in some parent block failed.</message>
                      <stack-trace />
                    </failure>
                  </test-case>
                  <test-case description="ConvertFrom-FlacToWav uses default output path when not specified" name="FLAC Audio Format Conversion Tests.Audio conversion utilities - FLAC format.ConvertFrom-FlacToWav uses default output path when not specified" time="0" asserts="0" success="False" result="Failure" executed="True">
                    <failure>
                      <message>This test should run but it did not. Most likely a setup in some parent block failed.</message>
                      <stack-trace />
                    </failure>
                  </test-case>
                </results>
              </test-suite>
            </results>
          </test-suite>
        </results>
      </test-suite>
      <test-suite type="TestFixture" name="C:\Users\bolen\Documents\PowerShell\tests\integration\conversion\media\audio\ogg.tests.ps1" executed="True" result="Failure" success="False" time="2.5986" asserts="0" description="C:\Users\bolen\Documents\PowerShell\tests\integration\conversion\media\audio\ogg.tests.ps1">
        <results>
          <test-suite type="TestFixture" name="OGG Vorbis Audio Format Conversion Tests" executed="True" result="Failure" success="False" time="1.4133" asserts="0" description="OGG Vorbis Audio Format Conversion Tests">
            <results>
              <test-suite type="TestFixture" name="OGG Vorbis Audio Format Conversion Tests.Audio conversion utilities - OGG Vorbis format" executed="True" result="Failure" success="False" time="0" asserts="0" description="OGG Vorbis Audio Format Conversion Tests.Audio conversion utilities - OGG Vorbis format">
                <results>
                  <test-case description="ConvertFrom-OggToWav function exists" name="OGG Vorbis Audio Format Conversion Tests.Audio conversion utilities - OGG Vorbis format.ConvertFrom-OggToWav function exists" time="0" asserts="0" success="False" result="Failure" executed="True">
                    <failure>
                      <message>This test should run but it did not. Most likely a setup in some parent block failed.</message>
                      <stack-trace />
                    </failure>
                  </test-case>
                  <test-case description="ConvertFrom-OggToMp3 function exists" name="OGG Vorbis Audio Format Conversion Tests.Audio conversion utilities - OGG Vorbis format.ConvertFrom-OggToMp3 function exists" time="0" asserts="0" success="False" result="Failure" executed="True">
                    <failure>
                      <message>This test should run but it did not. Most likely a setup in some parent block failed.</message>
                      <stack-trace />
                    </failure>
                  </test-case>
                  <test-case description="ConvertFrom-OggToFlac function exists" name="OGG Vorbis Audio Format Conversion Tests.Audio conversion utilities - OGG Vorbis format.ConvertFrom-OggToFlac function exists" time="0" asserts="0" success="False" result="Failure" executed="True">
                    <failure>
                      <message>This test should run but it did not. Most likely a setup in some parent block failed.</message>
                      <stack-trace />
                    </failure>
                  </test-case>
                  <test-case description="ConvertFrom-OggToAac function exists" name="OGG Vorbis Audio Format Conversion Tests.Audio conversion utilities - OGG Vorbis format.ConvertFrom-OggToAac function exists" time="0" asserts="0" success="False" result="Failure" executed="True">
                    <failure>
                      <message>This test should run but it did not. Most likely a setup in some parent block failed.</message>
                      <stack-trace />
                    </failure>
                  </test-case>
                  <test-case description="ConvertFrom-OggToOpus function exists" name="OGG Vorbis Audio Format Conversion Tests.Audio conversion utilities - OGG Vorbis format.ConvertFrom-OggToOpus function exists" time="0" asserts="0" success="False" result="Failure" executed="True">
                    <failure>
                      <message>This test should run but it did not. Most likely a setup in some parent block failed.</message>
                      <stack-trace />
                    </failure>
                  </test-case>
                  <test-case description="ConvertFrom-OggToWav handles missing input file gracefully" name="OGG Vorbis Audio Format Conversion Tests.Audio conversion utilities - OGG Vorbis format.ConvertFrom-OggToWav handles missing input file gracefully" time="0" asserts="0" success="False" result="Failure" executed="True">
                    <failure>
                      <message>This test should run but it did not. Most likely a setup in some parent block failed.</message>
                      <stack-trace />
                    </failure>
                  </test-case>
                </results>
              </test-suite>
            </results>
          </test-suite>
        </results>
      </test-suite>
      <test-suite type="TestFixture" name="C:\Users\bolen\Documents\PowerShell\tests\integration\conversion\media\audio\opus.tests.ps1" executed="True" result="Failure" success="False" time="2.6635" asserts="0" description="C:\Users\bolen\Documents\PowerShell\tests\integration\conversion\media\audio\opus.tests.ps1">
        <results>
          <test-suite type="TestFixture" name="Opus Audio Format Conversion Tests" executed="True" result="Failure" success="False" time="1.2144" asserts="0" description="Opus Audio Format Conversion Tests">
            <results>
              <test-suite type="TestFixture" name="Opus Audio Format Conversion Tests.Audio conversion utilities - Opus format" executed="True" result="Failure" success="False" time="0" asserts="0" description="Opus Audio Format Conversion Tests.Audio conversion utilities - Opus format">
                <results>
                  <test-case description="ConvertFrom-OpusToWav function exists" name="Opus Audio Format Conversion Tests.Audio conversion utilities - Opus format.ConvertFrom-OpusToWav function exists" time="0" asserts="0" success="False" result="Failure" executed="True">
                    <failure>
                      <message>This test should run but it did not. Most likely a setup in some parent block failed.</message>
                      <stack-trace />
                    </failure>
                  </test-case>
                  <test-case description="ConvertFrom-OpusToMp3 function exists" name="Opus Audio Format Conversion Tests.Audio conversion utilities - Opus format.ConvertFrom-OpusToMp3 function exists" time="0" asserts="0" success="False" result="Failure" executed="True">
                    <failure>
                      <message>This test should run but it did not. Most likely a setup in some parent block failed.</message>
                      <stack-trace />
                    </failure>
                  </test-case>
                  <test-case description="ConvertFrom-OpusToFlac function exists" name="Opus Audio Format Conversion Tests.Audio conversion utilities - Opus format.ConvertFrom-OpusToFlac function exists" time="0" asserts="0" success="False" result="Failure" executed="True">
                    <failure>
                      <message>This test should run but it did not. Most likely a setup in some parent block failed.</message>
                      <stack-trace />
                    </failure>
                  </test-case>
                  <test-case description="ConvertFrom-OpusToOgg function exists" name="Opus Audio Format Conversion Tests.Audio conversion utilities - Opus format.ConvertFrom-OpusToOgg function exists" time="0" asserts="0" success="False" result="Failure" executed="True">
                    <failure>
                      <message>This test should run but it did not. Most likely a setup in some parent block failed.</message>
                      <stack-trace />
                    </failure>
                  </test-case>
                  <test-case description="ConvertFrom-OpusToAac function exists" name="Opus Audio Format Conversion Tests.Audio conversion utilities - Opus format.ConvertFrom-OpusToAac function exists" time="0" asserts="0" success="False" result="Failure" executed="True">
                    <failure>
                      <message>This test should run but it did not. Most likely a setup in some parent block failed.</message>
                      <stack-trace />
                    </failure>
                  </test-case>
                  <test-case description="ConvertFrom-OpusToWav handles missing input file gracefully" name="Opus Audio Format Conversion Tests.Audio conversion utilities - Opus format.ConvertFrom-OpusToWav handles missing input file gracefully" time="0" asserts="0" success="False" result="Failure" executed="True">
                    <failure>
                      <message>This test should run but it did not. Most likely a setup in some parent block failed.</message>
                      <stack-trace />
                    </failure>
                  </test-case>
                </results>
              </test-suite>
            </results>
          </test-suite>
        </results>
      </test-suite>
      <test-suite type="TestFixture" name="C:\Users\bolen\Documents\PowerShell\tests\integration\conversion\media\audio\wav.tests.ps1" executed="True" result="Failure" success="False" time="2.6183" asserts="0" description="C:\Users\bolen\Documents\PowerShell\tests\integration\conversion\media\audio\wav.tests.ps1">
        <results>
          <test-suite type="TestFixture" name="WAV Audio Format Conversion Tests" executed="True" result="Failure" success="False" time="1.274" asserts="0" description="WAV Audio Format Conversion Tests">
            <results>
              <test-suite type="TestFixture" name="WAV Audio Format Conversion Tests.Audio conversion utilities - WAV format" executed="True" result="Failure" success="False" time="0" asserts="0" description="WAV Audio Format Conversion Tests.Audio conversion utilities - WAV format">
                <results>
                  <test-case description="ConvertFrom-WavToMp3 function exists" name="WAV Audio Format Conversion Tests.Audio conversion utilities - WAV format.ConvertFrom-WavToMp3 function exists" time="0" asserts="0" success="False" result="Failure" executed="True">
                    <failure>
                      <message>This test should run but it did not. Most likely a setup in some parent block failed.</message>
                      <stack-trace />
                    </failure>
                  </test-case>
                  <test-case description="ConvertFrom-WavToFlac function exists" name="WAV Audio Format Conversion Tests.Audio conversion utilities - WAV format.ConvertFrom-WavToFlac function exists" time="0" asserts="0" success="False" result="Failure" executed="True">
                    <failure>
                      <message>This test should run but it did not. Most likely a setup in some parent block failed.</message>
                      <stack-trace />
                    </failure>
                  </test-case>
                  <test-case description="ConvertFrom-WavToOgg function exists" name="WAV Audio Format Conversion Tests.Audio conversion utilities - WAV format.ConvertFrom-WavToOgg function exists" time="0" asserts="0" success="False" result="Failure" executed="True">
                    <failure>
                      <message>This test should run but it did not. Most likely a setup in some parent block failed.</message>
                      <stack-trace />
                    </failure>
                  </test-case>
                  <test-case description="ConvertFrom-WavToAac function exists" name="WAV Audio Format Conversion Tests.Audio conversion utilities - WAV format.ConvertFrom-WavToAac function exists" time="0" asserts="0" success="False" result="Failure" executed="True">
                    <failure>
                      <message>This test should run but it did not. Most likely a setup in some parent block failed.</message>
                      <stack-trace />
                    </failure>
                  </test-case>
                  <test-case description="ConvertFrom-WavToOpus function exists" name="WAV Audio Format Conversion Tests.Audio conversion utilities - WAV format.ConvertFrom-WavToOpus function exists" time="0" asserts="0" success="False" result="Failure" executed="True">
                    <failure>
                      <message>This test should run but it did not. Most likely a setup in some parent block failed.</message>
                      <stack-trace />
                    </failure>
                  </test-case>
                  <test-case description="ConvertFrom-WavToMp3 accepts bitrate parameter" name="WAV Audio Format Conversion Tests.Audio conversion utilities - WAV format.ConvertFrom-WavToMp3 accepts bitrate parameter" time="0" asserts="0" success="False" result="Failure" executed="True">
                    <failure>
                      <message>This test should run but it did not. Most likely a setup in some parent block failed.</message>
                      <stack-trace />
                    </failure>
                  </test-case>
                  <test-case description="ConvertFrom-WavToOgg accepts quality parameter" name="WAV Audio Format Conversion Tests.Audio conversion utilities - WAV format.ConvertFrom-WavToOgg accepts quality parameter" time="0" asserts="0" success="False" result="Failure" executed="True">
                    <failure>
                      <message>This test should run but it did not. Most likely a setup in some parent block failed.</message>
                      <stack-trace />
                    </failure>
                  </test-case>
                </results>
              </test-suite>
            </results>
          </test-suite>
        </results>
      </test-suite>
      <test-suite type="TestFixture" name="C:\Users\bolen\Documents\PowerShell\tests\integration\conversion\media\colors\cmyk-hwb-ncol.tests.ps1" executed="True" result="Failure" success="False" time="2.5266" asserts="0" description="C:\Users\bolen\Documents\PowerShell\tests\integration\conversion\media\colors\cmyk-hwb-ncol.tests.ps1">
        <results>
          <test-suite type="TestFixture" name="CMYK, HWB, and NCOL Color Format Conversion Tests" executed="True" result="Failure" success="False" time="1.2448" asserts="0" description="CMYK, HWB, and NCOL Color Format Conversion Tests">
            <results>
              <test-suite type="TestFixture" name="CMYK, HWB, and NCOL Color Format Conversion Tests.HWB Conversions" executed="True" result="Failure" success="False" time="0" asserts="0" description="CMYK, HWB, and NCOL Color Format Conversion Tests.HWB Conversions">
                <results>
                  <test-case description="Converts RGB to HWB" name="CMYK, HWB, and NCOL Color Format Conversion Tests.HWB Conversions.Converts RGB to HWB" time="0" asserts="0" success="False" result="Failure" executed="True">
                    <failure>
                      <message>This test should run but it did not. Most likely a setup in some parent block failed.</message>
                      <stack-trace />
                    </failure>
                  </test-case>
                  <test-case description="Converts HEX to HWB" name="CMYK, HWB, and NCOL Color Format Conversion Tests.HWB Conversions.Converts HEX to HWB" time="0" asserts="0" success="False" result="Failure" executed="True">
                    <failure>
                      <message>This test should run but it did not. Most likely a setup in some parent block failed.</message>
                      <stack-trace />
                    </failure>
                  </test-case>
                  <test-case description="Converts HSL to HWB" name="CMYK, HWB, and NCOL Color Format Conversion Tests.HWB Conversions.Converts HSL to HWB" time="0" asserts="0" success="False" result="Failure" executed="True">
                    <failure>
                      <message>This test should run but it did not. Most likely a setup in some parent block failed.</message>
                      <stack-trace />
                    </failure>
                  </test-case>
                </results>
              </test-suite>
              <test-suite type="TestFixture" name="CMYK, HWB, and NCOL Color Format Conversion Tests.HWBA Conversions" executed="True" result="Failure" success="False" time="0" asserts="0" description="CMYK, HWB, and NCOL Color Format Conversion Tests.HWBA Conversions">
                <results>
                  <test-case description="Converts RGBA to HWBA" name="CMYK, HWB, and NCOL Color Format Conversion Tests.HWBA Conversions.Converts RGBA to HWBA" time="0" asserts="0" success="False" result="Failure" executed="True">
                    <failure>
                      <message>This test should run but it did not. Most likely a setup in some parent block failed.</message>
                      <stack-trace />
                    </failure>
                  </test-case>
                </results>
              </test-suite>
              <test-suite type="TestFixture" name="CMYK, HWB, and NCOL Color Format Conversion Tests.CMYK Conversions" executed="True" result="Failure" success="False" time="0" asserts="0" description="CMYK, HWB, and NCOL Color Format Conversion Tests.CMYK Conversions">
                <results>
                  <test-case description="Converts RGB to CMYK" name="CMYK, HWB, and NCOL Color Format Conversion Tests.CMYK Conversions.Converts RGB to CMYK" time="0" asserts="0" success="False" result="Failure" executed="True">
                    <failure>
                      <message>This test should run but it did not. Most likely a setup in some parent block failed.</message>
                      <stack-trace />
                    </failure>
                  </test-case>
                  <test-case description="Converts HEX to CMYK" name="CMYK, HWB, and NCOL Color Format Conversion Tests.CMYK Conversions.Converts HEX to CMYK" time="0" asserts="0" success="False" result="Failure" executed="True">
                    <failure>
                      <message>This test should run but it did not. Most likely a setup in some parent block failed.</message>
                      <stack-trace />
                    </failure>
                  </test-case>
                  <test-case description="Converts white RGB to CMYK" name="CMYK, HWB, and NCOL Color Format Conversion Tests.CMYK Conversions.Converts white RGB to CMYK" time="0" asserts="0" success="False" result="Failure" executed="True">
                    <failure>
                      <message>This test should run but it did not. Most likely a setup in some parent block failed.</message>
                      <stack-trace />
                    </failure>
                  </test-case>
                  <test-case description="Converts black RGB to CMYK" name="CMYK, HWB, and NCOL Color Format Conversion Tests.CMYK Conversions.Converts black RGB to CMYK" time="0" asserts="0" success="False" result="Failure" executed="True">
                    <failure>
                      <message>This test should run but it did not. Most likely a setup in some parent block failed.</message>
                      <stack-trace />
                    </failure>
                  </test-case>
                </results>
              </test-suite>
              <test-suite type="TestFixture" name="CMYK, HWB, and NCOL Color Format Conversion Tests.CMYKA Conversions" executed="True" result="Failure" success="False" time="0" asserts="0" description="CMYK, HWB, and NCOL Color Format Conversion Tests.CMYKA Conversions">
                <results>
                  <test-case description="Converts RGBA to CMYKA" name="CMYK, HWB, and NCOL Color Format Conversion Tests.CMYKA Conversions.Converts RGBA to CMYKA" time="0" asserts="0" success="False" result="Failure" executed="True">
                    <failure>
                      <message>This test should run but it did not. Most likely a setup in some parent block failed.</message>
                      <stack-trace />
                    </failure>
                  </test-case>
                </results>
              </test-suite>
              <test-suite type="TestFixture" name="CMYK, HWB, and NCOL Color Format Conversion Tests.NCOL Conversions" executed="True" result="Failure" success="False" time="0" asserts="0" description="CMYK, HWB, and NCOL Color Format Conversion Tests.NCOL Conversions">
                <results>
                  <test-case description="Converts RGB to NCOL" name="CMYK, HWB, and NCOL Color Format Conversion Tests.NCOL Conversions.Converts RGB to NCOL" time="0" asserts="0" success="False" result="Failure" executed="True">
                    <failure>
                      <message>This test should run but it did not. Most likely a setup in some parent block failed.</message>
                      <stack-trace />
                    </failure>
                  </test-case>
                  <test-case description="Converts HEX to NCOL" name="CMYK, HWB, and NCOL Color Format Conversion Tests.NCOL Conversions.Converts HEX to NCOL" time="0" asserts="0" success="False" result="Failure" executed="True">
                    <failure>
                      <message>This test should run but it did not. Most likely a setup in some parent block failed.</message>
                      <stack-trace />
                    </failure>
                  </test-case>
                </results>
              </test-suite>
              <test-suite type="TestFixture" name="CMYK, HWB, and NCOL Color Format Conversion Tests.NCOLA Conversions" executed="True" result="Failure" success="False" time="0" asserts="0" description="CMYK, HWB, and NCOL Color Format Conversion Tests.NCOLA Conversions">
                <results>
                  <test-case description="Converts RGBA to NCOLA" name="CMYK, HWB, and NCOL Color Format Conversion Tests.NCOLA Conversions.Converts RGBA to NCOLA" time="0" asserts="0" success="False" result="Failure" executed="True">
                    <failure>
                      <message>This test should run but it did not. Most likely a setup in some parent block failed.</message>
                      <stack-trace />
                    </failure>
                  </test-case>
                </results>
              </test-suite>
            </results>
          </test-suite>
        </results>
      </test-suite>
      <test-suite type="TestFixture" name="C:\Users\bolen\Documents\PowerShell\tests\integration\conversion\media\colors\color-parsing.tests.ps1" executed="True" result="Failure" success="False" time="2.4594" asserts="0" description="C:\Users\bolen\Documents\PowerShell\tests\integration\conversion\media\colors\color-parsing.tests.ps1">
        <results>
          <test-suite type="TestFixture" name="Color Parsing Tests" executed="True" result="Failure" success="False" time="1.3112" asserts="0" description="Color Parsing Tests">
            <results>
              <test-suite type="TestFixture" name="Color Parsing Tests.Color Parsing" executed="True" result="Failure" success="False" time="0" asserts="0" description="Color Parsing Tests.Color Parsing">
                <results>
                  <test-case description="Parses HEX color #ff0000" name="Color Parsing Tests.Color Parsing.Parses HEX color #ff0000" time="0" asserts="0" success="False" result="Failure" executed="True">
                    <failure>
                      <message>This test should run but it did not. Most likely a setup in some parent block failed.</message>
                      <stack-trace />
                    </failure>
                  </test-case>
                  <test-case description="Parses short HEX color #f00" name="Color Parsing Tests.Color Parsing.Parses short HEX color #f00" time="0" asserts="0" success="False" result="Failure" executed="True">
                    <failure>
                      <message>This test should run but it did not. Most likely a setup in some parent block failed.</message>
                      <stack-trace />
                    </failure>
                  </test-case>
                  <test-case description="Parses HEX color with alpha #ff000080" name="Color Parsing Tests.Color Parsing.Parses HEX color with alpha #ff000080" time="0" asserts="0" success="False" result="Failure" executed="True">
                    <failure>
                      <message>This test should run but it did not. Most likely a setup in some parent block failed.</message>
                      <stack-trace />
                    </failure>
                  </test-case>
                  <test-case description="Parses RGB color" name="Color Parsing Tests.Color Parsing.Parses RGB color" time="0" asserts="0" success="False" result="Failure" executed="True">
                    <failure>
                      <message>This test should run but it did not. Most likely a setup in some parent block failed.</message>
                      <stack-trace />
                    </failure>
                  </test-case>
                  <test-case description="Parses RGBA color" name="Color Parsing Tests.Color Parsing.Parses RGBA color" time="0" asserts="0" success="False" result="Failure" executed="True">
                    <failure>
                      <message>This test should run but it did not. Most likely a setup in some parent block failed.</message>
                      <stack-trace />
                    </failure>
                  </test-case>
                  <test-case description="Parses RGB color with percentages" name="Color Parsing Tests.Color Parsing.Parses RGB color with percentages" time="0" asserts="0" success="False" result="Failure" executed="True">
                    <failure>
                      <message>This test should run but it did not. Most likely a setup in some parent block failed.</message>
                      <stack-trace />
                    </failure>
                  </test-case>
                  <test-case description="Parses HSL color" name="Color Parsing Tests.Color Parsing.Parses HSL color" time="0" asserts="0" success="False" result="Failure" executed="True">
                    <failure>
                      <message>This test should run but it did not. Most likely a setup in some parent block failed.</message>
                      <stack-trace />
                    </failure>
                  </test-case>
                  <test-case description="Parses HSLA color" name="Color Parsing Tests.Color Parsing.Parses HSLA color" time="0" asserts="0" success="False" result="Failure" executed="True">
                    <failure>
                      <message>This test should run but it did not. Most likely a setup in some parent block failed.</message>
                      <stack-trace />
                    </failure>
                  </test-case>
                  <test-case description="Parses HWB color" name="Color Parsing Tests.Color Parsing.Parses HWB color" time="0" asserts="0" success="False" result="Failure" executed="True">
                    <failure>
                      <message>This test should run but it did not. Most likely a setup in some parent block failed.</message>
                      <stack-trace />
                    </failure>
                  </test-case>
                  <test-case description="Parses HWBA color" name="Color Parsing Tests.Color Parsing.Parses HWBA color" time="0" asserts="0" success="False" result="Failure" executed="True">
                    <failure>
                      <message>This test should run but it did not. Most likely a setup in some parent block failed.</message>
                      <stack-trace />
                    </failure>
                  </test-case>
                  <test-case description="Parses CMYK color" name="Color Parsing Tests.Color Parsing.Parses CMYK color" time="0" asserts="0" success="False" result="Failure" executed="True">
                    <failure>
                      <message>This test should run but it did not. Most likely a setup in some parent block failed.</message>
                      <stack-trace />
                    </failure>
                  </test-case>
                  <test-case description="Parses CMYKA color" name="Color Parsing Tests.Color Parsing.Parses CMYKA color" time="0" asserts="0" success="False" result="Failure" executed="True">
                    <failure>
                      <message>This test should run but it did not. Most likely a setup in some parent block failed.</message>
                      <stack-trace />
                    </failure>
                  </test-case>
                  <test-case description="Parses NCOL color" name="Color Parsing Tests.Color Parsing.Parses NCOL color" time="0" asserts="0" success="False" result="Failure" executed="True">
                    <failure>
                      <message>This test should run but it did not. Most likely a setup in some parent block failed.</message>
                      <stack-trace />
                    </failure>
                  </test-case>
                  <test-case description="Parses NCOLA color" name="Color Parsing Tests.Color Parsing.Parses NCOLA color" time="0" asserts="0" success="False" result="Failure" executed="True">
                    <failure>
                      <message>This test should run but it did not. Most likely a setup in some parent block failed.</message>
                      <stack-trace />
                    </failure>
                  </test-case>
                  <test-case description="Parses named color" name="Color Parsing Tests.Color Parsing.Parses named color" time="0" asserts="0" success="False" result="Failure" executed="True">
                    <failure>
                      <message>This test should run but it did not. Most likely a setup in some parent block failed.</message>
                      <stack-trace />
                    </failure>
                  </test-case>
                  <test-case description="Accepts color from pipeline for Parse-Color" name="Color Parsing Tests.Color Parsing.Accepts color from pipeline for Parse-Color" time="0" asserts="0" success="False" result="Failure" executed="True">
                    <failure>
                      <message>This test should run but it did not. Most likely a setup in some parent block failed.</message>
                      <stack-trace />
                    </failure>
                  </test-case>
                </results>
              </test-suite>
              <test-suite type="TestFixture" name="Color Parsing Tests.Edge Cases" executed="True" result="Failure" success="False" time="0" asserts="0" description="Color Parsing Tests.Edge Cases">
                <results>
                  <test-case description="Handles color values at boundaries (0, 255)" name="Color Parsing Tests.Edge Cases.Handles color values at boundaries (0, 255)" time="0" asserts="0" success="False" result="Failure" executed="True">
                    <failure>
                      <message>This test should run but it did not. Most likely a setup in some parent block failed.</message>
                      <stack-trace />
                    </failure>
                  </test-case>
                  <test-case description="Handles color values at boundaries (255, 255, 255)" name="Color Parsing Tests.Edge Cases.Handles color values at boundaries (255, 255, 255)" time="0" asserts="0" success="False" result="Failure" executed="True">
                    <failure>
                      <message>This test should run but it did not. Most likely a setup in some parent block failed.</message>
                      <stack-trace />
                    </failure>
                  </test-case>
                  <test-case description="Clamps RGB values above 255" name="Color Parsing Tests.Edge Cases.Clamps RGB values above 255" time="0" asserts="0" success="False" result="Failure" executed="True">
                    <failure>
                      <message>This test should run but it did not. Most likely a setup in some parent block failed.</message>
                      <stack-trace />
                    </failure>
                  </test-case>
                  <test-case description="Clamps RGB values below 0" name="Color Parsing Tests.Edge Cases.Clamps RGB values below 0" time="0" asserts="0" success="False" result="Failure" executed="True">
                    <failure>
                      <message>This test should run but it did not. Most likely a setup in some parent block failed.</message>
                      <stack-trace />
                    </failure>
                  </test-case>
                  <test-case description="Handles alpha value at 0" name="Color Parsing Tests.Edge Cases.Handles alpha value at 0" time="0" asserts="0" success="False" result="Failure" executed="True">
                    <failure>
                      <message>This test should run but it did not. Most likely a setup in some parent block failed.</message>
                      <stack-trace />
                    </failure>
                  </test-case>
                  <test-case description="Handles alpha value at 1" name="Color Parsing Tests.Edge Cases.Handles alpha value at 1" time="0" asserts="0" success="False" result="Failure" executed="True">
                    <failure>
                      <message>This test should run but it did not. Most likely a setup in some parent block failed.</message>
                      <stack-trace />
                    </failure>
                  </test-case>
                  <test-case description="Clamps alpha value above 1" name="Color Parsing Tests.Edge Cases.Clamps alpha value above 1" time="0" asserts="0" success="False" result="Failure" executed="True">
                    <failure>
                      <message>This test should run but it did not. Most likely a setup in some parent block failed.</message>
                      <stack-trace />
                    </failure>
                  </test-case>
                  <test-case description="Clamps alpha value below 0" name="Color Parsing Tests.Edge Cases.Clamps alpha value below 0" time="0" asserts="0" success="False" result="Failure" executed="True">
                    <failure>
                      <message>This test should run but it did not. Most likely a setup in some parent block failed.</message>
                      <stack-trace />
                    </failure>
                  </test-case>
                  <test-case description="Handles HSL hue wrapping (360+ degrees)" name="Color Parsing Tests.Edge Cases.Handles HSL hue wrapping (360+ degrees)" time="0" asserts="0" success="False" result="Failure" executed="True">
                    <failure>
                      <message>This test should run but it did not. Most likely a setup in some parent block failed.</message>
                      <stack-trace />
                    </failure>
                  </test-case>
                  <test-case description="Handles HSL hue wrapping (negative degrees)" name="Color Parsing Tests.Edge Cases.Handles HSL hue wrapping (negative degrees)" time="0" asserts="0" success="False" result="Failure" executed="True">
                    <failure>
                      <message>This test should run but it did not. Most likely a setup in some parent block failed.</message>
                      <stack-trace />
                    </failure>
                  </test-case>
                  <test-case description="Handles HSL saturation at 0% (grayscale)" name="Color Parsing Tests.Edge Cases.Handles HSL saturation at 0% (grayscale)" time="0" asserts="0" success="False" result="Failure" executed="True">
                    <failure>
                      <message>This test should run but it did not. Most likely a setup in some parent block failed.</message>
                      <stack-trace />
                    </failure>
                  </test-case>
                  <test-case description="Handles HSL lightness at 0% (black)" name="Color Parsing Tests.Edge Cases.Handles HSL lightness at 0% (black)" time="0" asserts="0" success="False" result="Failure" executed="True">
                    <failure>
                      <message>This test should run but it did not. Most likely a setup in some parent block failed.</message>
                      <stack-trace />
                    </failure>
                  </test-case>
                  <test-case description="Handles HSL lightness at 100% (white)" name="Color Parsing Tests.Edge Cases.Handles HSL lightness at 100% (white)" time="0" asserts="0" success="False" result="Failure" executed="True">
                    <failure>
                      <message>This test should run but it did not. Most likely a setup in some parent block failed.</message>
                      <stack-trace />
                    </failure>
                  </test-case>
                </results>
              </test-suite>
              <test-suite type="TestFixture" name="Color Parsing Tests.Color Format Validation" executed="True" result="Failure" success="False" time="0" asserts="0" description="Color Parsing Tests.Color Format Validation">
                <results>
                  <test-case description="Rejects invalid ToFormat parameter" name="Color Parsing Tests.Color Format Validation.Rejects invalid ToFormat parameter" time="0" asserts="0" success="False" result="Failure" executed="True">
                    <failure>
                      <message>This test should run but it did not. Most likely a setup in some parent block failed.</message>
                      <stack-trace />
                    </failure>
                  </test-case>
                  <test-case description="Rejects invalid color format" name="Color Parsing Tests.Color Format Validation.Rejects invalid color format" time="0" asserts="0" success="False" result="Failure" executed="True">
                    <failure>
                      <message>This test should run but it did not. Most likely a setup in some parent block failed.</message>
                      <stack-trace />
                    </failure>
                  </test-case>
                  <test-case description="Rejects empty color string" name="Color Parsing Tests.Color Format Validation.Rejects empty color string" time="0" asserts="0" success="False" result="Failure" executed="True">
                    <failure>
                      <message>This test should run but it did not. Most likely a setup in some parent block failed.</message>
                      <stack-trace />
                    </failure>
                  </test-case>
                </results>
              </test-suite>
            </results>
          </test-suite>
        </results>
      </test-suite>
      <test-suite type="TestFixture" name="C:\Users\bolen\Documents\PowerShell\tests\integration\conversion\media\colors\color-roundtrip.tests.ps1" executed="True" result="Failure" success="False" time="2.6033" asserts="0" description="C:\Users\bolen\Documents\PowerShell\tests\integration\conversion\media\colors\color-roundtrip.tests.ps1">
        <results>
          <test-suite type="TestFixture" name="Color Roundtrip and Pipeline Support Tests" executed="True" result="Failure" success="False" time="1.4744" asserts="0" description="Color Roundtrip and Pipeline Support Tests">
            <results>
              <test-suite type="TestFixture" name="Color Roundtrip and Pipeline Support Tests.Roundtrip Conversions" executed="True" result="Failure" success="False" time="0" asserts="0" description="Color Roundtrip and Pipeline Support Tests.Roundtrip Conversions">
                <results>
                  <test-case description="Roundtrips HEX -&gt; RGB -&gt; HEX" name="Color Roundtrip and Pipeline Support Tests.Roundtrip Conversions.Roundtrips HEX -&gt; RGB -&gt; HEX" time="0" asserts="0" success="False" result="Failure" executed="True">
                    <failure>
                      <message>This test should run but it did not. Most likely a setup in some parent block failed.</message>
                      <stack-trace />
                    </failure>
                  </test-case>
                  <test-case description="Roundtrips RGB -&gt; HSL -&gt; RGB" name="Color Roundtrip and Pipeline Support Tests.Roundtrip Conversions.Roundtrips RGB -&gt; HSL -&gt; RGB" time="0" asserts="0" success="False" result="Failure" executed="True">
                    <failure>
                      <message>This test should run but it did not. Most likely a setup in some parent block failed.</message>
                      <stack-trace />
                    </failure>
                  </test-case>
                  <test-case description="Roundtrips HEX -&gt; HSL -&gt; HEX" name="Color Roundtrip and Pipeline Support Tests.Roundtrip Conversions.Roundtrips HEX -&gt; HSL -&gt; HEX" time="0" asserts="0" success="False" result="Failure" executed="True">
                    <failure>
                      <message>This test should run but it did not. Most likely a setup in some parent block failed.</message>
                      <stack-trace />
                    </failure>
                  </test-case>
                  <test-case description="Roundtrips RGB -&gt; HWB -&gt; RGB" name="Color Roundtrip and Pipeline Support Tests.Roundtrip Conversions.Roundtrips RGB -&gt; HWB -&gt; RGB" time="0" asserts="0" success="False" result="Failure" executed="True">
                    <failure>
                      <message>This test should run but it did not. Most likely a setup in some parent block failed.</message>
                      <stack-trace />
                    </failure>
                  </test-case>
                  <test-case description="Roundtrips RGB -&gt; CMYK -&gt; RGB" name="Color Roundtrip and Pipeline Support Tests.Roundtrip Conversions.Roundtrips RGB -&gt; CMYK -&gt; RGB" time="0" asserts="0" success="False" result="Failure" executed="True">
                    <failure>
                      <message>This test should run but it did not. Most likely a setup in some parent block failed.</message>
                      <stack-trace />
                    </failure>
                  </test-case>
                  <test-case description="Roundtrips RGBA -&gt; HSLA -&gt; RGBA" name="Color Roundtrip and Pipeline Support Tests.Roundtrip Conversions.Roundtrips RGBA -&gt; HSLA -&gt; RGBA" time="0" asserts="0" success="False" result="Failure" executed="True">
                    <failure>
                      <message>This test should run but it did not. Most likely a setup in some parent block failed.</message>
                      <stack-trace />
                    </failure>
                  </test-case>
                </results>
              </test-suite>
              <test-suite type="TestFixture" name="Color Roundtrip and Pipeline Support Tests.Pipeline Support" executed="True" result="Failure" success="False" time="0" asserts="0" description="Color Roundtrip and Pipeline Support Tests.Pipeline Support">
                <results>
                  <test-case description="Accepts color from pipeline" name="Color Roundtrip and Pipeline Support Tests.Pipeline Support.Accepts color from pipeline" time="0" asserts="0" success="False" result="Failure" executed="True">
                    <failure>
                      <message>This test should run but it did not. Most likely a setup in some parent block failed.</message>
                      <stack-trace />
                    </failure>
                  </test-case>
                  <test-case description="Accepts color from pipeline for Parse-Color" name="Color Roundtrip and Pipeline Support Tests.Pipeline Support.Accepts color from pipeline for Parse-Color" time="0" asserts="0" success="False" result="Failure" executed="True">
                    <failure>
                      <message>This test should run but it did not. Most likely a setup in some parent block failed.</message>
                      <stack-trace />
                    </failure>
                  </test-case>
                </results>
              </test-suite>
            </results>
          </test-suite>
        </results>
      </test-suite>
      <test-suite type="TestFixture" name="C:\Users\bolen\Documents\PowerShell\tests\integration\conversion\media\colors\hex-formats.tests.ps1" executed="True" result="Failure" success="False" time="2.8301" asserts="0" description="C:\Users\bolen\Documents\PowerShell\tests\integration\conversion\media\colors\hex-formats.tests.ps1">
        <results>
          <test-suite type="TestFixture" name="HEX Color Format Conversion Tests" executed="True" result="Failure" success="False" time="1.6578" asserts="0" description="HEX Color Format Conversion Tests">
            <results>
              <test-suite type="TestFixture" name="HEX Color Format Conversion Tests.HEX Conversions" executed="True" result="Failure" success="False" time="0" asserts="0" description="HEX Color Format Conversion Tests.HEX Conversions">
                <results>
                  <test-case description="Converts RGB to HEX" name="HEX Color Format Conversion Tests.HEX Conversions.Converts RGB to HEX" time="0" asserts="0" success="False" result="Failure" executed="True">
                    <failure>
                      <message>This test should run but it did not. Most likely a setup in some parent block failed.</message>
                      <stack-trace />
                    </failure>
                  </test-case>
                  <test-case description="Converts named color to HEX" name="HEX Color Format Conversion Tests.HEX Conversions.Converts named color to HEX" time="0" asserts="0" success="False" result="Failure" executed="True">
                    <failure>
                      <message>This test should run but it did not. Most likely a setup in some parent block failed.</message>
                      <stack-trace />
                    </failure>
                  </test-case>
                  <test-case description="Converts HEX to HEX (identity)" name="HEX Color Format Conversion Tests.HEX Conversions.Converts HEX to HEX (identity)" time="0" asserts="0" success="False" result="Failure" executed="True">
                    <failure>
                      <message>This test should run but it did not. Most likely a setup in some parent block failed.</message>
                      <stack-trace />
                    </failure>
                  </test-case>
                  <test-case description="Converts RGBA to HEX with alpha" name="HEX Color Format Conversion Tests.HEX Conversions.Converts RGBA to HEX with alpha" time="0" asserts="0" success="False" result="Failure" executed="True">
                    <failure>
                      <message>This test should run but it did not. Most likely a setup in some parent block failed.</message>
                      <stack-trace />
                    </failure>
                  </test-case>
                  <test-case description="Converts HSL to HEX" name="HEX Color Format Conversion Tests.HEX Conversions.Converts HSL to HEX" time="0" asserts="0" success="False" result="Failure" executed="True">
                    <failure>
                      <message>This test should run but it did not. Most likely a setup in some parent block failed.</message>
                      <stack-trace />
                    </failure>
                  </test-case>
                  <test-case description="Converts HWB to HEX" name="HEX Color Format Conversion Tests.HEX Conversions.Converts HWB to HEX" time="0" asserts="0" success="False" result="Failure" executed="True">
                    <failure>
                      <message>This test should run but it did not. Most likely a setup in some parent block failed.</message>
                      <stack-trace />
                    </failure>
                  </test-case>
                  <test-case description="Converts CMYK to HEX" name="HEX Color Format Conversion Tests.HEX Conversions.Converts CMYK to HEX" time="0" asserts="0" success="False" result="Failure" executed="True">
                    <failure>
                      <message>This test should run but it did not. Most likely a setup in some parent block failed.</message>
                      <stack-trace />
                    </failure>
                  </test-case>
                  <test-case description="Converts LAB to HEX" name="HEX Color Format Conversion Tests.HEX Conversions.Converts LAB to HEX" time="0" asserts="0" success="False" result="Failure" executed="True">
                    <failure>
                      <message>This test should run but it did not. Most likely a setup in some parent block failed.</message>
                      <stack-trace />
                    </failure>
                  </test-case>
                  <test-case description="Converts OKLAB to HEX" name="HEX Color Format Conversion Tests.HEX Conversions.Converts OKLAB to HEX" time="0" asserts="0" success="False" result="Failure" executed="True">
                    <failure>
                      <message>This test should run but it did not. Most likely a setup in some parent block failed.</message>
                      <stack-trace />
                    </failure>
                  </test-case>
                  <test-case description="Converts LCH to HEX" name="HEX Color Format Conversion Tests.HEX Conversions.Converts LCH to HEX" time="0" asserts="0" success="False" result="Failure" executed="True">
                    <failure>
                      <message>This test should run but it did not. Most likely a setup in some parent block failed.</message>
                      <stack-trace />
                    </failure>
                  </test-case>
                  <test-case description="Converts OKLCH to HEX" name="HEX Color Format Conversion Tests.HEX Conversions.Converts OKLCH to HEX" time="0" asserts="0" success="False" result="Failure" executed="True">
                    <failure>
                      <message>This test should run but it did not. Most likely a setup in some parent block failed.</message>
                      <stack-trace />
                    </failure>
                  </test-case>
                </results>
              </test-suite>
            </results>
          </test-suite>
        </results>
      </test-suite>
      <test-suite type="TestFixture" name="C:\Users\bolen\Documents\PowerShell\tests\integration\conversion\media\colors\named-colors.tests.ps1" executed="True" result="Failure" success="False" time="3.0852" asserts="0" description="C:\Users\bolen\Documents\PowerShell\tests\integration\conversion\media\colors\named-colors.tests.ps1">
        <results>
          <test-suite type="TestFixture" name="Named Color Conversion Tests" executed="True" result="Failure" success="False" time="1.6932" asserts="0" description="Named Color Conversion Tests">
            <results>
              <test-suite type="TestFixture" name="Named Color Conversion Tests.Named Color Conversions" executed="True" result="Failure" success="False" time="0" asserts="0" description="Named Color Conversion Tests.Named Color Conversions">
                <results>
                  <test-case description="Converts RGB to closest named color" name="Named Color Conversion Tests.Named Color Conversions.Converts RGB to closest named color" time="0" asserts="0" success="False" result="Failure" executed="True">
                    <failure>
                      <message>This test should run but it did not. Most likely a setup in some parent block failed.</message>
                      <stack-trace />
                    </failure>
                  </test-case>
                  <test-case description="Converts HEX to closest named color" name="Named Color Conversion Tests.Named Color Conversions.Converts HEX to closest named color" time="0" asserts="0" success="False" result="Failure" executed="True">
                    <failure>
                      <message>This test should run but it did not. Most likely a setup in some parent block failed.</message>
                      <stack-trace />
                    </failure>
                  </test-case>
                  <test-case description="Converts exact named color to itself" name="Named Color Conversion Tests.Named Color Conversions.Converts exact named color to itself" time="0" asserts="0" success="False" result="Failure" executed="True">
                    <failure>
                      <message>This test should run but it did not. Most likely a setup in some parent block failed.</message>
                      <stack-trace />
                    </failure>
                  </test-case>
                  <test-case description="Converts white RGB to named color" name="Named Color Conversion Tests.Named Color Conversions.Converts white RGB to named color" time="0" asserts="0" success="False" result="Failure" executed="True">
                    <failure>
                      <message>This test should run but it did not. Most likely a setup in some parent block failed.</message>
                      <stack-trace />
                    </failure>
                  </test-case>
                  <test-case description="Converts black RGB to named color" name="Named Color Conversion Tests.Named Color Conversions.Converts black RGB to named color" time="0" asserts="0" success="False" result="Failure" executed="True">
                    <failure>
                      <message>This test should run but it did not. Most likely a setup in some parent block failed.</message>
                      <stack-trace />
                    </failure>
                  </test-case>
                </results>
              </test-suite>
              <test-suite type="TestFixture" name="Named Color Conversion Tests.Extended Named Colors" executed="True" result="Failure" success="False" time="0" asserts="0" description="Named Color Conversion Tests.Extended Named Colors">
                <results>
                  <test-case description="Parses extended named color &quot;rebeccapurple&quot;" name="Named Color Conversion Tests.Extended Named Colors.Parses extended named color &quot;rebeccapurple&quot;" time="0" asserts="0" success="False" result="Failure" executed="True">
                    <failure>
                      <message>This test should run but it did not. Most likely a setup in some parent block failed.</message>
                      <stack-trace />
                    </failure>
                  </test-case>
                  <test-case description="Parses extended named color &quot;aliceblue&quot;" name="Named Color Conversion Tests.Extended Named Colors.Parses extended named color &quot;aliceblue&quot;" time="0" asserts="0" success="False" result="Failure" executed="True">
                    <failure>
                      <message>This test should run but it did not. Most likely a setup in some parent block failed.</message>
                      <stack-trace />
                    </failure>
                  </test-case>
                  <test-case description="Parses extended named color &quot;transparent&quot;" name="Named Color Conversion Tests.Extended Named Colors.Parses extended named color &quot;transparent&quot;" time="0" asserts="0" success="False" result="Failure" executed="True">
                    <failure>
                      <message>This test should run but it did not. Most likely a setup in some parent block failed.</message>
                      <stack-trace />
                    </failure>
                  </test-case>
                </results>
              </test-suite>
            </results>
          </test-suite>
        </results>
      </test-suite>
      <test-suite type="TestFixture" name="C:\Users\bolen\Documents\PowerShell\tests\integration\conversion\media\colors\rgb-hsl.tests.ps1" executed="True" result="Failure" success="False" time="2.9152" asserts="0" description="C:\Users\bolen\Documents\PowerShell\tests\integration\conversion\media\colors\rgb-hsl.tests.ps1">
        <results>
          <test-suite type="TestFixture" name="RGB, HSL, and Advanced Color Space Conversion Tests" executed="True" result="Failure" success="False" time="1.6149" asserts="0" description="RGB, HSL, and Advanced Color Space Conversion Tests">
            <results>
              <test-suite type="TestFixture" name="RGB, HSL, and Advanced Color Space Conversion Tests.RGB Conversions" executed="True" result="Failure" success="False" time="0" asserts="0" description="RGB, HSL, and Advanced Color Space Conversion Tests.RGB Conversions">
                <results>
                  <test-case description="Converts HEX to RGB" name="RGB, HSL, and Advanced Color Space Conversion Tests.RGB Conversions.Converts HEX to RGB" time="0" asserts="0" success="False" result="Failure" executed="True">
                    <failure>
                      <message>This test should run but it did not. Most likely a setup in some parent block failed.</message>
                      <stack-trace />
                    </failure>
                  </test-case>
                  <test-case description="Converts named color to RGB" name="RGB, HSL, and Advanced Color Space Conversion Tests.RGB Conversions.Converts named color to RGB" time="0" asserts="0" success="False" result="Failure" executed="True">
                    <failure>
                      <message>This test should run but it did not. Most likely a setup in some parent block failed.</message>
                      <stack-trace />
                    </failure>
                  </test-case>
                  <test-case description="Converts HSL to RGB" name="RGB, HSL, and Advanced Color Space Conversion Tests.RGB Conversions.Converts HSL to RGB" time="0" asserts="0" success="False" result="Failure" executed="True">
                    <failure>
                      <message>This test should run but it did not. Most likely a setup in some parent block failed.</message>
                      <stack-trace />
                    </failure>
                  </test-case>
                  <test-case description="Converts HWB to RGB" name="RGB, HSL, and Advanced Color Space Conversion Tests.RGB Conversions.Converts HWB to RGB" time="0" asserts="0" success="False" result="Failure" executed="True">
                    <failure>
                      <message>This test should run but it did not. Most likely a setup in some parent block failed.</message>
                      <stack-trace />
                    </failure>
                  </test-case>
                </results>
              </test-suite>
              <test-suite type="TestFixture" name="RGB, HSL, and Advanced Color Space Conversion Tests.RGBA Conversions" executed="True" result="Failure" success="False" time="0" asserts="0" description="RGB, HSL, and Advanced Color Space Conversion Tests.RGBA Conversions">
                <results>
                  <test-case description="Converts HEX with alpha to RGBA" name="RGB, HSL, and Advanced Color Space Conversion Tests.RGBA Conversions.Converts HEX with alpha to RGBA" time="0" asserts="0" success="False" result="Failure" executed="True">
                    <failure>
                      <message>This test should run but it did not. Most likely a setup in some parent block failed.</message>
                      <stack-trace />
                    </failure>
                  </test-case>
                  <test-case description="Converts RGB to RGBA (defaults alpha to 1.0)" name="RGB, HSL, and Advanced Color Space Conversion Tests.RGBA Conversions.Converts RGB to RGBA (defaults alpha to 1.0)" time="0" asserts="0" success="False" result="Failure" executed="True">
                    <failure>
                      <message>This test should run but it did not. Most likely a setup in some parent block failed.</message>
                      <stack-trace />
                    </failure>
                  </test-case>
                </results>
              </test-suite>
              <test-suite type="TestFixture" name="RGB, HSL, and Advanced Color Space Conversion Tests.HSL Conversions" executed="True" result="Failure" success="False" time="0" asserts="0" description="RGB, HSL, and Advanced Color Space Conversion Tests.HSL Conversions">
                <results>
                  <test-case description="Converts RGB to HSL" name="RGB, HSL, and Advanced Color Space Conversion Tests.HSL Conversions.Converts RGB to HSL" time="0" asserts="0" success="False" result="Failure" executed="True">
                    <failure>
                      <message>This test should run but it did not. Most likely a setup in some parent block failed.</message>
                      <stack-trace />
                    </failure>
                  </test-case>
                  <test-case description="Converts HEX to HSL" name="RGB, HSL, and Advanced Color Space Conversion Tests.HSL Conversions.Converts HEX to HSL" time="0" asserts="0" success="False" result="Failure" executed="True">
                    <failure>
                      <message>This test should run but it did not. Most likely a setup in some parent block failed.</message>
                      <stack-trace />
                    </failure>
                  </test-case>
                  <test-case description="Converts named color to HSL" name="RGB, HSL, and Advanced Color Space Conversion Tests.HSL Conversions.Converts named color to HSL" time="0" asserts="0" success="False" result="Failure" executed="True">
                    <failure>
                      <message>This test should run but it did not. Most likely a setup in some parent block failed.</message>
                      <stack-trace />
                    </failure>
                  </test-case>
                  <test-case description="Converts HSL to HSL (identity)" name="RGB, HSL, and Advanced Color Space Conversion Tests.HSL Conversions.Converts HSL to HSL (identity)" time="0" asserts="0" success="False" result="Failure" executed="True">
                    <failure>
                      <message>This test should run but it did not. Most likely a setup in some parent block failed.</message>
                      <stack-trace />
                    </failure>
                  </test-case>
                  <test-case description="Converts green RGB to HSL" name="RGB, HSL, and Advanced Color Space Conversion Tests.HSL Conversions.Converts green RGB to HSL" time="0" asserts="0" success="False" result="Failure" executed="True">
                    <failure>
                      <message>This test should run but it did not. Most likely a setup in some parent block failed.</message>
                      <stack-trace />
                    </failure>
                  </test-case>
                  <test-case description="Converts blue RGB to HSL" name="RGB, HSL, and Advanced Color Space Conversion Tests.HSL Conversions.Converts blue RGB to HSL" time="0" asserts="0" success="False" result="Failure" executed="True">
                    <failure>
                      <message>This test should run but it did not. Most likely a setup in some parent block failed.</message>
                      <stack-trace />
                    </failure>
                  </test-case>
                </results>
              </test-suite>
              <test-suite type="TestFixture" name="RGB, HSL, and Advanced Color Space Conversion Tests.HSLA Conversions" executed="True" result="Failure" success="False" time="0" asserts="0" description="RGB, HSL, and Advanced Color Space Conversion Tests.HSLA Conversions">
                <results>
                  <test-case description="Converts RGBA to HSLA" name="RGB, HSL, and Advanced Color Space Conversion Tests.HSLA Conversions.Converts RGBA to HSLA" time="0" asserts="0" success="False" result="Failure" executed="True">
                    <failure>
                      <message>This test should run but it did not. Most likely a setup in some parent block failed.</message>
                      <stack-trace />
                    </failure>
                  </test-case>
                  <test-case description="Converts RGB to HSLA (defaults alpha to 1.0)" name="RGB, HSL, and Advanced Color Space Conversion Tests.HSLA Conversions.Converts RGB to HSLA (defaults alpha to 1.0)" time="0" asserts="0" success="False" result="Failure" executed="True">
                    <failure>
                      <message>This test should run but it did not. Most likely a setup in some parent block failed.</message>
                      <stack-trace />
                    </failure>
                  </test-case>
                </results>
              </test-suite>
              <test-suite type="TestFixture" name="RGB, HSL, and Advanced Color Space Conversion Tests.LAB Conversions" executed="True" result="Failure" success="False" time="0" asserts="0" description="RGB, HSL, and Advanced Color Space Conversion Tests.LAB Conversions">
                <results>
                  <test-case description="Parses LAB color" name="RGB, HSL, and Advanced Color Space Conversion Tests.LAB Conversions.Parses LAB color" time="0" asserts="0" success="False" result="Failure" executed="True">
                    <failure>
                      <message>This test should run but it did not. Most likely a setup in some parent block failed.</message>
                      <stack-trace />
                    </failure>
                  </test-case>
                  <test-case description="Converts RGB to LAB" name="RGB, HSL, and Advanced Color Space Conversion Tests.LAB Conversions.Converts RGB to LAB" time="0" asserts="0" success="False" result="Failure" executed="True">
                    <failure>
                      <message>This test should run but it did not. Most likely a setup in some parent block failed.</message>
                      <stack-trace />
                    </failure>
                  </test-case>
                  <test-case description="Converts HEX to LAB" name="RGB, HSL, and Advanced Color Space Conversion Tests.LAB Conversions.Converts HEX to LAB" time="0" asserts="0" success="False" result="Failure" executed="True">
                    <failure>
                      <message>This test should run but it did not. Most likely a setup in some parent block failed.</message>
                      <stack-trace />
                    </failure>
                  </test-case>
                  <test-case description="Converts LAB to RGB" name="RGB, HSL, and Advanced Color Space Conversion Tests.LAB Conversions.Converts LAB to RGB" time="0" asserts="0" success="False" result="Failure" executed="True">
                    <failure>
                      <message>This test should run but it did not. Most likely a setup in some parent block failed.</message>
                      <stack-trace />
                    </failure>
                  </test-case>
                  <test-case description="Converts LAB to HEX" name="RGB, HSL, and Advanced Color Space Conversion Tests.LAB Conversions.Converts LAB to HEX" time="0" asserts="0" success="False" result="Failure" executed="True">
                    <failure>
                      <message>This test should run but it did not. Most likely a setup in some parent block failed.</message>
                      <stack-trace />
                    </failure>
                  </test-case>
                </results>
              </test-suite>
              <test-suite type="TestFixture" name="RGB, HSL, and Advanced Color Space Conversion Tests.LABa Conversions" executed="True" result="Failure" success="False" time="0" asserts="0" description="RGB, HSL, and Advanced Color Space Conversion Tests.LABa Conversions">
                <results>
                  <test-case description="Parses LABa color with alpha" name="RGB, HSL, and Advanced Color Space Conversion Tests.LABa Conversions.Parses LABa color with alpha" time="0" asserts="0" success="False" result="Failure" executed="True">
                    <failure>
                      <message>This test should run but it did not. Most likely a setup in some parent block failed.</message>
                      <stack-trace />
                    </failure>
                  </test-case>
                  <test-case description="Converts RGBA to LABa" name="RGB, HSL, and Advanced Color Space Conversion Tests.LABa Conversions.Converts RGBA to LABa" time="0" asserts="0" success="False" result="Failure" executed="True">
                    <failure>
                      <message>This test should run but it did not. Most likely a setup in some parent block failed.</message>
                      <stack-trace />
                    </failure>
                  </test-case>
                  <test-case description="Converts RGB to LABa (defaults alpha to 1.0)" name="RGB, HSL, and Advanced Color Space Conversion Tests.LABa Conversions.Converts RGB to LABa (defaults alpha to 1.0)" time="0" asserts="0" success="False" result="Failure" executed="True">
                    <failure>
                      <message>This test should run but it did not. Most likely a setup in some parent block failed.</message>
                      <stack-trace />
                    </failure>
                  </test-case>
                </results>
              </test-suite>
              <test-suite type="TestFixture" name="RGB, HSL, and Advanced Color Space Conversion Tests.OKLAB Conversions" executed="True" result="Failure" success="False" time="0" asserts="0" description="RGB, HSL, and Advanced Color Space Conversion Tests.OKLAB Conversions">
                <results>
                  <test-case description="Parses OKLAB color" name="RGB, HSL, and Advanced Color Space Conversion Tests.OKLAB Conversions.Parses OKLAB color" time="0" asserts="0" success="False" result="Failure" executed="True">
                    <failure>
                      <message>This test should run but it did not. Most likely a setup in some parent block failed.</message>
                      <stack-trace />
                    </failure>
                  </test-case>
                  <test-case description="Converts RGB to OKLAB" name="RGB, HSL, and Advanced Color Space Conversion Tests.OKLAB Conversions.Converts RGB to OKLAB" time="0" asserts="0" success="False" result="Failure" executed="True">
                    <failure>
                      <message>This test should run but it did not. Most likely a setup in some parent block failed.</message>
                      <stack-trace />
                    </failure>
                  </test-case>
                  <test-case description="Converts HEX to OKLAB" name="RGB, HSL, and Advanced Color Space Conversion Tests.OKLAB Conversions.Converts HEX to OKLAB" time="0" asserts="0" success="False" result="Failure" executed="True">
                    <failure>
                      <message>This test should run but it did not. Most likely a setup in some parent block failed.</message>
                      <stack-trace />
                    </failure>
                  </test-case>
                  <test-case description="Converts OKLAB to RGB" name="RGB, HSL, and Advanced Color Space Conversion Tests.OKLAB Conversions.Converts OKLAB to RGB" time="0" asserts="0" success="False" result="Failure" executed="True">
                    <failure>
                      <message>This test should run but it did not. Most likely a setup in some parent block failed.</message>
                      <stack-trace />
                    </failure>
                  </test-case>
                  <test-case description="Converts OKLAB to HEX" name="RGB, HSL, and Advanced Color Space Conversion Tests.OKLAB Conversions.Converts OKLAB to HEX" time="0" asserts="0" success="False" result="Failure" executed="True">
                    <failure>
                      <message>This test should run but it did not. Most likely a setup in some parent block failed.</message>
                      <stack-trace />
                    </failure>
                  </test-case>
                </results>
              </test-suite>
              <test-suite type="TestFixture" name="RGB, HSL, and Advanced Color Space Conversion Tests.OKLABa Conversions" executed="True" result="Failure" success="False" time="0" asserts="0" description="RGB, HSL, and Advanced Color Space Conversion Tests.OKLABa Conversions">
                <results>
                  <test-case description="Parses OKLABa color with alpha" name="RGB, HSL, and Advanced Color Space Conversion Tests.OKLABa Conversions.Parses OKLABa color with alpha" time="0" asserts="0" success="False" result="Failure" executed="True">
                    <failure>
                      <message>This test should run but it did not. Most likely a setup in some parent block failed.</message>
                      <stack-trace />
                    </failure>
                  </test-case>
                  <test-case description="Converts RGBA to OKLABa" name="RGB, HSL, and Advanced Color Space Conversion Tests.OKLABa Conversions.Converts RGBA to OKLABa" time="0" asserts="0" success="False" result="Failure" executed="True">
                    <failure>
                      <message>This test should run but it did not. Most likely a setup in some parent block failed.</message>
                      <stack-trace />
                    </failure>
                  </test-case>
                  <test-case description="Converts RGB to OKLABa (defaults alpha to 1.0)" name="RGB, HSL, and Advanced Color Space Conversion Tests.OKLABa Conversions.Converts RGB to OKLABa (defaults alpha to 1.0)" time="0" asserts="0" success="False" result="Failure" executed="True">
                    <failure>
                      <message>This test should run but it did not. Most likely a setup in some parent block failed.</message>
                      <stack-trace />
                    </failure>
                  </test-case>
                </results>
              </test-suite>
              <test-suite type="TestFixture" name="RGB, HSL, and Advanced Color Space Conversion Tests.LCH Conversions" executed="True" result="Failure" success="False" time="0" asserts="0" description="RGB, HSL, and Advanced Color Space Conversion Tests.LCH Conversions">
                <results>
                  <test-case description="Parses LCH color" name="RGB, HSL, and Advanced Color Space Conversion Tests.LCH Conversions.Parses LCH color" time="0" asserts="0" success="False" result="Failure" executed="True">
                    <failure>
                      <message>This test should run but it did not. Most likely a setup in some parent block failed.</message>
                      <stack-trace />
                    </failure>
                  </test-case>
                  <test-case description="Converts RGB to LCH" name="RGB, HSL, and Advanced Color Space Conversion Tests.LCH Conversions.Converts RGB to LCH" time="0" asserts="0" success="False" result="Failure" executed="True">
                    <failure>
                      <message>This test should run but it did not. Most likely a setup in some parent block failed.</message>
                      <stack-trace />
                    </failure>
                  </test-case>
                  <test-case description="Converts HEX to LCH" name="RGB, HSL, and Advanced Color Space Conversion Tests.LCH Conversions.Converts HEX to LCH" time="0" asserts="0" success="False" result="Failure" executed="True">
                    <failure>
                      <message>This test should run but it did not. Most likely a setup in some parent block failed.</message>
                      <stack-trace />
                    </failure>
                  </test-case>
                  <test-case description="Converts LCH to RGB" name="RGB, HSL, and Advanced Color Space Conversion Tests.LCH Conversions.Converts LCH to RGB" time="0" asserts="0" success="False" result="Failure" executed="True">
                    <failure>
                      <message>This test should run but it did not. Most likely a setup in some parent block failed.</message>
                      <stack-trace />
                    </failure>
                  </test-case>
                  <test-case description="Converts LCH to HEX" name="RGB, HSL, and Advanced Color Space Conversion Tests.LCH Conversions.Converts LCH to HEX" time="0" asserts="0" success="False" result="Failure" executed="True">
                    <failure>
                      <message>This test should run but it did not. Most likely a setup in some parent block failed.</message>
                      <stack-trace />
                    </failure>
                  </test-case>
                </results>
              </test-suite>
              <test-suite type="TestFixture" name="RGB, HSL, and Advanced Color Space Conversion Tests.LCHa Conversions" executed="True" result="Failure" success="False" time="0" asserts="0" description="RGB, HSL, and Advanced Color Space Conversion Tests.LCHa Conversions">
                <results>
                  <test-case description="Parses LCHa color with alpha" name="RGB, HSL, and Advanced Color Space Conversion Tests.LCHa Conversions.Parses LCHa color with alpha" time="0" asserts="0" success="False" result="Failure" executed="True">
                    <failure>
                      <message>This test should run but it did not. Most likely a setup in some parent block failed.</message>
                      <stack-trace />
                    </failure>
                  </test-case>
                  <test-case description="Converts RGBA to LCHa" name="RGB, HSL, and Advanced Color Space Conversion Tests.LCHa Conversions.Converts RGBA to LCHa" time="0" asserts="0" success="False" result="Failure" executed="True">
                    <failure>
                      <message>This test should run but it did not. Most likely a setup in some parent block failed.</message>
                      <stack-trace />
                    </failure>
                  </test-case>
                  <test-case description="Converts RGB to LCHa (defaults alpha to 1.0)" name="RGB, HSL, and Advanced Color Space Conversion Tests.LCHa Conversions.Converts RGB to LCHa (defaults alpha to 1.0)" time="0" asserts="0" success="False" result="Failure" executed="True">
                    <failure>
                      <message>This test should run but it did not. Most likely a setup in some parent block failed.</message>
                      <stack-trace />
                    </failure>
                  </test-case>
                </results>
              </test-suite>
              <test-suite type="TestFixture" name="RGB, HSL, and Advanced Color Space Conversion Tests.OKLCH Conversions" executed="True" result="Failure" success="False" time="0" asserts="0" description="RGB, HSL, and Advanced Color Space Conversion Tests.OKLCH Conversions">
                <results>
                  <test-case description="Parses OKLCH color" name="RGB, HSL, and Advanced Color Space Conversion Tests.OKLCH Conversions.Parses OKLCH color" time="0" asserts="0" success="False" result="Failure" executed="True">
                    <failure>
                      <message>This test should run but it did not. Most likely a setup in some parent block failed.</message>
                      <stack-trace />
                    </failure>
                  </test-case>
                  <test-case description="Converts RGB to OKLCH" name="RGB, HSL, and Advanced Color Space Conversion Tests.OKLCH Conversions.Converts RGB to OKLCH" time="0" asserts="0" success="False" result="Failure" executed="True">
                    <failure>
                      <message>This test should run but it did not. Most likely a setup in some parent block failed.</message>
                      <stack-trace />
                    </failure>
                  </test-case>
                  <test-case description="Converts HEX to OKLCH" name="RGB, HSL, and Advanced Color Space Conversion Tests.OKLCH Conversions.Converts HEX to OKLCH" time="0" asserts="0" success="False" result="Failure" executed="True">
                    <failure>
                      <message>This test should run but it did not. Most likely a setup in some parent block failed.</message>
                      <stack-trace />
                    </failure>
                  </test-case>
                  <test-case description="Converts OKLCH to RGB" name="RGB, HSL, and Advanced Color Space Conversion Tests.OKLCH Conversions.Converts OKLCH to RGB" time="0" asserts="0" success="False" result="Failure" executed="True">
                    <failure>
                      <message>This test should run but it did not. Most likely a setup in some parent block failed.</message>
                      <stack-trace />
                    </failure>
                  </test-case>
                  <test-case description="Converts OKLCH to HEX" name="RGB, HSL, and Advanced Color Space Conversion Tests.OKLCH Conversions.Converts OKLCH to HEX" time="0" asserts="0" success="False" result="Failure" executed="True">
                    <failure>
                      <message>This test should run but it did not. Most likely a setup in some parent block failed.</message>
                      <stack-trace />
                    </failure>
                  </test-case>
                </results>
              </test-suite>
              <test-suite type="TestFixture" name="RGB, HSL, and Advanced Color Space Conversion Tests.OKLCHa Conversions" executed="True" result="Failure" success="False" time="0" asserts="0" description="RGB, HSL, and Advanced Color Space Conversion Tests.OKLCHa Conversions">
                <results>
                  <test-case description="Parses OKLCHa color with alpha" name="RGB, HSL, and Advanced Color Space Conversion Tests.OKLCHa Conversions.Parses OKLCHa color with alpha" time="0" asserts="0" success="False" result="Failure" executed="True">
                    <failure>
                      <message>This test should run but it did not. Most likely a setup in some parent block failed.</message>
                      <stack-trace />
                    </failure>
                  </test-case>
                  <test-case description="Converts RGBA to OKLCHa" name="RGB, HSL, and Advanced Color Space Conversion Tests.OKLCHa Conversions.Converts RGBA to OKLCHa" time="0" asserts="0" success="False" result="Failure" executed="True">
                    <failure>
                      <message>This test should run but it did not. Most likely a setup in some parent block failed.</message>
                      <stack-trace />
                    </failure>
                  </test-case>
                  <test-case description="Converts RGB to OKLCHa (defaults alpha to 1.0)" name="RGB, HSL, and Advanced Color Space Conversion Tests.OKLCHa Conversions.Converts RGB to OKLCHa (defaults alpha to 1.0)" time="0" asserts="0" success="False" result="Failure" executed="True">
                    <failure>
                      <message>This test should run but it did not. Most likely a setup in some parent block failed.</message>
                      <stack-trace />
                    </failure>
                  </test-case>
                </results>
              </test-suite>
            </results>
          </test-suite>
        </results>
      </test-suite>
      <test-suite type="TestFixture" name="C:\Users\bolen\Documents\PowerShell\tests\integration\conversion\media\images\avif.tests.ps1" executed="True" result="Failure" success="False" time="2.8078" asserts="0" description="C:\Users\bolen\Documents\PowerShell\tests\integration\conversion\media\images\avif.tests.ps1">
        <results>
          <test-suite type="TestFixture" name="AVIF Image Format Conversion Tests" executed="True" result="Failure" success="False" time="1.6166" asserts="0" description="AVIF Image Format Conversion Tests">
            <results>
              <test-suite type="TestFixture" name="AVIF Image Format Conversion Tests.Image conversion utilities - AVIF format" executed="True" result="Failure" success="False" time="0" asserts="0" description="AVIF Image Format Conversion Tests.Image conversion utilities - AVIF format">
                <results>
                  <test-case description="ConvertFrom-AvifToPng function exists" name="AVIF Image Format Conversion Tests.Image conversion utilities - AVIF format.ConvertFrom-AvifToPng function exists" time="0" asserts="0" success="False" result="Failure" executed="True">
                    <failure>
                      <message>This test should run but it did not. Most likely a setup in some parent block failed.</message>
                      <stack-trace />
                    </failure>
                  </test-case>
                  <test-case description="ConvertFrom-AvifToJpeg function exists" name="AVIF Image Format Conversion Tests.Image conversion utilities - AVIF format.ConvertFrom-AvifToJpeg function exists" time="0" asserts="0" success="False" result="Failure" executed="True">
                    <failure>
                      <message>This test should run but it did not. Most likely a setup in some parent block failed.</message>
                      <stack-trace />
                    </failure>
                  </test-case>
                  <test-case description="ConvertFrom-AvifToWebp function exists" name="AVIF Image Format Conversion Tests.Image conversion utilities - AVIF format.ConvertFrom-AvifToWebp function exists" time="0" asserts="0" success="False" result="Failure" executed="True">
                    <failure>
                      <message>This test should run but it did not. Most likely a setup in some parent block failed.</message>
                      <stack-trace />
                    </failure>
                  </test-case>
                  <test-case description="ConvertTo-AvifFromPng function exists" name="AVIF Image Format Conversion Tests.Image conversion utilities - AVIF format.ConvertTo-AvifFromPng function exists" time="0" asserts="0" success="False" result="Failure" executed="True">
                    <failure>
                      <message>This test should run but it did not. Most likely a setup in some parent block failed.</message>
                      <stack-trace />
                    </failure>
                  </test-case>
                  <test-case description="ConvertTo-AvifFromJpeg function exists" name="AVIF Image Format Conversion Tests.Image conversion utilities - AVIF format.ConvertTo-AvifFromJpeg function exists" time="0" asserts="0" success="False" result="Failure" executed="True">
                    <failure>
                      <message>This test should run but it did not. Most likely a setup in some parent block failed.</message>
                      <stack-trace />
                    </failure>
                  </test-case>
                  <test-case description="ConvertTo-AvifFromWebp function exists" name="AVIF Image Format Conversion Tests.Image conversion utilities - AVIF format.ConvertTo-AvifFromWebp function exists" time="0" asserts="0" success="False" result="Failure" executed="True">
                    <failure>
                      <message>This test should run but it did not. Most likely a setup in some parent block failed.</message>
                      <stack-trace />
                    </failure>
                  </test-case>
                  <test-case description="ConvertFrom-AvifToPng handles missing input file gracefully" name="AVIF Image Format Conversion Tests.Image conversion utilities - AVIF format.ConvertFrom-AvifToPng handles missing input file gracefully" time="0" asserts="0" success="False" result="Failure" executed="True">
                    <failure>
                      <message>This test should run but it did not. Most likely a setup in some parent block failed.</message>
                      <stack-trace />
                    </failure>
                  </test-case>
                </results>
              </test-suite>
            </results>
          </test-suite>
        </results>
      </test-suite>
      <test-suite type="TestFixture" name="C:\Users\bolen\Documents\PowerShell\tests\integration\conversion\media\images\bmp.tests.ps1" executed="True" result="Failure" success="False" time="2.7242" asserts="0" description="C:\Users\bolen\Documents\PowerShell\tests\integration\conversion\media\images\bmp.tests.ps1">
        <results>
          <test-suite type="TestFixture" name="BMP Image Format Conversion Tests" executed="True" result="Failure" success="False" time="1.5636" asserts="0" description="BMP Image Format Conversion Tests">
            <results>
              <test-suite type="TestFixture" name="BMP Image Format Conversion Tests.Image conversion utilities - BMP format" executed="True" result="Failure" success="False" time="0" asserts="0" description="BMP Image Format Conversion Tests.Image conversion utilities - BMP format">
                <results>
                  <test-case description="ConvertFrom-BmpToPng function exists" name="BMP Image Format Conversion Tests.Image conversion utilities - BMP format.ConvertFrom-BmpToPng function exists" time="0" asserts="0" success="False" result="Failure" executed="True">
                    <failure>
                      <message>This test should run but it did not. Most likely a setup in some parent block failed.</message>
                      <stack-trace />
                    </failure>
                  </test-case>
                  <test-case description="ConvertFrom-BmpToJpeg function exists" name="BMP Image Format Conversion Tests.Image conversion utilities - BMP format.ConvertFrom-BmpToJpeg function exists" time="0" asserts="0" success="False" result="Failure" executed="True">
                    <failure>
                      <message>This test should run but it did not. Most likely a setup in some parent block failed.</message>
                      <stack-trace />
                    </failure>
                  </test-case>
                  <test-case description="ConvertTo-BmpFromPng function exists" name="BMP Image Format Conversion Tests.Image conversion utilities - BMP format.ConvertTo-BmpFromPng function exists" time="0" asserts="0" success="False" result="Failure" executed="True">
                    <failure>
                      <message>This test should run but it did not. Most likely a setup in some parent block failed.</message>
                      <stack-trace />
                    </failure>
                  </test-case>
                  <test-case description="ConvertTo-BmpFromJpeg function exists" name="BMP Image Format Conversion Tests.Image conversion utilities - BMP format.ConvertTo-BmpFromJpeg function exists" time="0" asserts="0" success="False" result="Failure" executed="True">
                    <failure>
                      <message>This test should run but it did not. Most likely a setup in some parent block failed.</message>
                      <stack-trace />
                    </failure>
                  </test-case>
                  <test-case description="ConvertFrom-BmpToPng handles missing input file gracefully" name="BMP Image Format Conversion Tests.Image conversion utilities - BMP format.ConvertFrom-BmpToPng handles missing input file gracefully" time="0" asserts="0" success="False" result="Failure" executed="True">
                    <failure>
                      <message>This test should run but it did not. Most likely a setup in some parent block failed.</message>
                      <stack-trace />
                    </failure>
                  </test-case>
                </results>
              </test-suite>
            </results>
          </test-suite>
        </results>
      </test-suite>
      <test-suite type="TestFixture" name="C:\Users\bolen\Documents\PowerShell\tests\integration\conversion\media\images\heic.tests.ps1" executed="True" result="Failure" success="False" time="2.9099" asserts="0" description="C:\Users\bolen\Documents\PowerShell\tests\integration\conversion\media\images\heic.tests.ps1">
        <results>
          <test-suite type="TestFixture" name="HEIC/HEIF Image Format Conversion Tests" executed="True" result="Failure" success="False" time="1.4869" asserts="0" description="HEIC/HEIF Image Format Conversion Tests">
            <results>
              <test-suite type="TestFixture" name="HEIC/HEIF Image Format Conversion Tests.Image conversion utilities - HEIC/HEIF format" executed="True" result="Failure" success="False" time="0" asserts="0" description="HEIC/HEIF Image Format Conversion Tests.Image conversion utilities - HEIC/HEIF format">
                <results>
                  <test-case description="ConvertFrom-HeicToJpeg function exists" name="HEIC/HEIF Image Format Conversion Tests.Image conversion utilities - HEIC/HEIF format.ConvertFrom-HeicToJpeg function exists" time="0" asserts="0" success="False" result="Failure" executed="True">
                    <failure>
                      <message>This test should run but it did not. Most likely a setup in some parent block failed.</message>
                      <stack-trace />
                    </failure>
                  </test-case>
                  <test-case description="ConvertFrom-HeicToPng function exists" name="HEIC/HEIF Image Format Conversion Tests.Image conversion utilities - HEIC/HEIF format.ConvertFrom-HeicToPng function exists" time="0" asserts="0" success="False" result="Failure" executed="True">
                    <failure>
                      <message>This test should run but it did not. Most likely a setup in some parent block failed.</message>
                      <stack-trace />
                    </failure>
                  </test-case>
                  <test-case description="ConvertTo-HeicFromJpeg function exists" name="HEIC/HEIF Image Format Conversion Tests.Image conversion utilities - HEIC/HEIF format.ConvertTo-HeicFromJpeg function exists" time="0" asserts="0" success="False" result="Failure" executed="True">
                    <failure>
                      <message>This test should run but it did not. Most likely a setup in some parent block failed.</message>
                      <stack-trace />
                    </failure>
                  </test-case>
                  <test-case description="ConvertTo-HeicFromPng function exists" name="HEIC/HEIF Image Format Conversion Tests.Image conversion utilities - HEIC/HEIF format.ConvertTo-HeicFromPng function exists" time="0" asserts="0" success="False" result="Failure" executed="True">
                    <failure>
                      <message>This test should run but it did not. Most likely a setup in some parent block failed.</message>
                      <stack-trace />
                    </failure>
                  </test-case>
                  <test-case description="ConvertFrom-HeicToJpeg handles missing input file gracefully" name="HEIC/HEIF Image Format Conversion Tests.Image conversion utilities - HEIC/HEIF format.ConvertFrom-HeicToJpeg handles missing input file gracefully" time="0" asserts="0" success="False" result="Failure" executed="True">
                    <failure>
                      <message>This test should run but it did not. Most likely a setup in some parent block failed.</message>
                      <stack-trace />
                    </failure>
                  </test-case>
                </results>
              </test-suite>
            </results>
          </test-suite>
        </results>
      </test-suite>
      <test-suite type="TestFixture" name="C:\Users\bolen\Documents\PowerShell\tests\integration\conversion\media\images\ico.tests.ps1" executed="True" result="Failure" success="False" time="2.7622" asserts="0" description="C:\Users\bolen\Documents\PowerShell\tests\integration\conversion\media\images\ico.tests.ps1">
        <results>
          <test-suite type="TestFixture" name="ICO Image Format Conversion Tests" executed="True" result="Failure" success="False" time="1.3517" asserts="0" description="ICO Image Format Conversion Tests">
            <results>
              <test-suite type="TestFixture" name="ICO Image Format Conversion Tests.Image conversion utilities - ICO format" executed="True" result="Failure" success="False" time="0" asserts="0" description="ICO Image Format Conversion Tests.Image conversion utilities - ICO format">
                <results>
                  <test-case description="ConvertFrom-IcoToPng function exists" name="ICO Image Format Conversion Tests.Image conversion utilities - ICO format.ConvertFrom-IcoToPng function exists" time="0" asserts="0" success="False" result="Failure" executed="True">
                    <failure>
                      <message>This test should run but it did not. Most likely a setup in some parent block failed.</message>
                      <stack-trace />
                    </failure>
                  </test-case>
                  <test-case description="ConvertFrom-IcoToJpeg function exists" name="ICO Image Format Conversion Tests.Image conversion utilities - ICO format.ConvertFrom-IcoToJpeg function exists" time="0" asserts="0" success="False" result="Failure" executed="True">
                    <failure>
                      <message>This test should run but it did not. Most likely a setup in some parent block failed.</message>
                      <stack-trace />
                    </failure>
                  </test-case>
                  <test-case description="ConvertTo-IcoFromPng function exists" name="ICO Image Format Conversion Tests.Image conversion utilities - ICO format.ConvertTo-IcoFromPng function exists" time="0" asserts="0" success="False" result="Failure" executed="True">
                    <failure>
                      <message>This test should run but it did not. Most likely a setup in some parent block failed.</message>
                      <stack-trace />
                    </failure>
                  </test-case>
                  <test-case description="ConvertTo-IcoFromJpeg function exists" name="ICO Image Format Conversion Tests.Image conversion utilities - ICO format.ConvertTo-IcoFromJpeg function exists" time="0" asserts="0" success="False" result="Failure" executed="True">
                    <failure>
                      <message>This test should run but it did not. Most likely a setup in some parent block failed.</message>
                      <stack-trace />
                    </failure>
                  </test-case>
                  <test-case description="ConvertFrom-IcoToPng handles missing input file gracefully" name="ICO Image Format Conversion Tests.Image conversion utilities - ICO format.ConvertFrom-IcoToPng handles missing input file gracefully" time="0" asserts="0" success="False" result="Failure" executed="True">
                    <failure>
                      <message>This test should run but it did not. Most likely a setup in some parent block failed.</message>
                      <stack-trace />
                    </failure>
                  </test-case>
                </results>
              </test-suite>
            </results>
          </test-suite>
        </results>
      </test-suite>
      <test-suite type="TestFixture" name="C:\Users\bolen\Documents\PowerShell\tests\integration\conversion\media\images\legacy-image.tests.ps1" executed="True" result="Failure" success="False" time="2.5214" asserts="0" description="C:\Users\bolen\Documents\PowerShell\tests\integration\conversion\media\images\legacy-image.tests.ps1">
        <results>
          <test-suite type="TestFixture" name="Legacy Image Conversion Tests" executed="True" result="Failure" success="False" time="1.2884" asserts="0" description="Legacy Image Conversion Tests">
            <results>
              <test-suite type="TestFixture" name="Legacy Image Conversion Tests.Image conversion utilities - Legacy functions" executed="True" result="Failure" success="False" time="0" asserts="0" description="Legacy Image Conversion Tests.Image conversion utilities - Legacy functions">
                <results>
                  <test-case description="Convert-Image function exists and can be called" name="Legacy Image Conversion Tests.Image conversion utilities - Legacy functions.Convert-Image function exists and can be called" time="0" asserts="0" success="False" result="Failure" executed="True">
                    <failure>
                      <message>This test should run but it did not. Most likely a setup in some parent block failed.</message>
                      <stack-trace />
                    </failure>
                  </test-case>
                  <test-case description="Resize-Image function exists and can be called" name="Legacy Image Conversion Tests.Image conversion utilities - Legacy functions.Resize-Image function exists and can be called" time="0" asserts="0" success="False" result="Failure" executed="True">
                    <failure>
                      <message>This test should run but it did not. Most likely a setup in some parent block failed.</message>
                      <stack-trace />
                    </failure>
                  </test-case>
                </results>
              </test-suite>
            </results>
          </test-suite>
        </results>
      </test-suite>
      <test-suite type="TestFixture" name="C:\Users\bolen\Documents\PowerShell\tests\integration\conversion\media\images\svg.tests.ps1" executed="True" result="Failure" success="False" time="2.6095" asserts="0" description="C:\Users\bolen\Documents\PowerShell\tests\integration\conversion\media\images\svg.tests.ps1">
        <results>
          <test-suite type="TestFixture" name="SVG Image Format Conversion Tests" executed="True" result="Failure" success="False" time="1.4487" asserts="0" description="SVG Image Format Conversion Tests">
            <results>
              <test-suite type="TestFixture" name="SVG Image Format Conversion Tests.Image conversion utilities - SVG format" executed="True" result="Failure" success="False" time="0" asserts="0" description="SVG Image Format Conversion Tests.Image conversion utilities - SVG format">
                <results>
                  <test-case description="ConvertFrom-SvgToPng function exists" name="SVG Image Format Conversion Tests.Image conversion utilities - SVG format.ConvertFrom-SvgToPng function exists" time="0" asserts="0" success="False" result="Failure" executed="True">
                    <failure>
                      <message>This test should run but it did not. Most likely a setup in some parent block failed.</message>
                      <stack-trace />
                    </failure>
                  </test-case>
                  <test-case description="ConvertFrom-SvgToJpeg function exists" name="SVG Image Format Conversion Tests.Image conversion utilities - SVG format.ConvertFrom-SvgToJpeg function exists" time="0" asserts="0" success="False" result="Failure" executed="True">
                    <failure>
                      <message>This test should run but it did not. Most likely a setup in some parent block failed.</message>
                      <stack-trace />
                    </failure>
                  </test-case>
                  <test-case description="ConvertFrom-SvgToPdf function exists" name="SVG Image Format Conversion Tests.Image conversion utilities - SVG format.ConvertFrom-SvgToPdf function exists" time="0" asserts="0" success="False" result="Failure" executed="True">
                    <failure>
                      <message>This test should run but it did not. Most likely a setup in some parent block failed.</message>
                      <stack-trace />
                    </failure>
                  </test-case>
                  <test-case description="ConvertTo-SvgFromPng function exists" name="SVG Image Format Conversion Tests.Image conversion utilities - SVG format.ConvertTo-SvgFromPng function exists" time="0" asserts="0" success="False" result="Failure" executed="True">
                    <failure>
                      <message>This test should run but it did not. Most likely a setup in some parent block failed.</message>
                      <stack-trace />
                    </failure>
                  </test-case>
                  <test-case description="ConvertTo-SvgFromJpeg function exists" name="SVG Image Format Conversion Tests.Image conversion utilities - SVG format.ConvertTo-SvgFromJpeg function exists" time="0" asserts="0" success="False" result="Failure" executed="True">
                    <failure>
                      <message>This test should run but it did not. Most likely a setup in some parent block failed.</message>
                      <stack-trace />
                    </failure>
                  </test-case>
                  <test-case description="ConvertFrom-SvgToPng accepts width and height parameters" name="SVG Image Format Conversion Tests.Image conversion utilities - SVG format.ConvertFrom-SvgToPng accepts width and height parameters" time="0" asserts="0" success="False" result="Failure" executed="True">
                    <failure>
                      <message>This test should run but it did not. Most likely a setup in some parent block failed.</message>
                      <stack-trace />
                    </failure>
                  </test-case>
                  <test-case description="ConvertFrom-SvgToPng handles missing input file gracefully" name="SVG Image Format Conversion Tests.Image conversion utilities - SVG format.ConvertFrom-SvgToPng handles missing input file gracefully" time="0" asserts="0" success="False" result="Failure" executed="True">
                    <failure>
                      <message>This test should run but it did not. Most likely a setup in some parent block failed.</message>
                      <stack-trace />
                    </failure>
                  </test-case>
                </results>
              </test-suite>
            </results>
          </test-suite>
        </results>
      </test-suite>
      <test-suite type="TestFixture" name="C:\Users\bolen\Documents\PowerShell\tests\integration\conversion\media\images\tiff.tests.ps1" executed="True" result="Failure" success="False" time="2.7022" asserts="0" description="C:\Users\bolen\Documents\PowerShell\tests\integration\conversion\media\images\tiff.tests.ps1">
        <results>
          <test-suite type="TestFixture" name="TIFF Image Format Conversion Tests" executed="True" result="Failure" success="False" time="1.4242" asserts="0" description="TIFF Image Format Conversion Tests">
            <results>
              <test-suite type="TestFixture" name="TIFF Image Format Conversion Tests.Image conversion utilities - TIFF format" executed="True" result="Failure" success="False" time="0" asserts="0" description="TIFF Image Format Conversion Tests.Image conversion utilities - TIFF format">
                <results>
                  <test-case description="ConvertFrom-TiffToPng function exists" name="TIFF Image Format Conversion Tests.Image conversion utilities - TIFF format.ConvertFrom-TiffToPng function exists" time="0" asserts="0" success="False" result="Failure" executed="True">
                    <failure>
                      <message>This test should run but it did not. Most likely a setup in some parent block failed.</message>
                      <stack-trace />
                    </failure>
                  </test-case>
                  <test-case description="ConvertFrom-TiffToJpeg function exists" name="TIFF Image Format Conversion Tests.Image conversion utilities - TIFF format.ConvertFrom-TiffToJpeg function exists" time="0" asserts="0" success="False" result="Failure" executed="True">
                    <failure>
                      <message>This test should run but it did not. Most likely a setup in some parent block failed.</message>
                      <stack-trace />
                    </failure>
                  </test-case>
                  <test-case description="ConvertFrom-TiffToPdf function exists" name="TIFF Image Format Conversion Tests.Image conversion utilities - TIFF format.ConvertFrom-TiffToPdf function exists" time="0" asserts="0" success="False" result="Failure" executed="True">
                    <failure>
                      <message>This test should run but it did not. Most likely a setup in some parent block failed.</message>
                      <stack-trace />
                    </failure>
                  </test-case>
                  <test-case description="ConvertTo-TiffFromPng function exists" name="TIFF Image Format Conversion Tests.Image conversion utilities - TIFF format.ConvertTo-TiffFromPng function exists" time="0" asserts="0" success="False" result="Failure" executed="True">
                    <failure>
                      <message>This test should run but it did not. Most likely a setup in some parent block failed.</message>
                      <stack-trace />
                    </failure>
                  </test-case>
                  <test-case description="ConvertTo-TiffFromJpeg function exists" name="TIFF Image Format Conversion Tests.Image conversion utilities - TIFF format.ConvertTo-TiffFromJpeg function exists" time="0" asserts="0" success="False" result="Failure" executed="True">
                    <failure>
                      <message>This test should run but it did not. Most likely a setup in some parent block failed.</message>
                      <stack-trace />
                    </failure>
                  </test-case>
                  <test-case description="ConvertTo-TiffFromPdf function exists" name="TIFF Image Format Conversion Tests.Image conversion utilities - TIFF format.ConvertTo-TiffFromPdf function exists" time="0" asserts="0" success="False" result="Failure" executed="True">
                    <failure>
                      <message>This test should run but it did not. Most likely a setup in some parent block failed.</message>
                      <stack-trace />
                    </failure>
                  </test-case>
                  <test-case description="ConvertFrom-TiffToPng handles missing input file gracefully" name="TIFF Image Format Conversion Tests.Image conversion utilities - TIFF format.ConvertFrom-TiffToPng handles missing input file gracefully" time="0" asserts="0" success="False" result="Failure" executed="True">
                    <failure>
                      <message>This test should run but it did not. Most likely a setup in some parent block failed.</message>
                      <stack-trace />
                    </failure>
                  </test-case>
                  <test-case description="ConvertTo-TiffFromPng accepts compression parameter" name="TIFF Image Format Conversion Tests.Image conversion utilities - TIFF format.ConvertTo-TiffFromPng accepts compression parameter" time="0" asserts="0" success="False" result="Failure" executed="True">
                    <failure>
                      <message>This test should run but it did not. Most likely a setup in some parent block failed.</message>
                      <stack-trace />
                    </failure>
                  </test-case>
                </results>
              </test-suite>
            </results>
          </test-suite>
        </results>
      </test-suite>
      <test-suite type="TestFixture" name="C:\Users\bolen\Documents\PowerShell\tests\integration\conversion\media\images\webp.tests.ps1" executed="True" result="Failure" success="False" time="3.0028" asserts="0" description="C:\Users\bolen\Documents\PowerShell\tests\integration\conversion\media\images\webp.tests.ps1">
        <results>
          <test-suite type="TestFixture" name="WebP Image Format Conversion Tests" executed="True" result="Failure" success="False" time="1.4432" asserts="0" description="WebP Image Format Conversion Tests">
            <results>
              <test-suite type="TestFixture" name="WebP Image Format Conversion Tests.Image conversion utilities - WebP format" executed="True" result="Failure" success="False" time="0" asserts="0" description="WebP Image Format Conversion Tests.Image conversion utilities - WebP format">
                <results>
                  <test-case description="ConvertFrom-WebpToPng function exists" name="WebP Image Format Conversion Tests.Image conversion utilities - WebP format.ConvertFrom-WebpToPng function exists" time="0" asserts="0" success="False" result="Failure" executed="True">
                    <failure>
                      <message>This test should run but it did not. Most likely a setup in some parent block failed.</message>
                      <stack-trace />
                    </failure>
                  </test-case>
                  <test-case description="ConvertFrom-WebpToJpeg function exists" name="WebP Image Format Conversion Tests.Image conversion utilities - WebP format.ConvertFrom-WebpToJpeg function exists" time="0" asserts="0" success="False" result="Failure" executed="True">
                    <failure>
                      <message>This test should run but it did not. Most likely a setup in some parent block failed.</message>
                      <stack-trace />
                    </failure>
                  </test-case>
                  <test-case description="ConvertFrom-WebpToGif function exists" name="WebP Image Format Conversion Tests.Image conversion utilities - WebP format.ConvertFrom-WebpToGif function exists" time="0" asserts="0" success="False" result="Failure" executed="True">
                    <failure>
                      <message>This test should run but it did not. Most likely a setup in some parent block failed.</message>
                      <stack-trace />
                    </failure>
                  </test-case>
                  <test-case description="ConvertTo-WebpFromPng function exists" name="WebP Image Format Conversion Tests.Image conversion utilities - WebP format.ConvertTo-WebpFromPng function exists" time="0" asserts="0" success="False" result="Failure" executed="True">
                    <failure>
                      <message>This test should run but it did not. Most likely a setup in some parent block failed.</message>
                      <stack-trace />
                    </failure>
                  </test-case>
                  <test-case description="ConvertTo-WebpFromJpeg function exists" name="WebP Image Format Conversion Tests.Image conversion utilities - WebP format.ConvertTo-WebpFromJpeg function exists" time="0" asserts="0" success="False" result="Failure" executed="True">
                    <failure>
                      <message>This test should run but it did not. Most likely a setup in some parent block failed.</message>
                      <stack-trace />
                    </failure>
                  </test-case>
                  <test-case description="ConvertTo-WebpFromGif function exists" name="WebP Image Format Conversion Tests.Image conversion utilities - WebP format.ConvertTo-WebpFromGif function exists" time="0" asserts="0" success="False" result="Failure" executed="True">
                    <failure>
                      <message>This test should run but it did not. Most likely a setup in some parent block failed.</message>
                      <stack-trace />
                    </failure>
                  </test-case>
                  <test-case description="ConvertFrom-WebpToPng handles missing input file gracefully" name="WebP Image Format Conversion Tests.Image conversion utilities - WebP format.ConvertFrom-WebpToPng handles missing input file gracefully" time="0" asserts="0" success="False" result="Failure" executed="True">
                    <failure>
                      <message>This test should run but it did not. Most likely a setup in some parent block failed.</message>
                      <stack-trace />
                    </failure>
                  </test-case>
                  <test-case description="ConvertFrom-WebpToJpeg accepts quality parameter" name="WebP Image Format Conversion Tests.Image conversion utilities - WebP format.ConvertFrom-WebpToJpeg accepts quality parameter" time="0" asserts="0" success="False" result="Failure" executed="True">
                    <failure>
                      <message>This test should run but it did not. Most likely a setup in some parent block failed.</message>
                      <stack-trace />
                    </failure>
                  </test-case>
                </results>
              </test-suite>
            </results>
          </test-suite>
        </results>
      </test-suite>
      <test-suite type="TestFixture" name="C:\Users\bolen\Documents\PowerShell\tests\integration\conversion\media\video\video-to-audio.tests.ps1" executed="True" result="Failure" success="False" time="2.5394" asserts="0" description="C:\Users\bolen\Documents\PowerShell\tests\integration\conversion\media\video\video-to-audio.tests.ps1">
        <results>
          <test-suite type="TestFixture" name="Video to Audio Extraction Tests" executed="True" result="Failure" success="False" time="1.3833" asserts="0" description="Video to Audio Extraction Tests">
            <results>
              <test-suite type="TestFixture" name="Video to Audio Extraction Tests.Audio conversion utilities - Video to Audio extraction" executed="True" result="Failure" success="False" time="0" asserts="0" description="Video to Audio Extraction Tests.Audio conversion utilities - Video to Audio extraction">
                <results>
                  <test-case description="ConvertFrom-VideoToAudio function exists" name="Video to Audio Extraction Tests.Audio conversion utilities - Video to Audio extraction.ConvertFrom-VideoToAudio function exists" time="0" asserts="0" success="False" result="Failure" executed="True">
                    <failure>
                      <message>This test should run but it did not. Most likely a setup in some parent block failed.</message>
                      <stack-trace />
                    </failure>
                  </test-case>
                  <test-case description="ConvertFrom-VideoToAudio accepts Format parameter" name="Video to Audio Extraction Tests.Audio conversion utilities - Video to Audio extraction.ConvertFrom-VideoToAudio accepts Format parameter" time="0" asserts="0" success="False" result="Failure" executed="True">
                    <failure>
                      <message>This test should run but it did not. Most likely a setup in some parent block failed.</message>
                      <stack-trace />
                    </failure>
                  </test-case>
                  <test-case description="ConvertFrom-VideoToAudio accepts Bitrate parameter" name="Video to Audio Extraction Tests.Audio conversion utilities - Video to Audio extraction.ConvertFrom-VideoToAudio accepts Bitrate parameter" time="0" asserts="0" success="False" result="Failure" executed="True">
                    <failure>
                      <message>This test should run but it did not. Most likely a setup in some parent block failed.</message>
                      <stack-trace />
                    </failure>
                  </test-case>
                  <test-case description="ConvertFrom-VideoToAudio handles missing input file gracefully" name="Video to Audio Extraction Tests.Audio conversion utilities - Video to Audio extraction.ConvertFrom-VideoToAudio handles missing input file gracefully" time="0" asserts="0" success="False" result="Failure" executed="True">
                    <failure>
                      <message>This test should run but it did not. Most likely a setup in some parent block failed.</message>
                      <stack-trace />
                    </failure>
                  </test-case>
                  <test-case description="ConvertFrom-VideoToAudio supports all audio formats" name="Video to Audio Extraction Tests.Audio conversion utilities - Video to Audio extraction.ConvertFrom-VideoToAudio supports all audio formats" time="0" asserts="0" success="False" result="Failure" executed="True">
                    <failure>
                      <message>This test should run but it did not. Most likely a setup in some parent block failed.</message>
                      <stack-trace />
                    </failure>
                  </test-case>
                </results>
              </test-suite>
            </results>
          </test-suite>
        </results>
      </test-suite>
      <test-suite type="TestFixture" name="C:\Users\bolen\Documents\PowerShell\tests\integration\conversion\media\video\video-to-gif.tests.ps1" executed="True" result="Failure" success="False" time="2.4781" asserts="0" description="C:\Users\bolen\Documents\PowerShell\tests\integration\conversion\media\video\video-to-gif.tests.ps1">
        <results>
          <test-suite type="TestFixture" name="Video to GIF Conversion Tests" executed="True" result="Failure" success="False" time="1.3926" asserts="0" description="Video to GIF Conversion Tests">
            <results>
              <test-suite type="TestFixture" name="Video to GIF Conversion Tests.Video conversion utilities" executed="True" result="Failure" success="False" time="0" asserts="0" description="Video to GIF Conversion Tests.Video conversion utilities">
                <results>
                  <test-case description="ConvertFrom-VideoToGif converts video to GIF" name="Video to GIF Conversion Tests.Video conversion utilities.ConvertFrom-VideoToGif converts video to GIF" time="0" asserts="0" success="False" result="Failure" executed="True">
                    <failure>
                      <message>This test should run but it did not. Most likely a setup in some parent block failed.</message>
                      <stack-trace />
                    </failure>
                  </test-case>
                </results>
              </test-suite>
            </results>
          </test-suite>
        </results>
      </test-suite>
    </results>
  </test-suite>
</test-results>