<?xml version="1.0" encoding="utf-8" standalone="no"?>
<test-results xmlns:xsi="http://www.w3.org/2001/XMLSchema-instance" xsi:noNamespaceSchemaLocation="nunit_schema_2.5.xsd" name="Pester" total="156" errors="0" failures="156" not-run="0" inconclusive="0" ignored="0" skipped="0" invalid="0" date="2025-12-01" time="09:58:12">
  <environment nunit-version="2.5.8.0" clr-version="10.0.0" user="bolen" user-domain="BAMBOO" platform="Microsoft Windows 11 Pro|C:\WINDOWS|\Device\Harddisk4\Partition4" cwd="C:\Users\bolen\Documents\PowerShell" os-version="10.0.28000" machine-name="BAMBOO" />
  <culture-info current-culture="en-US" current-uiculture="en-US" />
  <test-suite type="TestFixture" name="Pester" executed="True" result="Failure" success="False" time="248.9261" asserts="0" description="Pester">
    <results>
      <test-suite type="TestFixture" name="C:\Users\bolen\Documents\PowerShell\tests\integration\conversion\document\document-roundtrip.tests.ps1" executed="True" result="Failure" success="False" time="233.173" asserts="0" description="C:\Users\bolen\Documents\PowerShell\tests\integration\conversion\document\document-roundtrip.tests.ps1">
        <results>
          <test-suite type="TestFixture" name="Document Roundtrip Conversion Tests" executed="True" result="Failure" success="False" time="231.4989" asserts="0" description="Document Roundtrip Conversion Tests">
            <results>
              <test-suite type="TestFixture" name="Document Roundtrip Conversion Tests.Cross-format document roundtrip conversions" executed="True" result="Failure" success="False" time="0" asserts="0" description="Document Roundtrip Conversion Tests.Cross-format document roundtrip conversions">
                <results>
                  <test-case description="Markdown -&gt; HTML -&gt; Markdown roundtrip" name="Document Roundtrip Conversion Tests.Cross-format document roundtrip conversions.Markdown -&gt; HTML -&gt; Markdown roundtrip" time="0" asserts="0" success="False" result="Failure" executed="True">
                    <failure>
                      <message>This test should run but it did not. Most likely a setup in some parent block failed.</message>
                      <stack-trace />
                    </failure>
                  </test-case>
                  <test-case description="DOCX -&gt; Markdown -&gt; DOCX roundtrip" name="Document Roundtrip Conversion Tests.Cross-format document roundtrip conversions.DOCX -&gt; Markdown -&gt; DOCX roundtrip" time="0" asserts="0" success="False" result="Failure" executed="True">
                    <failure>
                      <message>This test should run but it did not. Most likely a setup in some parent block failed.</message>
                      <stack-trace />
                    </failure>
                  </test-case>
                  <test-case description="EPUB -&gt; Markdown -&gt; EPUB roundtrip" name="Document Roundtrip Conversion Tests.Cross-format document roundtrip conversions.EPUB -&gt; Markdown -&gt; EPUB roundtrip" time="0" asserts="0" success="False" result="Failure" executed="True">
                    <failure>
                      <message>This test should run but it did not. Most likely a setup in some parent block failed.</message>
                      <stack-trace />
                    </failure>
                  </test-case>
                  <test-case description="ODT -&gt; DOCX -&gt; ODT roundtrip" name="Document Roundtrip Conversion Tests.Cross-format document roundtrip conversions.ODT -&gt; DOCX -&gt; ODT roundtrip" time="0" asserts="0" success="False" result="Failure" executed="True">
                    <failure>
                      <message>This test should run but it did not. Most likely a setup in some parent block failed.</message>
                      <stack-trace />
                    </failure>
                  </test-case>
                  <test-case description="Textile -&gt; Markdown -&gt; Textile roundtrip" name="Document Roundtrip Conversion Tests.Cross-format document roundtrip conversions.Textile -&gt; Markdown -&gt; Textile roundtrip" time="0" asserts="0" success="False" result="Failure" executed="True">
                    <failure>
                      <message>This test should run but it did not. Most likely a setup in some parent block failed.</message>
                      <stack-trace />
                    </failure>
                  </test-case>
                  <test-case description="LaTeX -&gt; Markdown -&gt; LaTeX roundtrip" name="Document Roundtrip Conversion Tests.Cross-format document roundtrip conversions.LaTeX -&gt; Markdown -&gt; LaTeX roundtrip" time="0" asserts="0" success="False" result="Failure" executed="True">
                    <failure>
                      <message>This test should run but it did not. Most likely a setup in some parent block failed.</message>
                      <stack-trace />
                    </failure>
                  </test-case>
                  <test-case description="RST -&gt; Markdown -&gt; RST roundtrip" name="Document Roundtrip Conversion Tests.Cross-format document roundtrip conversions.RST -&gt; Markdown -&gt; RST roundtrip" time="0" asserts="0" success="False" result="Failure" executed="True">
                    <failure>
                      <message>This test should run but it did not. Most likely a setup in some parent block failed.</message>
                      <stack-trace />
                    </failure>
                  </test-case>
                  <test-case description="AsciiDoc -&gt; Markdown -&gt; AsciiDoc roundtrip" name="Document Roundtrip Conversion Tests.Cross-format document roundtrip conversions.AsciiDoc -&gt; Markdown -&gt; AsciiDoc roundtrip" time="0" asserts="0" success="False" result="Failure" executed="True">
                    <failure>
                      <message>This test should run but it did not. Most likely a setup in some parent block failed.</message>
                      <stack-trace />
                    </failure>
                  </test-case>
                  <test-case description="Org-mode -&gt; Markdown -&gt; Org-mode roundtrip" name="Document Roundtrip Conversion Tests.Cross-format document roundtrip conversions.Org-mode -&gt; Markdown -&gt; Org-mode roundtrip" time="0" asserts="0" success="False" result="Failure" executed="True">
                    <failure>
                      <message>This test should run but it did not. Most likely a setup in some parent block failed.</message>
                      <stack-trace />
                    </failure>
                  </test-case>
                  <test-case description="MOBI -&gt; EPUB -&gt; MOBI roundtrip" name="Document Roundtrip Conversion Tests.Cross-format document roundtrip conversions.MOBI -&gt; EPUB -&gt; MOBI roundtrip" time="0" asserts="0" success="False" result="Failure" executed="True">
                    <failure>
                      <message>This test should run but it did not. Most likely a setup in some parent block failed.</message>
                      <stack-trace />
                    </failure>
                  </test-case>
                </results>
              </test-suite>
            </results>
          </test-suite>
        </results>
      </test-suite>
      <test-suite type="TestFixture" name="C:\Users\bolen\Documents\PowerShell\tests\integration\conversion\document\docx.tests.ps1" executed="True" result="Failure" success="False" time="2.9168" asserts="0" description="C:\Users\bolen\Documents\PowerShell\tests\integration\conversion\document\docx.tests.ps1">
        <results>
          <test-suite type="TestFixture" name="DOCX and Office Document Conversion Tests" executed="True" result="Failure" success="False" time="1.5731" asserts="0" description="DOCX and Office Document Conversion Tests">
            <results>
              <test-suite type="TestFixture" name="DOCX and Office Document Conversion Tests.PDF conversion utilities" executed="True" result="Failure" success="False" time="0" asserts="0" description="DOCX and Office Document Conversion Tests.PDF conversion utilities">
                <results>
                  <test-case description="ConvertFrom-PdfToText extracts text from PDF" name="DOCX and Office Document Conversion Tests.PDF conversion utilities.ConvertFrom-PdfToText extracts text from PDF" time="0" asserts="0" success="False" result="Failure" executed="True">
                    <failure>
                      <message>This test should run but it did not. Most likely a setup in some parent block failed.</message>
                      <stack-trace />
                    </failure>
                  </test-case>
                  <test-case description="Merge-Pdf function exists and can be called" name="DOCX and Office Document Conversion Tests.PDF conversion utilities.Merge-Pdf function exists and can be called" time="0" asserts="0" success="False" result="Failure" executed="True">
                    <failure>
                      <message>This test should run but it did not. Most likely a setup in some parent block failed.</message>
                      <stack-trace />
                    </failure>
                  </test-case>
                </results>
              </test-suite>
              <test-suite type="TestFixture" name="DOCX and Office Document Conversion Tests.Office document conversion utilities - DOCX" executed="True" result="Failure" success="False" time="0" asserts="0" description="DOCX and Office Document Conversion Tests.Office document conversion utilities - DOCX">
                <results>
                  <test-case description="ConvertFrom-DocxToMarkdown converts DOCX to Markdown" name="DOCX and Office Document Conversion Tests.Office document conversion utilities - DOCX.ConvertFrom-DocxToMarkdown converts DOCX to Markdown" time="0" asserts="0" success="False" result="Failure" executed="True">
                    <failure>
                      <message>This test should run but it did not. Most likely a setup in some parent block failed.</message>
                      <stack-trace />
                    </failure>
                  </test-case>
                  <test-case description="ConvertTo-HtmlFromMarkdown converts Markdown to HTML" name="DOCX and Office Document Conversion Tests.Office document conversion utilities - DOCX.ConvertTo-HtmlFromMarkdown converts Markdown to HTML" time="0" asserts="0" success="False" result="Failure" executed="True">
                    <failure>
                      <message>This test should run but it did not. Most likely a setup in some parent block failed.</message>
                      <stack-trace />
                    </failure>
                  </test-case>
                </results>
              </test-suite>
              <test-suite type="TestFixture" name="DOCX and Office Document Conversion Tests.Office document conversion utilities - ODT" executed="True" result="Failure" success="False" time="0" asserts="0" description="DOCX and Office Document Conversion Tests.Office document conversion utilities - ODT">
                <results>
                  <test-case description="ConvertFrom-OdtToMarkdown function exists" name="DOCX and Office Document Conversion Tests.Office document conversion utilities - ODT.ConvertFrom-OdtToMarkdown function exists" time="0" asserts="0" success="False" result="Failure" executed="True">
                    <failure>
                      <message>This test should run but it did not. Most likely a setup in some parent block failed.</message>
                      <stack-trace />
                    </failure>
                  </test-case>
                  <test-case description="ConvertFrom-OdtToHtml function exists" name="DOCX and Office Document Conversion Tests.Office document conversion utilities - ODT.ConvertFrom-OdtToHtml function exists" time="0" asserts="0" success="False" result="Failure" executed="True">
                    <failure>
                      <message>This test should run but it did not. Most likely a setup in some parent block failed.</message>
                      <stack-trace />
                    </failure>
                  </test-case>
                  <test-case description="ConvertFrom-OdtToPdf function exists" name="DOCX and Office Document Conversion Tests.Office document conversion utilities - ODT.ConvertFrom-OdtToPdf function exists" time="0" asserts="0" success="False" result="Failure" executed="True">
                    <failure>
                      <message>This test should run but it did not. Most likely a setup in some parent block failed.</message>
                      <stack-trace />
                    </failure>
                  </test-case>
                  <test-case description="ConvertFrom-OdtToDocx function exists" name="DOCX and Office Document Conversion Tests.Office document conversion utilities - ODT.ConvertFrom-OdtToDocx function exists" time="0" asserts="0" success="False" result="Failure" executed="True">
                    <failure>
                      <message>This test should run but it did not. Most likely a setup in some parent block failed.</message>
                      <stack-trace />
                    </failure>
                  </test-case>
                  <test-case description="ConvertFrom-OdtToLatex function exists" name="DOCX and Office Document Conversion Tests.Office document conversion utilities - ODT.ConvertFrom-OdtToLatex function exists" time="0" asserts="0" success="False" result="Failure" executed="True">
                    <failure>
                      <message>This test should run but it did not. Most likely a setup in some parent block failed.</message>
                      <stack-trace />
                    </failure>
                  </test-case>
                  <test-case description="ConvertTo-OdtFromMarkdown function exists" name="DOCX and Office Document Conversion Tests.Office document conversion utilities - ODT.ConvertTo-OdtFromMarkdown function exists" time="0" asserts="0" success="False" result="Failure" executed="True">
                    <failure>
                      <message>This test should run but it did not. Most likely a setup in some parent block failed.</message>
                      <stack-trace />
                    </failure>
                  </test-case>
                  <test-case description="ConvertTo-OdtFromDocx function exists" name="DOCX and Office Document Conversion Tests.Office document conversion utilities - ODT.ConvertTo-OdtFromDocx function exists" time="0" asserts="0" success="False" result="Failure" executed="True">
                    <failure>
                      <message>This test should run but it did not. Most likely a setup in some parent block failed.</message>
                      <stack-trace />
                    </failure>
                  </test-case>
                  <test-case description="ConvertFrom-OdtToMarkdown handles missing input file gracefully" name="DOCX and Office Document Conversion Tests.Office document conversion utilities - ODT.ConvertFrom-OdtToMarkdown handles missing input file gracefully" time="0" asserts="0" success="False" result="Failure" executed="True">
                    <failure>
                      <message>This test should run but it did not. Most likely a setup in some parent block failed.</message>
                      <stack-trace />
                    </failure>
                  </test-case>
                </results>
              </test-suite>
              <test-suite type="TestFixture" name="DOCX and Office Document Conversion Tests.Office document conversion utilities - ODS" executed="True" result="Failure" success="False" time="0" asserts="0" description="DOCX and Office Document Conversion Tests.Office document conversion utilities - ODS">
                <results>
                  <test-case description="ConvertFrom-OdsToCsv function exists" name="DOCX and Office Document Conversion Tests.Office document conversion utilities - ODS.ConvertFrom-OdsToCsv function exists" time="0" asserts="0" success="False" result="Failure" executed="True">
                    <failure>
                      <message>This test should run but it did not. Most likely a setup in some parent block failed.</message>
                      <stack-trace />
                    </failure>
                  </test-case>
                  <test-case description="ConvertFrom-OdsToHtml function exists" name="DOCX and Office Document Conversion Tests.Office document conversion utilities - ODS.ConvertFrom-OdsToHtml function exists" time="0" asserts="0" success="False" result="Failure" executed="True">
                    <failure>
                      <message>This test should run but it did not. Most likely a setup in some parent block failed.</message>
                      <stack-trace />
                    </failure>
                  </test-case>
                  <test-case description="ConvertFrom-OdsToPdf function exists" name="DOCX and Office Document Conversion Tests.Office document conversion utilities - ODS.ConvertFrom-OdsToPdf function exists" time="0" asserts="0" success="False" result="Failure" executed="True">
                    <failure>
                      <message>This test should run but it did not. Most likely a setup in some parent block failed.</message>
                      <stack-trace />
                    </failure>
                  </test-case>
                  <test-case description="ConvertTo-OdsFromCsv function exists" name="DOCX and Office Document Conversion Tests.Office document conversion utilities - ODS.ConvertTo-OdsFromCsv function exists" time="0" asserts="0" success="False" result="Failure" executed="True">
                    <failure>
                      <message>This test should run but it did not. Most likely a setup in some parent block failed.</message>
                      <stack-trace />
                    </failure>
                  </test-case>
                  <test-case description="ConvertFrom-OdsToCsv handles missing input file gracefully" name="DOCX and Office Document Conversion Tests.Office document conversion utilities - ODS.ConvertFrom-OdsToCsv handles missing input file gracefully" time="0" asserts="0" success="False" result="Failure" executed="True">
                    <failure>
                      <message>This test should run but it did not. Most likely a setup in some parent block failed.</message>
                      <stack-trace />
                    </failure>
                  </test-case>
                </results>
              </test-suite>
              <test-suite type="TestFixture" name="DOCX and Office Document Conversion Tests.Office document conversion utilities - ODP" executed="True" result="Failure" success="False" time="0" asserts="0" description="DOCX and Office Document Conversion Tests.Office document conversion utilities - ODP">
                <results>
                  <test-case description="ConvertFrom-OdpToHtml function exists" name="DOCX and Office Document Conversion Tests.Office document conversion utilities - ODP.ConvertFrom-OdpToHtml function exists" time="0" asserts="0" success="False" result="Failure" executed="True">
                    <failure>
                      <message>This test should run but it did not. Most likely a setup in some parent block failed.</message>
                      <stack-trace />
                    </failure>
                  </test-case>
                  <test-case description="ConvertFrom-OdpToPdf function exists" name="DOCX and Office Document Conversion Tests.Office document conversion utilities - ODP.ConvertFrom-OdpToPdf function exists" time="0" asserts="0" success="False" result="Failure" executed="True">
                    <failure>
                      <message>This test should run but it did not. Most likely a setup in some parent block failed.</message>
                      <stack-trace />
                    </failure>
                  </test-case>
                  <test-case description="ConvertFrom-OdpToPptx function exists" name="DOCX and Office Document Conversion Tests.Office document conversion utilities - ODP.ConvertFrom-OdpToPptx function exists" time="0" asserts="0" success="False" result="Failure" executed="True">
                    <failure>
                      <message>This test should run but it did not. Most likely a setup in some parent block failed.</message>
                      <stack-trace />
                    </failure>
                  </test-case>
                  <test-case description="ConvertTo-OdpFromPptx function exists" name="DOCX and Office Document Conversion Tests.Office document conversion utilities - ODP.ConvertTo-OdpFromPptx function exists" time="0" asserts="0" success="False" result="Failure" executed="True">
                    <failure>
                      <message>This test should run but it did not. Most likely a setup in some parent block failed.</message>
                      <stack-trace />
                    </failure>
                  </test-case>
                  <test-case description="ConvertFrom-OdpToHtml handles missing input file gracefully" name="DOCX and Office Document Conversion Tests.Office document conversion utilities - ODP.ConvertFrom-OdpToHtml handles missing input file gracefully" time="0" asserts="0" success="False" result="Failure" executed="True">
                    <failure>
                      <message>This test should run but it did not. Most likely a setup in some parent block failed.</message>
                      <stack-trace />
                    </failure>
                  </test-case>
                </results>
              </test-suite>
              <test-suite type="TestFixture" name="DOCX and Office Document Conversion Tests.Office document conversion utilities - RTF" executed="True" result="Failure" success="False" time="0" asserts="0" description="DOCX and Office Document Conversion Tests.Office document conversion utilities - RTF">
                <results>
                  <test-case description="ConvertFrom-RtfToMarkdown function exists" name="DOCX and Office Document Conversion Tests.Office document conversion utilities - RTF.ConvertFrom-RtfToMarkdown function exists" time="0" asserts="0" success="False" result="Failure" executed="True">
                    <failure>
                      <message>This test should run but it did not. Most likely a setup in some parent block failed.</message>
                      <stack-trace />
                    </failure>
                  </test-case>
                  <test-case description="ConvertFrom-RtfToHtml function exists" name="DOCX and Office Document Conversion Tests.Office document conversion utilities - RTF.ConvertFrom-RtfToHtml function exists" time="0" asserts="0" success="False" result="Failure" executed="True">
                    <failure>
                      <message>This test should run but it did not. Most likely a setup in some parent block failed.</message>
                      <stack-trace />
                    </failure>
                  </test-case>
                  <test-case description="ConvertFrom-RtfToPdf function exists" name="DOCX and Office Document Conversion Tests.Office document conversion utilities - RTF.ConvertFrom-RtfToPdf function exists" time="0" asserts="0" success="False" result="Failure" executed="True">
                    <failure>
                      <message>This test should run but it did not. Most likely a setup in some parent block failed.</message>
                      <stack-trace />
                    </failure>
                  </test-case>
                  <test-case description="ConvertFrom-RtfToDocx function exists" name="DOCX and Office Document Conversion Tests.Office document conversion utilities - RTF.ConvertFrom-RtfToDocx function exists" time="0" asserts="0" success="False" result="Failure" executed="True">
                    <failure>
                      <message>This test should run but it did not. Most likely a setup in some parent block failed.</message>
                      <stack-trace />
                    </failure>
                  </test-case>
                  <test-case description="ConvertFrom-RtfToText function exists" name="DOCX and Office Document Conversion Tests.Office document conversion utilities - RTF.ConvertFrom-RtfToText function exists" time="0" asserts="0" success="False" result="Failure" executed="True">
                    <failure>
                      <message>This test should run but it did not. Most likely a setup in some parent block failed.</message>
                      <stack-trace />
                    </failure>
                  </test-case>
                  <test-case description="ConvertTo-RtfFromMarkdown function exists" name="DOCX and Office Document Conversion Tests.Office document conversion utilities - RTF.ConvertTo-RtfFromMarkdown function exists" time="0" asserts="0" success="False" result="Failure" executed="True">
                    <failure>
                      <message>This test should run but it did not. Most likely a setup in some parent block failed.</message>
                      <stack-trace />
                    </failure>
                  </test-case>
                  <test-case description="ConvertTo-RtfFromDocx function exists" name="DOCX and Office Document Conversion Tests.Office document conversion utilities - RTF.ConvertTo-RtfFromDocx function exists" time="0" asserts="0" success="False" result="Failure" executed="True">
                    <failure>
                      <message>This test should run but it did not. Most likely a setup in some parent block failed.</message>
                      <stack-trace />
                    </failure>
                  </test-case>
                  <test-case description="ConvertFrom-RtfToMarkdown handles missing input file gracefully" name="DOCX and Office Document Conversion Tests.Office document conversion utilities - RTF.ConvertFrom-RtfToMarkdown handles missing input file gracefully" time="0" asserts="0" success="False" result="Failure" executed="True">
                    <failure>
                      <message>This test should run but it did not. Most likely a setup in some parent block failed.</message>
                      <stack-trace />
                    </failure>
                  </test-case>
                </results>
              </test-suite>
              <test-suite type="TestFixture" name="DOCX and Office Document Conversion Tests.Office document conversion utilities - Excel" executed="True" result="Failure" success="False" time="0" asserts="0" description="DOCX and Office Document Conversion Tests.Office document conversion utilities - Excel">
                <results>
                  <test-case description="ConvertFrom-ExcelToCsv function exists" name="DOCX and Office Document Conversion Tests.Office document conversion utilities - Excel.ConvertFrom-ExcelToCsv function exists" time="0" asserts="0" success="False" result="Failure" executed="True">
                    <failure>
                      <message>This test should run but it did not. Most likely a setup in some parent block failed.</message>
                      <stack-trace />
                    </failure>
                  </test-case>
                  <test-case description="ConvertFrom-ExcelToJson function exists" name="DOCX and Office Document Conversion Tests.Office document conversion utilities - Excel.ConvertFrom-ExcelToJson function exists" time="0" asserts="0" success="False" result="Failure" executed="True">
                    <failure>
                      <message>This test should run but it did not. Most likely a setup in some parent block failed.</message>
                      <stack-trace />
                    </failure>
                  </test-case>
                  <test-case description="ConvertFrom-ExcelToHtml function exists" name="DOCX and Office Document Conversion Tests.Office document conversion utilities - Excel.ConvertFrom-ExcelToHtml function exists" time="0" asserts="0" success="False" result="Failure" executed="True">
                    <failure>
                      <message>This test should run but it did not. Most likely a setup in some parent block failed.</message>
                      <stack-trace />
                    </failure>
                  </test-case>
                  <test-case description="ConvertFrom-ExcelToPdf function exists" name="DOCX and Office Document Conversion Tests.Office document conversion utilities - Excel.ConvertFrom-ExcelToPdf function exists" time="0" asserts="0" success="False" result="Failure" executed="True">
                    <failure>
                      <message>This test should run but it did not. Most likely a setup in some parent block failed.</message>
                      <stack-trace />
                    </failure>
                  </test-case>
                  <test-case description="ConvertFrom-ExcelToOds function exists" name="DOCX and Office Document Conversion Tests.Office document conversion utilities - Excel.ConvertFrom-ExcelToOds function exists" time="0" asserts="0" success="False" result="Failure" executed="True">
                    <failure>
                      <message>This test should run but it did not. Most likely a setup in some parent block failed.</message>
                      <stack-trace />
                    </failure>
                  </test-case>
                  <test-case description="ConvertTo-ExcelFromCsv function exists" name="DOCX and Office Document Conversion Tests.Office document conversion utilities - Excel.ConvertTo-ExcelFromCsv function exists" time="0" asserts="0" success="False" result="Failure" executed="True">
                    <failure>
                      <message>This test should run but it did not. Most likely a setup in some parent block failed.</message>
                      <stack-trace />
                    </failure>
                  </test-case>
                  <test-case description="ConvertTo-ExcelFromJson function exists" name="DOCX and Office Document Conversion Tests.Office document conversion utilities - Excel.ConvertTo-ExcelFromJson function exists" time="0" asserts="0" success="False" result="Failure" executed="True">
                    <failure>
                      <message>This test should run but it did not. Most likely a setup in some parent block failed.</message>
                      <stack-trace />
                    </failure>
                  </test-case>
                  <test-case description="ConvertTo-ExcelFromOds function exists" name="DOCX and Office Document Conversion Tests.Office document conversion utilities - Excel.ConvertTo-ExcelFromOds function exists" time="0" asserts="0" success="False" result="Failure" executed="True">
                    <failure>
                      <message>This test should run but it did not. Most likely a setup in some parent block failed.</message>
                      <stack-trace />
                    </failure>
                  </test-case>
                  <test-case description="ConvertFrom-ExcelToCsv handles missing input file gracefully" name="DOCX and Office Document Conversion Tests.Office document conversion utilities - Excel.ConvertFrom-ExcelToCsv handles missing input file gracefully" time="0" asserts="0" success="False" result="Failure" executed="True">
                    <failure>
                      <message>This test should run but it did not. Most likely a setup in some parent block failed.</message>
                      <stack-trace />
                    </failure>
                  </test-case>
                  <test-case description="ConvertFrom-ExcelToCsv accepts SheetName parameter" name="DOCX and Office Document Conversion Tests.Office document conversion utilities - Excel.ConvertFrom-ExcelToCsv accepts SheetName parameter" time="0" asserts="0" success="False" result="Failure" executed="True">
                    <failure>
                      <message>This test should run but it did not. Most likely a setup in some parent block failed.</message>
                      <stack-trace />
                    </failure>
                  </test-case>
                </results>
              </test-suite>
              <test-suite type="TestFixture" name="DOCX and Office Document Conversion Tests.Office document conversion utilities - Plain Text" executed="True" result="Failure" success="False" time="0" asserts="0" description="DOCX and Office Document Conversion Tests.Office document conversion utilities - Plain Text">
                <results>
                  <test-case description="ConvertFrom-PlainTextToMarkdown function exists" name="DOCX and Office Document Conversion Tests.Office document conversion utilities - Plain Text.ConvertFrom-PlainTextToMarkdown function exists" time="0" asserts="0" success="False" result="Failure" executed="True">
                    <failure>
                      <message>This test should run but it did not. Most likely a setup in some parent block failed.</message>
                      <stack-trace />
                    </failure>
                  </test-case>
                  <test-case description="ConvertFrom-PlainTextToHtml function exists" name="DOCX and Office Document Conversion Tests.Office document conversion utilities - Plain Text.ConvertFrom-PlainTextToHtml function exists" time="0" asserts="0" success="False" result="Failure" executed="True">
                    <failure>
                      <message>This test should run but it did not. Most likely a setup in some parent block failed.</message>
                      <stack-trace />
                    </failure>
                  </test-case>
                  <test-case description="ConvertFrom-PlainTextToPdf function exists" name="DOCX and Office Document Conversion Tests.Office document conversion utilities - Plain Text.ConvertFrom-PlainTextToPdf function exists" time="0" asserts="0" success="False" result="Failure" executed="True">
                    <failure>
                      <message>This test should run but it did not. Most likely a setup in some parent block failed.</message>
                      <stack-trace />
                    </failure>
                  </test-case>
                  <test-case description="ConvertFrom-PlainTextToDocx function exists" name="DOCX and Office Document Conversion Tests.Office document conversion utilities - Plain Text.ConvertFrom-PlainTextToDocx function exists" time="0" asserts="0" success="False" result="Failure" executed="True">
                    <failure>
                      <message>This test should run but it did not. Most likely a setup in some parent block failed.</message>
                      <stack-trace />
                    </failure>
                  </test-case>
                  <test-case description="ConvertFrom-PlainTextToRtf function exists" name="DOCX and Office Document Conversion Tests.Office document conversion utilities - Plain Text.ConvertFrom-PlainTextToRtf function exists" time="0" asserts="0" success="False" result="Failure" executed="True">
                    <failure>
                      <message>This test should run but it did not. Most likely a setup in some parent block failed.</message>
                      <stack-trace />
                    </failure>
                  </test-case>
                  <test-case description="ConvertTo-PlainTextFromMarkdown function exists" name="DOCX and Office Document Conversion Tests.Office document conversion utilities - Plain Text.ConvertTo-PlainTextFromMarkdown function exists" time="0" asserts="0" success="False" result="Failure" executed="True">
                    <failure>
                      <message>This test should run but it did not. Most likely a setup in some parent block failed.</message>
                      <stack-trace />
                    </failure>
                  </test-case>
                  <test-case description="ConvertTo-PlainTextFromHtml function exists" name="DOCX and Office Document Conversion Tests.Office document conversion utilities - Plain Text.ConvertTo-PlainTextFromHtml function exists" time="0" asserts="0" success="False" result="Failure" executed="True">
                    <failure>
                      <message>This test should run but it did not. Most likely a setup in some parent block failed.</message>
                      <stack-trace />
                    </failure>
                  </test-case>
                  <test-case description="ConvertFrom-PlainTextToMarkdown accepts Encoding parameter" name="DOCX and Office Document Conversion Tests.Office document conversion utilities - Plain Text.ConvertFrom-PlainTextToMarkdown accepts Encoding parameter" time="0" asserts="0" success="False" result="Failure" executed="True">
                    <failure>
                      <message>This test should run but it did not. Most likely a setup in some parent block failed.</message>
                      <stack-trace />
                    </failure>
                  </test-case>
                  <test-case description="ConvertFrom-PlainTextToMarkdown handles missing input file gracefully" name="DOCX and Office Document Conversion Tests.Office document conversion utilities - Plain Text.ConvertFrom-PlainTextToMarkdown handles missing input file gracefully" time="0" asserts="0" success="False" result="Failure" executed="True">
                    <failure>
                      <message>This test should run but it did not. Most likely a setup in some parent block failed.</message>
                      <stack-trace />
                    </failure>
                  </test-case>
                </results>
              </test-suite>
              <test-suite type="TestFixture" name="DOCX and Office Document Conversion Tests.Office document conversion utilities - Org-mode" executed="True" result="Failure" success="False" time="0" asserts="0" description="DOCX and Office Document Conversion Tests.Office document conversion utilities - Org-mode">
                <results>
                  <test-case description="ConvertFrom-OrgmodeToMarkdown function exists" name="DOCX and Office Document Conversion Tests.Office document conversion utilities - Org-mode.ConvertFrom-OrgmodeToMarkdown function exists" time="0" asserts="0" success="False" result="Failure" executed="True">
                    <failure>
                      <message>This test should run but it did not. Most likely a setup in some parent block failed.</message>
                      <stack-trace />
                    </failure>
                  </test-case>
                  <test-case description="ConvertFrom-OrgmodeToHtml function exists" name="DOCX and Office Document Conversion Tests.Office document conversion utilities - Org-mode.ConvertFrom-OrgmodeToHtml function exists" time="0" asserts="0" success="False" result="Failure" executed="True">
                    <failure>
                      <message>This test should run but it did not. Most likely a setup in some parent block failed.</message>
                      <stack-trace />
                    </failure>
                  </test-case>
                  <test-case description="ConvertFrom-OrgmodeToPdf function exists" name="DOCX and Office Document Conversion Tests.Office document conversion utilities - Org-mode.ConvertFrom-OrgmodeToPdf function exists" time="0" asserts="0" success="False" result="Failure" executed="True">
                    <failure>
                      <message>This test should run but it did not. Most likely a setup in some parent block failed.</message>
                      <stack-trace />
                    </failure>
                  </test-case>
                  <test-case description="ConvertFrom-OrgmodeToDocx function exists" name="DOCX and Office Document Conversion Tests.Office document conversion utilities - Org-mode.ConvertFrom-OrgmodeToDocx function exists" time="0" asserts="0" success="False" result="Failure" executed="True">
                    <failure>
                      <message>This test should run but it did not. Most likely a setup in some parent block failed.</message>
                      <stack-trace />
                    </failure>
                  </test-case>
                  <test-case description="ConvertFrom-OrgmodeToLatex function exists" name="DOCX and Office Document Conversion Tests.Office document conversion utilities - Org-mode.ConvertFrom-OrgmodeToLatex function exists" time="0" asserts="0" success="False" result="Failure" executed="True">
                    <failure>
                      <message>This test should run but it did not. Most likely a setup in some parent block failed.</message>
                      <stack-trace />
                    </failure>
                  </test-case>
                  <test-case description="ConvertTo-OrgmodeFromMarkdown function exists" name="DOCX and Office Document Conversion Tests.Office document conversion utilities - Org-mode.ConvertTo-OrgmodeFromMarkdown function exists" time="0" asserts="0" success="False" result="Failure" executed="True">
                    <failure>
                      <message>This test should run but it did not. Most likely a setup in some parent block failed.</message>
                      <stack-trace />
                    </failure>
                  </test-case>
                  <test-case description="ConvertFrom-OrgmodeToMarkdown handles missing input file gracefully" name="DOCX and Office Document Conversion Tests.Office document conversion utilities - Org-mode.ConvertFrom-OrgmodeToMarkdown handles missing input file gracefully" time="0" asserts="0" success="False" result="Failure" executed="True">
                    <failure>
                      <message>This test should run but it did not. Most likely a setup in some parent block failed.</message>
                      <stack-trace />
                    </failure>
                  </test-case>
                </results>
              </test-suite>
              <test-suite type="TestFixture" name="DOCX and Office Document Conversion Tests.Office document conversion utilities - AsciiDoc" executed="True" result="Failure" success="False" time="0" asserts="0" description="DOCX and Office Document Conversion Tests.Office document conversion utilities - AsciiDoc">
                <results>
                  <test-case description="ConvertFrom-AsciidocToMarkdown function exists" name="DOCX and Office Document Conversion Tests.Office document conversion utilities - AsciiDoc.ConvertFrom-AsciidocToMarkdown function exists" time="0" asserts="0" success="False" result="Failure" executed="True">
                    <failure>
                      <message>This test should run but it did not. Most likely a setup in some parent block failed.</message>
                      <stack-trace />
                    </failure>
                  </test-case>
                  <test-case description="ConvertFrom-AsciidocToHtml function exists" name="DOCX and Office Document Conversion Tests.Office document conversion utilities - AsciiDoc.ConvertFrom-AsciidocToHtml function exists" time="0" asserts="0" success="False" result="Failure" executed="True">
                    <failure>
                      <message>This test should run but it did not. Most likely a setup in some parent block failed.</message>
                      <stack-trace />
                    </failure>
                  </test-case>
                  <test-case description="ConvertFrom-AsciidocToPdf function exists" name="DOCX and Office Document Conversion Tests.Office document conversion utilities - AsciiDoc.ConvertFrom-AsciidocToPdf function exists" time="0" asserts="0" success="False" result="Failure" executed="True">
                    <failure>
                      <message>This test should run but it did not. Most likely a setup in some parent block failed.</message>
                      <stack-trace />
                    </failure>
                  </test-case>
                  <test-case description="ConvertFrom-AsciidocToDocx function exists" name="DOCX and Office Document Conversion Tests.Office document conversion utilities - AsciiDoc.ConvertFrom-AsciidocToDocx function exists" time="0" asserts="0" success="False" result="Failure" executed="True">
                    <failure>
                      <message>This test should run but it did not. Most likely a setup in some parent block failed.</message>
                      <stack-trace />
                    </failure>
                  </test-case>
                  <test-case description="ConvertFrom-AsciidocToLatex function exists" name="DOCX and Office Document Conversion Tests.Office document conversion utilities - AsciiDoc.ConvertFrom-AsciidocToLatex function exists" time="0" asserts="0" success="False" result="Failure" executed="True">
                    <failure>
                      <message>This test should run but it did not. Most likely a setup in some parent block failed.</message>
                      <stack-trace />
                    </failure>
                  </test-case>
                  <test-case description="ConvertTo-AsciidocFromMarkdown function exists" name="DOCX and Office Document Conversion Tests.Office document conversion utilities - AsciiDoc.ConvertTo-AsciidocFromMarkdown function exists" time="0" asserts="0" success="False" result="Failure" executed="True">
                    <failure>
                      <message>This test should run but it did not. Most likely a setup in some parent block failed.</message>
                      <stack-trace />
                    </failure>
                  </test-case>
                  <test-case description="ConvertFrom-AsciidocToMarkdown handles missing input file gracefully" name="DOCX and Office Document Conversion Tests.Office document conversion utilities - AsciiDoc.ConvertFrom-AsciidocToMarkdown handles missing input file gracefully" time="0" asserts="0" success="False" result="Failure" executed="True">
                    <failure>
                      <message>This test should run but it did not. Most likely a setup in some parent block failed.</message>
                      <stack-trace />
                    </failure>
                  </test-case>
                </results>
              </test-suite>
            </results>
          </test-suite>
        </results>
      </test-suite>
      <test-suite type="TestFixture" name="C:\Users\bolen\Documents\PowerShell\tests\integration\conversion\document\epub.tests.ps1" executed="True" result="Failure" success="False" time="2.9424" asserts="0" description="C:\Users\bolen\Documents\PowerShell\tests\integration\conversion\document\epub.tests.ps1">
        <results>
          <test-suite type="TestFixture" name="EPUB and E-book Conversion Tests" executed="True" result="Failure" success="False" time="1.7004" asserts="0" description="EPUB and E-book Conversion Tests">
            <results>
              <test-suite type="TestFixture" name="EPUB and E-book Conversion Tests.E-book conversion utilities - EPUB" executed="True" result="Failure" success="False" time="0" asserts="0" description="EPUB and E-book Conversion Tests.E-book conversion utilities - EPUB">
                <results>
                  <test-case description="ConvertFrom-EpubToMarkdown function exists" name="EPUB and E-book Conversion Tests.E-book conversion utilities - EPUB.ConvertFrom-EpubToMarkdown function exists" time="0" asserts="0" success="False" result="Failure" executed="True">
                    <failure>
                      <message>This test should run but it did not. Most likely a setup in some parent block failed.</message>
                      <stack-trace />
                    </failure>
                  </test-case>
                  <test-case description="ConvertFrom-EpubToHtml function exists" name="EPUB and E-book Conversion Tests.E-book conversion utilities - EPUB.ConvertFrom-EpubToHtml function exists" time="0" asserts="0" success="False" result="Failure" executed="True">
                    <failure>
                      <message>This test should run but it did not. Most likely a setup in some parent block failed.</message>
                      <stack-trace />
                    </failure>
                  </test-case>
                  <test-case description="ConvertFrom-EpubToPdf function exists" name="EPUB and E-book Conversion Tests.E-book conversion utilities - EPUB.ConvertFrom-EpubToPdf function exists" time="0" asserts="0" success="False" result="Failure" executed="True">
                    <failure>
                      <message>This test should run but it did not. Most likely a setup in some parent block failed.</message>
                      <stack-trace />
                    </failure>
                  </test-case>
                  <test-case description="ConvertFrom-EpubToLatex function exists" name="EPUB and E-book Conversion Tests.E-book conversion utilities - EPUB.ConvertFrom-EpubToLatex function exists" time="0" asserts="0" success="False" result="Failure" executed="True">
                    <failure>
                      <message>This test should run but it did not. Most likely a setup in some parent block failed.</message>
                      <stack-trace />
                    </failure>
                  </test-case>
                  <test-case description="ConvertFrom-EpubToDocx function exists" name="EPUB and E-book Conversion Tests.E-book conversion utilities - EPUB.ConvertFrom-EpubToDocx function exists" time="0" asserts="0" success="False" result="Failure" executed="True">
                    <failure>
                      <message>This test should run but it did not. Most likely a setup in some parent block failed.</message>
                      <stack-trace />
                    </failure>
                  </test-case>
                  <test-case description="ConvertTo-EpubFromMarkdown function exists" name="EPUB and E-book Conversion Tests.E-book conversion utilities - EPUB.ConvertTo-EpubFromMarkdown function exists" time="0" asserts="0" success="False" result="Failure" executed="True">
                    <failure>
                      <message>This test should run but it did not. Most likely a setup in some parent block failed.</message>
                      <stack-trace />
                    </failure>
                  </test-case>
                  <test-case description="ConvertTo-EpubFromHtml function exists" name="EPUB and E-book Conversion Tests.E-book conversion utilities - EPUB.ConvertTo-EpubFromHtml function exists" time="0" asserts="0" success="False" result="Failure" executed="True">
                    <failure>
                      <message>This test should run but it did not. Most likely a setup in some parent block failed.</message>
                      <stack-trace />
                    </failure>
                  </test-case>
                  <test-case description="ConvertFrom-EpubToMarkdown handles missing input file gracefully" name="EPUB and E-book Conversion Tests.E-book conversion utilities - EPUB.ConvertFrom-EpubToMarkdown handles missing input file gracefully" time="0" asserts="0" success="False" result="Failure" executed="True">
                    <failure>
                      <message>This test should run but it did not. Most likely a setup in some parent block failed.</message>
                      <stack-trace />
                    </failure>
                  </test-case>
                </results>
              </test-suite>
              <test-suite type="TestFixture" name="EPUB and E-book Conversion Tests.E-book conversion utilities - MOBI/AZW" executed="True" result="Failure" success="False" time="0" asserts="0" description="EPUB and E-book Conversion Tests.E-book conversion utilities - MOBI/AZW">
                <results>
                  <test-case description="ConvertFrom-MobiToEpub function exists" name="EPUB and E-book Conversion Tests.E-book conversion utilities - MOBI/AZW.ConvertFrom-MobiToEpub function exists" time="0" asserts="0" success="False" result="Failure" executed="True">
                    <failure>
                      <message>This test should run but it did not. Most likely a setup in some parent block failed.</message>
                      <stack-trace />
                    </failure>
                  </test-case>
                  <test-case description="ConvertFrom-MobiToPdf function exists" name="EPUB and E-book Conversion Tests.E-book conversion utilities - MOBI/AZW.ConvertFrom-MobiToPdf function exists" time="0" asserts="0" success="False" result="Failure" executed="True">
                    <failure>
                      <message>This test should run but it did not. Most likely a setup in some parent block failed.</message>
                      <stack-trace />
                    </failure>
                  </test-case>
                  <test-case description="ConvertFrom-MobiToHtml function exists" name="EPUB and E-book Conversion Tests.E-book conversion utilities - MOBI/AZW.ConvertFrom-MobiToHtml function exists" time="0" asserts="0" success="False" result="Failure" executed="True">
                    <failure>
                      <message>This test should run but it did not. Most likely a setup in some parent block failed.</message>
                      <stack-trace />
                    </failure>
                  </test-case>
                  <test-case description="ConvertFrom-MobiToMarkdown function exists" name="EPUB and E-book Conversion Tests.E-book conversion utilities - MOBI/AZW.ConvertFrom-MobiToMarkdown function exists" time="0" asserts="0" success="False" result="Failure" executed="True">
                    <failure>
                      <message>This test should run but it did not. Most likely a setup in some parent block failed.</message>
                      <stack-trace />
                    </failure>
                  </test-case>
                  <test-case description="ConvertTo-MobiFromEpub function exists" name="EPUB and E-book Conversion Tests.E-book conversion utilities - MOBI/AZW.ConvertTo-MobiFromEpub function exists" time="0" asserts="0" success="False" result="Failure" executed="True">
                    <failure>
                      <message>This test should run but it did not. Most likely a setup in some parent block failed.</message>
                      <stack-trace />
                    </failure>
                  </test-case>
                  <test-case description="ConvertTo-MobiFromMarkdown function exists" name="EPUB and E-book Conversion Tests.E-book conversion utilities - MOBI/AZW.ConvertTo-MobiFromMarkdown function exists" time="0" asserts="0" success="False" result="Failure" executed="True">
                    <failure>
                      <message>This test should run but it did not. Most likely a setup in some parent block failed.</message>
                      <stack-trace />
                    </failure>
                  </test-case>
                  <test-case description="ConvertFrom-MobiToEpub handles missing input file gracefully" name="EPUB and E-book Conversion Tests.E-book conversion utilities - MOBI/AZW.ConvertFrom-MobiToEpub handles missing input file gracefully" time="0" asserts="0" success="False" result="Failure" executed="True">
                    <failure>
                      <message>This test should run but it did not. Most likely a setup in some parent block failed.</message>
                      <stack-trace />
                    </failure>
                  </test-case>
                  <test-case description="ConvertTo-MobiFromEpub accepts Format parameter" name="EPUB and E-book Conversion Tests.E-book conversion utilities - MOBI/AZW.ConvertTo-MobiFromEpub accepts Format parameter" time="0" asserts="0" success="False" result="Failure" executed="True">
                    <failure>
                      <message>This test should run but it did not. Most likely a setup in some parent block failed.</message>
                      <stack-trace />
                    </failure>
                  </test-case>
                </results>
              </test-suite>
              <test-suite type="TestFixture" name="EPUB and E-book Conversion Tests.FB2 (FictionBook) e-book conversion utilities" executed="True" result="Failure" success="False" time="0" asserts="0" description="EPUB and E-book Conversion Tests.FB2 (FictionBook) e-book conversion utilities">
                <results>
                  <test-case description="ConvertFrom-Fb2ToMarkdown function exists" name="EPUB and E-book Conversion Tests.FB2 (FictionBook) e-book conversion utilities.ConvertFrom-Fb2ToMarkdown function exists" time="0" asserts="0" success="False" result="Failure" executed="True">
                    <failure>
                      <message>This test should run but it did not. Most likely a setup in some parent block failed.</message>
                      <stack-trace />
                    </failure>
                  </test-case>
                  <test-case description="ConvertFrom-Fb2ToMarkdown converts FB2 to Markdown" name="EPUB and E-book Conversion Tests.FB2 (FictionBook) e-book conversion utilities.ConvertFrom-Fb2ToMarkdown converts FB2 to Markdown" time="0" asserts="0" success="False" result="Failure" executed="True">
                    <failure>
                      <message>This test should run but it did not. Most likely a setup in some parent block failed.</message>
                      <stack-trace />
                    </failure>
                  </test-case>
                  <test-case description="ConvertTo-HtmlFromFb2 function exists" name="EPUB and E-book Conversion Tests.FB2 (FictionBook) e-book conversion utilities.ConvertTo-HtmlFromFb2 function exists" time="0" asserts="0" success="False" result="Failure" executed="True">
                    <failure>
                      <message>This test should run but it did not. Most likely a setup in some parent block failed.</message>
                      <stack-trace />
                    </failure>
                  </test-case>
                  <test-case description="ConvertTo-PdfFromFb2 function exists" name="EPUB and E-book Conversion Tests.FB2 (FictionBook) e-book conversion utilities.ConvertTo-PdfFromFb2 function exists" time="0" asserts="0" success="False" result="Failure" executed="True">
                    <failure>
                      <message>This test should run but it did not. Most likely a setup in some parent block failed.</message>
                      <stack-trace />
                    </failure>
                  </test-case>
                  <test-case description="ConvertTo-DocxFromFb2 function exists" name="EPUB and E-book Conversion Tests.FB2 (FictionBook) e-book conversion utilities.ConvertTo-DocxFromFb2 function exists" time="0" asserts="0" success="False" result="Failure" executed="True">
                    <failure>
                      <message>This test should run but it did not. Most likely a setup in some parent block failed.</message>
                      <stack-trace />
                    </failure>
                  </test-case>
                  <test-case description="ConvertTo-LaTeXFromFb2 function exists" name="EPUB and E-book Conversion Tests.FB2 (FictionBook) e-book conversion utilities.ConvertTo-LaTeXFromFb2 function exists" time="0" asserts="0" success="False" result="Failure" executed="True">
                    <failure>
                      <message>This test should run but it did not. Most likely a setup in some parent block failed.</message>
                      <stack-trace />
                    </failure>
                  </test-case>
                  <test-case description="FB2 conversion functions handle .fbz extension" name="EPUB and E-book Conversion Tests.FB2 (FictionBook) e-book conversion utilities.FB2 conversion functions handle .fbz extension" time="0" asserts="0" success="False" result="Failure" executed="True">
                    <failure>
                      <message>This test should run but it did not. Most likely a setup in some parent block failed.</message>
                      <stack-trace />
                    </failure>
                  </test-case>
                  <test-case description="FB2 conversion functions handle missing input file gracefully" name="EPUB and E-book Conversion Tests.FB2 (FictionBook) e-book conversion utilities.FB2 conversion functions handle missing input file gracefully" time="0" asserts="0" success="False" result="Failure" executed="True">
                    <failure>
                      <message>This test should run but it did not. Most likely a setup in some parent block failed.</message>
                      <stack-trace />
                    </failure>
                  </test-case>
                </results>
              </test-suite>
            </results>
          </test-suite>
        </results>
      </test-suite>
      <test-suite type="TestFixture" name="C:\Users\bolen\Documents\PowerShell\tests\integration\conversion\document\html.tests.ps1" executed="True" result="Failure" success="False" time="2.9331" asserts="0" description="C:\Users\bolen\Documents\PowerShell\tests\integration\conversion\document\html.tests.ps1">
        <results>
          <test-suite type="TestFixture" name="HTML Document Conversion Tests" executed="True" result="Failure" success="False" time="1.5732" asserts="0" description="HTML Document Conversion Tests">
            <results>
              <test-suite type="TestFixture" name="HTML Document Conversion Tests.HTML conversion utilities" executed="True" result="Failure" success="False" time="0" asserts="0" description="HTML Document Conversion Tests.HTML conversion utilities">
                <results>
                  <test-case description="ConvertTo-HtmlFromMarkdown converts Markdown to HTML" name="HTML Document Conversion Tests.HTML conversion utilities.ConvertTo-HtmlFromMarkdown converts Markdown to HTML" time="0" asserts="0" success="False" result="Failure" executed="True">
                    <failure>
                      <message>This test should run but it did not. Most likely a setup in some parent block failed.</message>
                      <stack-trace />
                    </failure>
                  </test-case>
                  <test-case description="ConvertFrom-OdtToHtml function exists" name="HTML Document Conversion Tests.HTML conversion utilities.ConvertFrom-OdtToHtml function exists" time="0" asserts="0" success="False" result="Failure" executed="True">
                    <failure>
                      <message>This test should run but it did not. Most likely a setup in some parent block failed.</message>
                      <stack-trace />
                    </failure>
                  </test-case>
                  <test-case description="ConvertFrom-OdsToHtml function exists" name="HTML Document Conversion Tests.HTML conversion utilities.ConvertFrom-OdsToHtml function exists" time="0" asserts="0" success="False" result="Failure" executed="True">
                    <failure>
                      <message>This test should run but it did not. Most likely a setup in some parent block failed.</message>
                      <stack-trace />
                    </failure>
                  </test-case>
                  <test-case description="ConvertFrom-OdpToHtml function exists" name="HTML Document Conversion Tests.HTML conversion utilities.ConvertFrom-OdpToHtml function exists" time="0" asserts="0" success="False" result="Failure" executed="True">
                    <failure>
                      <message>This test should run but it did not. Most likely a setup in some parent block failed.</message>
                      <stack-trace />
                    </failure>
                  </test-case>
                  <test-case description="ConvertFrom-RtfToHtml function exists" name="HTML Document Conversion Tests.HTML conversion utilities.ConvertFrom-RtfToHtml function exists" time="0" asserts="0" success="False" result="Failure" executed="True">
                    <failure>
                      <message>This test should run but it did not. Most likely a setup in some parent block failed.</message>
                      <stack-trace />
                    </failure>
                  </test-case>
                  <test-case description="ConvertFrom-EpubToHtml function exists" name="HTML Document Conversion Tests.HTML conversion utilities.ConvertFrom-EpubToHtml function exists" time="0" asserts="0" success="False" result="Failure" executed="True">
                    <failure>
                      <message>This test should run but it did not. Most likely a setup in some parent block failed.</message>
                      <stack-trace />
                    </failure>
                  </test-case>
                  <test-case description="ConvertFrom-MobiToHtml function exists" name="HTML Document Conversion Tests.HTML conversion utilities.ConvertFrom-MobiToHtml function exists" time="0" asserts="0" success="False" result="Failure" executed="True">
                    <failure>
                      <message>This test should run but it did not. Most likely a setup in some parent block failed.</message>
                      <stack-trace />
                    </failure>
                  </test-case>
                  <test-case description="ConvertFrom-PlainTextToHtml function exists" name="HTML Document Conversion Tests.HTML conversion utilities.ConvertFrom-PlainTextToHtml function exists" time="0" asserts="0" success="False" result="Failure" executed="True">
                    <failure>
                      <message>This test should run but it did not. Most likely a setup in some parent block failed.</message>
                      <stack-trace />
                    </failure>
                  </test-case>
                  <test-case description="ConvertFrom-OrgmodeToHtml function exists" name="HTML Document Conversion Tests.HTML conversion utilities.ConvertFrom-OrgmodeToHtml function exists" time="0" asserts="0" success="False" result="Failure" executed="True">
                    <failure>
                      <message>This test should run but it did not. Most likely a setup in some parent block failed.</message>
                      <stack-trace />
                    </failure>
                  </test-case>
                  <test-case description="ConvertFrom-AsciidocToHtml function exists" name="HTML Document Conversion Tests.HTML conversion utilities.ConvertFrom-AsciidocToHtml function exists" time="0" asserts="0" success="False" result="Failure" executed="True">
                    <failure>
                      <message>This test should run but it did not. Most likely a setup in some parent block failed.</message>
                      <stack-trace />
                    </failure>
                  </test-case>
                  <test-case description="ConvertTo-HtmlFromTextile function exists" name="HTML Document Conversion Tests.HTML conversion utilities.ConvertTo-HtmlFromTextile function exists" time="0" asserts="0" success="False" result="Failure" executed="True">
                    <failure>
                      <message>This test should run but it did not. Most likely a setup in some parent block failed.</message>
                      <stack-trace />
                    </failure>
                  </test-case>
                  <test-case description="ConvertTo-HtmlFromTextile converts Textile to HTML" name="HTML Document Conversion Tests.HTML conversion utilities.ConvertTo-HtmlFromTextile converts Textile to HTML" time="0" asserts="0" success="False" result="Failure" executed="True">
                    <failure>
                      <message>This test should run but it did not. Most likely a setup in some parent block failed.</message>
                      <stack-trace />
                    </failure>
                  </test-case>
                  <test-case description="ConvertTo-HtmlFromFb2 function exists" name="HTML Document Conversion Tests.HTML conversion utilities.ConvertTo-HtmlFromFb2 function exists" time="0" asserts="0" success="False" result="Failure" executed="True">
                    <failure>
                      <message>This test should run but it did not. Most likely a setup in some parent block failed.</message>
                      <stack-trace />
                    </failure>
                  </test-case>
                  <test-case description="ConvertTo-PlainTextFromHtml function exists" name="HTML Document Conversion Tests.HTML conversion utilities.ConvertTo-PlainTextFromHtml function exists" time="0" asserts="0" success="False" result="Failure" executed="True">
                    <failure>
                      <message>This test should run but it did not. Most likely a setup in some parent block failed.</message>
                      <stack-trace />
                    </failure>
                  </test-case>
                  <test-case description="ConvertTo-EpubFromHtml function exists" name="HTML Document Conversion Tests.HTML conversion utilities.ConvertTo-EpubFromHtml function exists" time="0" asserts="0" success="False" result="Failure" executed="True">
                    <failure>
                      <message>This test should run but it did not. Most likely a setup in some parent block failed.</message>
                      <stack-trace />
                    </failure>
                  </test-case>
                </results>
              </test-suite>
            </results>
          </test-suite>
        </results>
      </test-suite>
      <test-suite type="TestFixture" name="C:\Users\bolen\Documents\PowerShell\tests\integration\conversion\document\latex.tests.ps1" executed="True" result="Failure" success="False" time="3.4172" asserts="0" description="C:\Users\bolen\Documents\PowerShell\tests\integration\conversion\document\latex.tests.ps1">
        <results>
          <test-suite type="TestFixture" name="LaTeX and Specialized Document Format Conversion Tests" executed="True" result="Failure" success="False" time="1.9966" asserts="0" description="LaTeX and Specialized Document Format Conversion Tests">
            <results>
              <test-suite type="TestFixture" name="LaTeX and Specialized Document Format Conversion Tests.Document conversion utilities - RST and LaTeX" executed="True" result="Failure" success="False" time="0" asserts="0" description="LaTeX and Specialized Document Format Conversion Tests.Document conversion utilities - RST and LaTeX">
                <results>
                  <test-case description="ConvertFrom-RstToMarkdown converts RST to Markdown" name="LaTeX and Specialized Document Format Conversion Tests.Document conversion utilities - RST and LaTeX.ConvertFrom-RstToMarkdown converts RST to Markdown" time="0" asserts="0" success="False" result="Failure" executed="True">
                    <failure>
                      <message>This test should run but it did not. Most likely a setup in some parent block failed.</message>
                      <stack-trace />
                    </failure>
                  </test-case>
                  <test-case description="ConvertFrom-LaTeXToMarkdown converts LaTeX to Markdown" name="LaTeX and Specialized Document Format Conversion Tests.Document conversion utilities - RST and LaTeX.ConvertFrom-LaTeXToMarkdown converts LaTeX to Markdown" time="0" asserts="0" success="False" result="Failure" executed="True">
                    <failure>
                      <message>This test should run but it did not. Most likely a setup in some parent block failed.</message>
                      <stack-trace />
                    </failure>
                  </test-case>
                </results>
              </test-suite>
              <test-suite type="TestFixture" name="LaTeX and Specialized Document Format Conversion Tests.Textile document conversion utilities" executed="True" result="Failure" success="False" time="0" asserts="0" description="LaTeX and Specialized Document Format Conversion Tests.Textile document conversion utilities">
                <results>
                  <test-case description="ConvertFrom-TextileToMarkdown function exists" name="LaTeX and Specialized Document Format Conversion Tests.Textile document conversion utilities.ConvertFrom-TextileToMarkdown function exists" time="0" asserts="0" success="False" result="Failure" executed="True">
                    <failure>
                      <message>This test should run but it did not. Most likely a setup in some parent block failed.</message>
                      <stack-trace />
                    </failure>
                  </test-case>
                  <test-case description="ConvertTo-PdfFromTextile function exists" name="LaTeX and Specialized Document Format Conversion Tests.Textile document conversion utilities.ConvertTo-PdfFromTextile function exists" time="0" asserts="0" success="False" result="Failure" executed="True">
                    <failure>
                      <message>This test should run but it did not. Most likely a setup in some parent block failed.</message>
                      <stack-trace />
                    </failure>
                  </test-case>
                  <test-case description="ConvertTo-PdfFromTextile converts Textile to PDF" name="LaTeX and Specialized Document Format Conversion Tests.Textile document conversion utilities.ConvertTo-PdfFromTextile converts Textile to PDF" time="0" asserts="0" success="False" result="Failure" executed="True">
                    <failure>
                      <message>This test should run but it did not. Most likely a setup in some parent block failed.</message>
                      <stack-trace />
                    </failure>
                  </test-case>
                  <test-case description="ConvertTo-DocxFromTextile function exists" name="LaTeX and Specialized Document Format Conversion Tests.Textile document conversion utilities.ConvertTo-DocxFromTextile function exists" time="0" asserts="0" success="False" result="Failure" executed="True">
                    <failure>
                      <message>This test should run but it did not. Most likely a setup in some parent block failed.</message>
                      <stack-trace />
                    </failure>
                  </test-case>
                  <test-case description="ConvertTo-DocxFromTextile converts Textile to DOCX" name="LaTeX and Specialized Document Format Conversion Tests.Textile document conversion utilities.ConvertTo-DocxFromTextile converts Textile to DOCX" time="0" asserts="0" success="False" result="Failure" executed="True">
                    <failure>
                      <message>This test should run but it did not. Most likely a setup in some parent block failed.</message>
                      <stack-trace />
                    </failure>
                  </test-case>
                  <test-case description="ConvertTo-LaTeXFromTextile function exists" name="LaTeX and Specialized Document Format Conversion Tests.Textile document conversion utilities.ConvertTo-LaTeXFromTextile function exists" time="0" asserts="0" success="False" result="Failure" executed="True">
                    <failure>
                      <message>This test should run but it did not. Most likely a setup in some parent block failed.</message>
                      <stack-trace />
                    </failure>
                  </test-case>
                  <test-case description="ConvertTo-LaTeXFromTextile converts Textile to LaTeX" name="LaTeX and Specialized Document Format Conversion Tests.Textile document conversion utilities.ConvertTo-LaTeXFromTextile converts Textile to LaTeX" time="0" asserts="0" success="False" result="Failure" executed="True">
                    <failure>
                      <message>This test should run but it did not. Most likely a setup in some parent block failed.</message>
                      <stack-trace />
                    </failure>
                  </test-case>
                  <test-case description="Textile conversion functions handle missing input file gracefully" name="LaTeX and Specialized Document Format Conversion Tests.Textile document conversion utilities.Textile conversion functions handle missing input file gracefully" time="0" asserts="0" success="False" result="Failure" executed="True">
                    <failure>
                      <message>This test should run but it did not. Most likely a setup in some parent block failed.</message>
                      <stack-trace />
                    </failure>
                  </test-case>
                </results>
              </test-suite>
              <test-suite type="TestFixture" name="LaTeX and Specialized Document Format Conversion Tests.DjVu document conversion utilities" executed="True" result="Failure" success="False" time="0" asserts="0" description="LaTeX and Specialized Document Format Conversion Tests.DjVu document conversion utilities">
                <results>
                  <test-case description="ConvertFrom-DjvuToPdf function exists" name="LaTeX and Specialized Document Format Conversion Tests.DjVu document conversion utilities.ConvertFrom-DjvuToPdf function exists" time="0" asserts="0" success="False" result="Failure" executed="True">
                    <failure>
                      <message>This test should run but it did not. Most likely a setup in some parent block failed.</message>
                      <stack-trace />
                    </failure>
                  </test-case>
                  <test-case description="ConvertFrom-DjvuToPdf converts DjVu to PDF" name="LaTeX and Specialized Document Format Conversion Tests.DjVu document conversion utilities.ConvertFrom-DjvuToPdf converts DjVu to PDF" time="0" asserts="0" success="False" result="Failure" executed="True">
                    <failure>
                      <message>This test should run but it did not. Most likely a setup in some parent block failed.</message>
                      <stack-trace />
                    </failure>
                  </test-case>
                  <test-case description="ConvertFrom-DjvuToPng function exists" name="LaTeX and Specialized Document Format Conversion Tests.DjVu document conversion utilities.ConvertFrom-DjvuToPng function exists" time="0" asserts="0" success="False" result="Failure" executed="True">
                    <failure>
                      <message>This test should run but it did not. Most likely a setup in some parent block failed.</message>
                      <stack-trace />
                    </failure>
                  </test-case>
                  <test-case description="ConvertFrom-DjvuToJpeg function exists" name="LaTeX and Specialized Document Format Conversion Tests.DjVu document conversion utilities.ConvertFrom-DjvuToJpeg function exists" time="0" asserts="0" success="False" result="Failure" executed="True">
                    <failure>
                      <message>This test should run but it did not. Most likely a setup in some parent block failed.</message>
                      <stack-trace />
                    </failure>
                  </test-case>
                  <test-case description="ConvertFrom-DjvuToText function exists" name="LaTeX and Specialized Document Format Conversion Tests.DjVu document conversion utilities.ConvertFrom-DjvuToText function exists" time="0" asserts="0" success="False" result="Failure" executed="True">
                    <failure>
                      <message>This test should run but it did not. Most likely a setup in some parent block failed.</message>
                      <stack-trace />
                    </failure>
                  </test-case>
                  <test-case description="ConvertFrom-DjvuToText extracts text from DjVu" name="LaTeX and Specialized Document Format Conversion Tests.DjVu document conversion utilities.ConvertFrom-DjvuToText extracts text from DjVu" time="0" asserts="0" success="False" result="Failure" executed="True">
                    <failure>
                      <message>This test should run but it did not. Most likely a setup in some parent block failed.</message>
                      <stack-trace />
                    </failure>
                  </test-case>
                  <test-case description="DjVu conversion functions handle .djv extension" name="LaTeX and Specialized Document Format Conversion Tests.DjVu document conversion utilities.DjVu conversion functions handle .djv extension" time="0" asserts="0" success="False" result="Failure" executed="True">
                    <failure>
                      <message>This test should run but it did not. Most likely a setup in some parent block failed.</message>
                      <stack-trace />
                    </failure>
                  </test-case>
                  <test-case description="DjVu conversion functions handle missing input file gracefully" name="LaTeX and Specialized Document Format Conversion Tests.DjVu document conversion utilities.DjVu conversion functions handle missing input file gracefully" time="0" asserts="0" success="False" result="Failure" executed="True">
                    <failure>
                      <message>This test should run but it did not. Most likely a setup in some parent block failed.</message>
                      <stack-trace />
                    </failure>
                  </test-case>
                </results>
              </test-suite>
              <test-suite type="TestFixture" name="LaTeX and Specialized Document Format Conversion Tests.LaTeX conversion utilities" executed="True" result="Failure" success="False" time="0" asserts="0" description="LaTeX and Specialized Document Format Conversion Tests.LaTeX conversion utilities">
                <results>
                  <test-case description="ConvertFrom-OdtToLatex function exists" name="LaTeX and Specialized Document Format Conversion Tests.LaTeX conversion utilities.ConvertFrom-OdtToLatex function exists" time="0" asserts="0" success="False" result="Failure" executed="True">
                    <failure>
                      <message>This test should run but it did not. Most likely a setup in some parent block failed.</message>
                      <stack-trace />
                    </failure>
                  </test-case>
                  <test-case description="ConvertFrom-EpubToLatex function exists" name="LaTeX and Specialized Document Format Conversion Tests.LaTeX conversion utilities.ConvertFrom-EpubToLatex function exists" time="0" asserts="0" success="False" result="Failure" executed="True">
                    <failure>
                      <message>This test should run but it did not. Most likely a setup in some parent block failed.</message>
                      <stack-trace />
                    </failure>
                  </test-case>
                  <test-case description="ConvertFrom-OrgmodeToLatex function exists" name="LaTeX and Specialized Document Format Conversion Tests.LaTeX conversion utilities.ConvertFrom-OrgmodeToLatex function exists" time="0" asserts="0" success="False" result="Failure" executed="True">
                    <failure>
                      <message>This test should run but it did not. Most likely a setup in some parent block failed.</message>
                      <stack-trace />
                    </failure>
                  </test-case>
                  <test-case description="ConvertFrom-AsciidocToLatex function exists" name="LaTeX and Specialized Document Format Conversion Tests.LaTeX conversion utilities.ConvertFrom-AsciidocToLatex function exists" time="0" asserts="0" success="False" result="Failure" executed="True">
                    <failure>
                      <message>This test should run but it did not. Most likely a setup in some parent block failed.</message>
                      <stack-trace />
                    </failure>
                  </test-case>
                  <test-case description="ConvertTo-LaTeXFromFb2 function exists" name="LaTeX and Specialized Document Format Conversion Tests.LaTeX conversion utilities.ConvertTo-LaTeXFromFb2 function exists" time="0" asserts="0" success="False" result="Failure" executed="True">
                    <failure>
                      <message>This test should run but it did not. Most likely a setup in some parent block failed.</message>
                      <stack-trace />
                    </failure>
                  </test-case>
                </results>
              </test-suite>
            </results>
          </test-suite>
        </results>
      </test-suite>
      <test-suite type="TestFixture" name="C:\Users\bolen\Documents\PowerShell\tests\integration\conversion\document\markdown.tests.ps1" executed="True" result="Failure" success="False" time="3.5436" asserts="0" description="C:\Users\bolen\Documents\PowerShell\tests\integration\conversion\document\markdown.tests.ps1">
        <results>
          <test-suite type="TestFixture" name="Markdown Document Conversion Tests" executed="True" result="Failure" success="False" time="2.183" asserts="0" description="Markdown Document Conversion Tests">
            <results>
              <test-suite type="TestFixture" name="Markdown Document Conversion Tests.Markdown conversion utilities" executed="True" result="Failure" success="False" time="0" asserts="0" description="Markdown Document Conversion Tests.Markdown conversion utilities">
                <results>
                  <test-case description="ConvertFrom-DocxToMarkdown converts DOCX to Markdown" name="Markdown Document Conversion Tests.Markdown conversion utilities.ConvertFrom-DocxToMarkdown converts DOCX to Markdown" time="0" asserts="0" success="False" result="Failure" executed="True">
                    <failure>
                      <message>This test should run but it did not. Most likely a setup in some parent block failed.</message>
                      <stack-trace />
                    </failure>
                  </test-case>
                  <test-case description="ConvertFrom-OdtToMarkdown function exists" name="Markdown Document Conversion Tests.Markdown conversion utilities.ConvertFrom-OdtToMarkdown function exists" time="0" asserts="0" success="False" result="Failure" executed="True">
                    <failure>
                      <message>This test should run but it did not. Most likely a setup in some parent block failed.</message>
                      <stack-trace />
                    </failure>
                  </test-case>
                  <test-case description="ConvertFrom-RtfToMarkdown function exists" name="Markdown Document Conversion Tests.Markdown conversion utilities.ConvertFrom-RtfToMarkdown function exists" time="0" asserts="0" success="False" result="Failure" executed="True">
                    <failure>
                      <message>This test should run but it did not. Most likely a setup in some parent block failed.</message>
                      <stack-trace />
                    </failure>
                  </test-case>
                  <test-case description="ConvertFrom-EpubToMarkdown function exists" name="Markdown Document Conversion Tests.Markdown conversion utilities.ConvertFrom-EpubToMarkdown function exists" time="0" asserts="0" success="False" result="Failure" executed="True">
                    <failure>
                      <message>This test should run but it did not. Most likely a setup in some parent block failed.</message>
                      <stack-trace />
                    </failure>
                  </test-case>
                  <test-case description="ConvertFrom-MobiToMarkdown function exists" name="Markdown Document Conversion Tests.Markdown conversion utilities.ConvertFrom-MobiToMarkdown function exists" time="0" asserts="0" success="False" result="Failure" executed="True">
                    <failure>
                      <message>This test should run but it did not. Most likely a setup in some parent block failed.</message>
                      <stack-trace />
                    </failure>
                  </test-case>
                  <test-case description="ConvertFrom-PlainTextToMarkdown function exists" name="Markdown Document Conversion Tests.Markdown conversion utilities.ConvertFrom-PlainTextToMarkdown function exists" time="0" asserts="0" success="False" result="Failure" executed="True">
                    <failure>
                      <message>This test should run but it did not. Most likely a setup in some parent block failed.</message>
                      <stack-trace />
                    </failure>
                  </test-case>
                  <test-case description="ConvertFrom-OrgmodeToMarkdown function exists" name="Markdown Document Conversion Tests.Markdown conversion utilities.ConvertFrom-OrgmodeToMarkdown function exists" time="0" asserts="0" success="False" result="Failure" executed="True">
                    <failure>
                      <message>This test should run but it did not. Most likely a setup in some parent block failed.</message>
                      <stack-trace />
                    </failure>
                  </test-case>
                  <test-case description="ConvertFrom-AsciidocToMarkdown function exists" name="Markdown Document Conversion Tests.Markdown conversion utilities.ConvertFrom-AsciidocToMarkdown function exists" time="0" asserts="0" success="False" result="Failure" executed="True">
                    <failure>
                      <message>This test should run but it did not. Most likely a setup in some parent block failed.</message>
                      <stack-trace />
                    </failure>
                  </test-case>
                  <test-case description="ConvertFrom-TextileToMarkdown function exists" name="Markdown Document Conversion Tests.Markdown conversion utilities.ConvertFrom-TextileToMarkdown function exists" time="0" asserts="0" success="False" result="Failure" executed="True">
                    <failure>
                      <message>This test should run but it did not. Most likely a setup in some parent block failed.</message>
                      <stack-trace />
                    </failure>
                  </test-case>
                  <test-case description="ConvertFrom-TextileToMarkdown converts Textile to Markdown" name="Markdown Document Conversion Tests.Markdown conversion utilities.ConvertFrom-TextileToMarkdown converts Textile to Markdown" time="0" asserts="0" success="False" result="Failure" executed="True">
                    <failure>
                      <message>This test should run but it did not. Most likely a setup in some parent block failed.</message>
                      <stack-trace />
                    </failure>
                  </test-case>
                  <test-case description="ConvertFrom-Fb2ToMarkdown function exists" name="Markdown Document Conversion Tests.Markdown conversion utilities.ConvertFrom-Fb2ToMarkdown function exists" time="0" asserts="0" success="False" result="Failure" executed="True">
                    <failure>
                      <message>This test should run but it did not. Most likely a setup in some parent block failed.</message>
                      <stack-trace />
                    </failure>
                  </test-case>
                  <test-case description="ConvertFrom-Fb2ToMarkdown converts FB2 to Markdown" name="Markdown Document Conversion Tests.Markdown conversion utilities.ConvertFrom-Fb2ToMarkdown converts FB2 to Markdown" time="0" asserts="0" success="False" result="Failure" executed="True">
                    <failure>
                      <message>This test should run but it did not. Most likely a setup in some parent block failed.</message>
                      <stack-trace />
                    </failure>
                  </test-case>
                  <test-case description="ConvertTo-OdtFromMarkdown function exists" name="Markdown Document Conversion Tests.Markdown conversion utilities.ConvertTo-OdtFromMarkdown function exists" time="0" asserts="0" success="False" result="Failure" executed="True">
                    <failure>
                      <message>This test should run but it did not. Most likely a setup in some parent block failed.</message>
                      <stack-trace />
                    </failure>
                  </test-case>
                  <test-case description="ConvertTo-EpubFromMarkdown function exists" name="Markdown Document Conversion Tests.Markdown conversion utilities.ConvertTo-EpubFromMarkdown function exists" time="0" asserts="0" success="False" result="Failure" executed="True">
                    <failure>
                      <message>This test should run but it did not. Most likely a setup in some parent block failed.</message>
                      <stack-trace />
                    </failure>
                  </test-case>
                  <test-case description="ConvertTo-MobiFromMarkdown function exists" name="Markdown Document Conversion Tests.Markdown conversion utilities.ConvertTo-MobiFromMarkdown function exists" time="0" asserts="0" success="False" result="Failure" executed="True">
                    <failure>
                      <message>This test should run but it did not. Most likely a setup in some parent block failed.</message>
                      <stack-trace />
                    </failure>
                  </test-case>
                  <test-case description="ConvertTo-RtfFromMarkdown function exists" name="Markdown Document Conversion Tests.Markdown conversion utilities.ConvertTo-RtfFromMarkdown function exists" time="0" asserts="0" success="False" result="Failure" executed="True">
                    <failure>
                      <message>This test should run but it did not. Most likely a setup in some parent block failed.</message>
                      <stack-trace />
                    </failure>
                  </test-case>
                  <test-case description="ConvertTo-PlainTextFromMarkdown function exists" name="Markdown Document Conversion Tests.Markdown conversion utilities.ConvertTo-PlainTextFromMarkdown function exists" time="0" asserts="0" success="False" result="Failure" executed="True">
                    <failure>
                      <message>This test should run but it did not. Most likely a setup in some parent block failed.</message>
                      <stack-trace />
                    </failure>
                  </test-case>
                  <test-case description="ConvertTo-OrgmodeFromMarkdown function exists" name="Markdown Document Conversion Tests.Markdown conversion utilities.ConvertTo-OrgmodeFromMarkdown function exists" time="0" asserts="0" success="False" result="Failure" executed="True">
                    <failure>
                      <message>This test should run but it did not. Most likely a setup in some parent block failed.</message>
                      <stack-trace />
                    </failure>
                  </test-case>
                  <test-case description="ConvertTo-AsciidocFromMarkdown function exists" name="Markdown Document Conversion Tests.Markdown conversion utilities.ConvertTo-AsciidocFromMarkdown function exists" time="0" asserts="0" success="False" result="Failure" executed="True">
                    <failure>
                      <message>This test should run but it did not. Most likely a setup in some parent block failed.</message>
                      <stack-trace />
                    </failure>
                  </test-case>
                  <test-case description="Textile conversion functions handle .tx extension" name="Markdown Document Conversion Tests.Markdown conversion utilities.Textile conversion functions handle .tx extension" time="0" asserts="0" success="False" result="Failure" executed="True">
                    <failure>
                      <message>This test should run but it did not. Most likely a setup in some parent block failed.</message>
                      <stack-trace />
                    </failure>
                  </test-case>
                  <test-case description="Textile conversion functions handle custom output path" name="Markdown Document Conversion Tests.Markdown conversion utilities.Textile conversion functions handle custom output path" time="0" asserts="0" success="False" result="Failure" executed="True">
                    <failure>
                      <message>This test should run but it did not. Most likely a setup in some parent block failed.</message>
                      <stack-trace />
                    </failure>
                  </test-case>
                </results>
              </test-suite>
            </results>
          </test-suite>
        </results>
      </test-suite>
    </results>
  </test-suite>
</test-results>