<?xml version="1.0" encoding="utf-8" standalone="no"?>
<test-results xmlns:xsi="http://www.w3.org/2001/XMLSchema-instance" xsi:noNamespaceSchemaLocation="nunit_schema_2.5.xsd" name="Pester" total="45" errors="0" failures="0" not-run="0" inconclusive="0" ignored="0" skipped="1" invalid="0" date="2025-12-01" time="09:40:11">
  <environment clr-version="10.0.0" cwd="C:\Users\bolen\Documents\PowerShell" machine-name="BAMBOO" nunit-version="2.5.8.0" platform="Microsoft Windows 11 Pro|C:\WINDOWS|\Device\Harddisk4\Partition4" os-version="10.0.28000" user-domain="BAMBOO" user="bolen" />
  <culture-info current-culture="en-US" current-uiculture="en-US" />
  <test-suite type="TestFixture" name="Pester" executed="True" result="Ignored" success="True" time="32.5432" asserts="0" description="Pester">
    <results>
      <test-suite type="TestFixture" name="C:\Users\bolen\Documents\PowerShell\tests\integration\filesystem\file-lazy-loading.tests.ps1" executed="True" result="Ignored" success="True" time="18.3346" asserts="0" description="C:\Users\bolen\Documents\PowerShell\tests\integration\filesystem\file-lazy-loading.tests.ps1">
        <results>
          <test-suite type="TestFixture" name="File Lazy Loading Integration Tests" executed="True" result="Ignored" success="True" time="16.6493" asserts="0" description="File Lazy Loading Integration Tests">
            <results>
              <test-suite type="TestFixture" name="File Lazy Loading Integration Tests.Lazy loading patterns" executed="True" result="Ignored" success="True" time="16.516" asserts="0" description="File Lazy Loading Integration Tests.Lazy loading patterns">
                <results>
                  <test-case description="Ensure-FileListing initializes on first use" name="File Lazy Loading Integration Tests.Lazy loading patterns.Ensure-FileListing initializes on first use" time="15.3015" asserts="0" success="False" result="Ignored" executed="False" />
                  <test-case description="Ensure-FileNavigation initializes on first use" name="File Lazy Loading Integration Tests.Lazy loading patterns.Ensure-FileNavigation initializes on first use" time="1.1913" asserts="0" success="True" result="Success" executed="True" />
                </results>
              </test-suite>
            </results>
          </test-suite>
        </results>
      </test-suite>
      <test-suite type="TestFixture" name="C:\Users\bolen\Documents\PowerShell\tests\integration\filesystem\file-listing.tests.ps1" executed="True" result="Success" success="True" time="2.9318" asserts="0" description="C:\Users\bolen\Documents\PowerShell\tests\integration\filesystem\file-listing.tests.ps1">
        <results>
          <test-suite type="TestFixture" name="File Listing Functions Integration Tests" executed="True" result="Success" success="True" time="1.6977" asserts="0" description="File Listing Functions Integration Tests">
            <results>
              <test-suite type="TestFixture" name="File Listing Functions Integration Tests.File listing functions" executed="True" result="Success" success="True" time="1.5595" asserts="0" description="File Listing Functions Integration Tests.File listing functions">
                <results>
                  <test-case description="Get-ChildItemDetailed (ll) function is available" name="File Listing Functions Integration Tests.File listing functions.Get-ChildItemDetailed (ll) function is available" time="0.0255" asserts="0" success="True" result="Success" executed="True" />
                  <test-case description="Get-ChildItemAll (la) function is available" name="File Listing Functions Integration Tests.File listing functions.Get-ChildItemAll (la) function is available" time="0.0029" asserts="0" success="True" result="Success" executed="True" />
                  <test-case description="Get-ChildItemVisible (lx) function is available" name="File Listing Functions Integration Tests.File listing functions.Get-ChildItemVisible (lx) function is available" time="0.0026" asserts="0" success="True" result="Success" executed="True" />
                  <test-case description="Get-DirectoryTree (tree) function is available" name="File Listing Functions Integration Tests.File listing functions.Get-DirectoryTree (tree) function is available" time="0.0021" asserts="0" success="True" result="Success" executed="True" />
                  <test-case description="Show-FileContent (bat-cat) function is available" name="File Listing Functions Integration Tests.File listing functions.Show-FileContent (bat-cat) function is available" time="0.0019" asserts="0" success="True" result="Success" executed="True" />
                  <test-case description="ll function lists directory contents" name="File Listing Functions Integration Tests.File listing functions.ll function lists directory contents" time="0.1452" asserts="0" success="True" result="Success" executed="True" />
                  <test-case description="tree function displays directory structure" name="File Listing Functions Integration Tests.File listing functions.tree function displays directory structure" time="0.1178" asserts="0" success="True" result="Success" executed="True" />
                  <test-case description="Show-FileContent handles file input" name="File Listing Functions Integration Tests.File listing functions.Show-FileContent handles file input" time="0.1" asserts="0" success="True" result="Success" executed="True" />
                </results>
              </test-suite>
            </results>
          </test-suite>
        </results>
      </test-suite>
      <test-suite type="TestFixture" name="C:\Users\bolen\Documents\PowerShell\tests\integration\filesystem\file-navigation.tests.ps1" executed="True" result="Success" success="True" time="3.3844" asserts="0" description="C:\Users\bolen\Documents\PowerShell\tests\integration\filesystem\file-navigation.tests.ps1">
        <results>
          <test-suite type="TestFixture" name="File Navigation Functions Integration Tests" executed="True" result="Success" success="True" time="2.0883" asserts="0" description="File Navigation Functions Integration Tests">
            <results>
              <test-suite type="TestFixture" name="File Navigation Functions Integration Tests.File navigation functions" executed="True" result="Success" success="True" time="1.9321" asserts="0" description="File Navigation Functions Integration Tests.File navigation functions">
                <results>
                  <test-case description=".. function navigates up one directory" name="File Navigation Functions Integration Tests.File navigation functions... function navigates up one directory" time="0.0953" asserts="0" success="True" result="Success" executed="True" />
                  <test-case description="... function navigates up two directories" name="File Navigation Functions Integration Tests.File navigation functions.... function navigates up two directories" time="0.1071" asserts="0" success="True" result="Success" executed="True" />
                  <test-case description=".... function navigates up three directories" name="File Navigation Functions Integration Tests.File navigation functions..... function navigates up three directories" time="0.096" asserts="0" success="True" result="Success" executed="True" />
                  <test-case description="~ function navigates to home directory" name="File Navigation Functions Integration Tests.File navigation functions.~ function navigates to home directory" time="0.0146" asserts="0" success="True" result="Success" executed="True" />
                  <test-case description="desktop alias navigates to Desktop" name="File Navigation Functions Integration Tests.File navigation functions.desktop alias navigates to Desktop" time="0.0155" asserts="0" success="True" result="Success" executed="True" />
                  <test-case description="downloads alias navigates to Downloads" name="File Navigation Functions Integration Tests.File navigation functions.downloads alias navigates to Downloads" time="0.0115" asserts="0" success="True" result="Success" executed="True" />
                  <test-case description="docs alias navigates to Documents" name="File Navigation Functions Integration Tests.File navigation functions.docs alias navigates to Documents" time="0.0116" asserts="0" success="True" result="Success" executed="True" />
                </results>
              </test-suite>
            </results>
          </test-suite>
        </results>
      </test-suite>
      <test-suite type="TestFixture" name="C:\Users\bolen\Documents\PowerShell\tests\integration\filesystem\file-utilities-edge-cases.tests.ps1" executed="True" result="Success" success="True" time="3.2021" asserts="0" description="C:\Users\bolen\Documents\PowerShell\tests\integration\filesystem\file-utilities-edge-cases.tests.ps1">
        <results>
          <test-suite type="TestFixture" name="File Utility Functions Edge Cases" executed="True" result="Success" success="True" time="1.8107" asserts="0" description="File Utility Functions Edge Cases">
            <results>
              <test-suite type="TestFixture" name="File Utility Functions Edge Cases.Basic file utility edge cases" executed="True" result="Success" success="True" time="0.0592" asserts="0" description="File Utility Functions Edge Cases.Basic file utility edge cases">
                <results>
                  <test-case description="json-pretty handles invalid JSON gracefully" name="File Utility Functions Edge Cases.Basic file utility edge cases.json-pretty handles invalid JSON gracefully" time="0.008" asserts="0" success="True" result="Success" executed="True" />
                  <test-case description="to-base64 handles empty strings" name="File Utility Functions Edge Cases.Basic file utility edge cases.to-base64 handles empty strings" time="0.0137" asserts="0" success="True" result="Success" executed="True" />
                  <test-case description="to-base64 handles unicode strings" name="File Utility Functions Edge Cases.Basic file utility edge cases.to-base64 handles unicode strings" time="0.0017" asserts="0" success="True" result="Success" executed="True" />
                  <test-case description="file-hash handles non-existent files" name="File Utility Functions Edge Cases.Basic file utility edge cases.file-hash handles non-existent files" time="0.0034" asserts="0" success="True" result="Success" executed="True" />
                  <test-case description="filesize handles different file sizes" name="File Utility Functions Edge Cases.Basic file utility edge cases.filesize handles different file sizes" time="0.0192" asserts="0" success="True" result="Success" executed="True" />
                </results>
              </test-suite>
            </results>
          </test-suite>
        </results>
      </test-suite>
      <test-suite type="TestFixture" name="C:\Users\bolen\Documents\PowerShell\tests\integration\filesystem\file-utilities.tests.ps1" executed="True" result="Success" success="True" time="4.6903" asserts="0" description="C:\Users\bolen\Documents\PowerShell\tests\integration\filesystem\file-utilities.tests.ps1">
        <results>
          <test-suite type="TestFixture" name="File Utility Functions Integration Tests" executed="True" result="Success" success="True" time="3.2484" asserts="0" description="File Utility Functions Integration Tests">
            <results>
              <test-suite type="TestFixture" name="File Utility Functions Integration Tests.Import-FragmentModule helper function" executed="True" result="Success" success="True" time="1.6682" asserts="0" description="File Utility Functions Integration Tests.Import-FragmentModule helper function">
                <results>
                  <test-case description="Import-FragmentModule function is available" name="File Utility Functions Integration Tests.Import-FragmentModule helper function.Import-FragmentModule function is available" time="0.0023" asserts="0" success="True" result="Success" executed="True" />
                  <test-case description="Import-FragmentModule loads existing module successfully" name="File Utility Functions Integration Tests.Import-FragmentModule helper function.Import-FragmentModule loads existing module successfully" time="0.0219" asserts="0" success="True" result="Success" executed="True" />
                  <test-case description="Import-FragmentModule handles missing module gracefully" name="File Utility Functions Integration Tests.Import-FragmentModule helper function.Import-FragmentModule handles missing module gracefully" time="0.0037" asserts="0" success="True" result="Success" executed="True" />
                  <test-case description="Import-FragmentModule handles module with syntax errors gracefully" name="File Utility Functions Integration Tests.Import-FragmentModule helper function.Import-FragmentModule handles module with syntax errors gracefully" time="0.0292" asserts="0" success="True" result="Success" executed="True" />
                  <test-case description="Import-FragmentModule uses custom module name in error messages" name="File Utility Functions Integration Tests.Import-FragmentModule helper function.Import-FragmentModule uses custom module name in error messages" time="0.032" asserts="0" success="True" result="Success" executed="True" />
                </results>
              </test-suite>
              <test-suite type="TestFixture" name="File Utility Functions Integration Tests.File utility functions" executed="True" result="Success" success="True" time="3.0734" asserts="0" description="File Utility Functions Integration Tests.File utility functions">
                <results>
                  <test-case description="Get-FileHead (head) function is available" name="File Utility Functions Integration Tests.File utility functions.Get-FileHead (head) function is available" time="0.0044" asserts="0" success="True" result="Success" executed="True" />
                  <test-case description="Get-FileTail (tail) function is available" name="File Utility Functions Integration Tests.File utility functions.Get-FileTail (tail) function is available" time="0.0024" asserts="0" success="True" result="Success" executed="True" />
                  <test-case description="head function shows first 10 lines of file" name="File Utility Functions Integration Tests.File utility functions.head function shows first 10 lines of file" time="0.0209" asserts="0" success="True" result="Success" executed="True" />
                  <test-case description="head function shows custom number of lines" name="File Utility Functions Integration Tests.File utility functions.head function shows custom number of lines" time="0.0064" asserts="0" success="True" result="Success" executed="True" />
                  <test-case description="head function works with pipeline input" name="File Utility Functions Integration Tests.File utility functions.head function works with pipeline input" time="0.004" asserts="0" success="True" result="Success" executed="True" />
                  <test-case description="tail function shows last 10 lines of file" name="File Utility Functions Integration Tests.File utility functions.tail function shows last 10 lines of file" time="0.0068" asserts="0" success="True" result="Success" executed="True" />
                  <test-case description="tail function shows custom number of lines" name="File Utility Functions Integration Tests.File utility functions.tail function shows custom number of lines" time="0.0062" asserts="0" success="True" result="Success" executed="True" />
                  <test-case description="tail function works with pipeline input" name="File Utility Functions Integration Tests.File utility functions.tail function works with pipeline input" time="0.0032" asserts="0" success="True" result="Success" executed="True" />
                  <test-case description="Get-FileHashValue (file-hash) function is available" name="File Utility Functions Integration Tests.File utility functions.Get-FileHashValue (file-hash) function is available" time="0.0022" asserts="0" success="True" result="Success" executed="True" />
                  <test-case description="Get-FileHashValue calculates SHA256 hash" name="File Utility Functions Integration Tests.File utility functions.Get-FileHashValue calculates SHA256 hash" time="0.0202" asserts="0" success="True" result="Success" executed="True" />
                  <test-case description="Get-FileHashValue supports different algorithms" name="File Utility Functions Integration Tests.File utility functions.Get-FileHashValue supports different algorithms" time="0.0075" asserts="0" success="True" result="Success" executed="True" />
                  <test-case description="Get-FileHashValue handles non-existent files" name="File Utility Functions Integration Tests.File utility functions.Get-FileHashValue handles non-existent files" time="0.0035" asserts="0" success="True" result="Success" executed="True" />
                  <test-case description="Get-FileSize (filesize) function is available" name="File Utility Functions Integration Tests.File utility functions.Get-FileSize (filesize) function is available" time="0.0026" asserts="0" success="True" result="Success" executed="True" />
                  <test-case description="Get-FileSize returns human-readable sizes" name="File Utility Functions Integration Tests.File utility functions.Get-FileSize returns human-readable sizes" time="0.0055" asserts="0" success="True" result="Success" executed="True" />
                  <test-case description="Get-FileSize handles different file sizes" name="File Utility Functions Integration Tests.File utility functions.Get-FileSize handles different file sizes" time="0.0063" asserts="0" success="True" result="Success" executed="True" />
                  <test-case description="Get-FileSize handles non-existent files" name="File Utility Functions Integration Tests.File utility functions.Get-FileSize handles non-existent files" time="0.0036" asserts="0" success="True" result="Success" executed="True" />
                  <test-case description="Get-HexDump (hex-dump) function is available" name="File Utility Functions Integration Tests.File utility functions.Get-HexDump (hex-dump) function is available" time="0.002" asserts="0" success="True" result="Success" executed="True" />
                  <test-case description="Get-HexDump displays hex representation" name="File Utility Functions Integration Tests.File utility functions.Get-HexDump displays hex representation" time="0.0245" asserts="0" success="True" result="Success" executed="True" />
                </results>
              </test-suite>
            </results>
          </test-suite>
        </results>
      </test-suite>
    </results>
  </test-suite>
</test-results>