<?xml version="1.0" encoding="utf-8" standalone="no"?>
<test-results xmlns:xsi="http://www.w3.org/2001/XMLSchema-instance" xsi:noNamespaceSchemaLocation="nunit_schema_2.5.xsd" name="Pester" total="15" errors="0" failures="0" not-run="0" inconclusive="0" ignored="0" skipped="0" invalid="0" date="2025-12-01" time="09:38:04">
  <environment clr-version="10.0.0" machine-name="BAMBOO" cwd="C:\Users\bolen\Documents\PowerShell" user-domain="BAMBOO" user="bolen" nunit-version="2.5.8.0" platform="Microsoft Windows 11 Pro|C:\WINDOWS|\Device\Harddisk4\Partition4" os-version="10.0.28000" />
  <culture-info current-culture="en-US" current-uiculture="en-US" />
  <test-suite type="TestFixture" name="Pester" executed="True" result="Success" success="True" time="120.9097" asserts="0" description="Pester">
    <results>
      <test-suite type="TestFixture" name="C:\Users\bolen\Documents\PowerShell\tests\integration\fragments\fragment-error-recovery.tests.ps1" executed="True" result="Success" success="True" time="43.1078" asserts="0" description="C:\Users\bolen\Documents\PowerShell\tests\integration\fragments\fragment-error-recovery.tests.ps1">
        <results>
          <test-suite type="TestFixture" name="Fragment Error Recovery" executed="True" result="Success" success="True" time="41.7005" asserts="0" description="Fragment Error Recovery">
            <results>
              <test-suite type="TestFixture" name="Fragment Error Recovery.Error Recovery" executed="True" result="Success" success="True" time="41.5519" asserts="0" description="Fragment Error Recovery.Error Recovery">
                <results>
                  <test-case description="recovers from fragment loading error and allows subsequent loads" name="Fragment Error Recovery.Error Recovery.recovers from fragment loading error and allows subsequent loads" time="34.4849" asserts="0" success="True" result="Success" executed="True" />
                  <test-case description="handles missing profile.d directory" name="Fragment Error Recovery.Error Recovery.handles missing profile.d directory" time="0.018" asserts="0" success="True" result="Success" executed="True" />
                  <test-case description="handles corrupted fragment configuration file" name="Fragment Error Recovery.Error Recovery.handles corrupted fragment configuration file" time="7.0261" asserts="0" success="True" result="Success" executed="True" />
                </results>
              </test-suite>
            </results>
          </test-suite>
        </results>
      </test-suite>
      <test-suite type="TestFixture" name="C:\Users\bolen\Documents\PowerShell\tests\integration\fragments\fragment-idempotency.tests.ps1" executed="True" result="Success" success="True" time="29.8959" asserts="0" description="C:\Users\bolen\Documents\PowerShell\tests\integration\fragments\fragment-idempotency.tests.ps1">
        <results>
          <test-suite type="TestFixture" name="Fragment Idempotency Edge Cases" executed="True" result="Success" success="True" time="28.8283" asserts="0" description="Fragment Idempotency Edge Cases">
            <results>
              <test-suite type="TestFixture" name="Fragment Idempotency Edge Cases.Fragment Idempotency Edge Cases" executed="True" result="Success" success="True" time="28.6859" asserts="0" description="Fragment Idempotency Edge Cases.Fragment Idempotency Edge Cases">
                <results>
                  <test-case description="handles fragment that modifies global state multiple times" name="Fragment Idempotency Edge Cases.Fragment Idempotency Edge Cases.handles fragment that modifies global state multiple times" time="14.1252" asserts="0" success="True" result="Success" executed="True" />
                  <test-case description="handles fragment that defines functions multiple times" name="Fragment Idempotency Edge Cases.Fragment Idempotency Edge Cases.handles fragment that defines functions multiple times" time="14.5502" asserts="0" success="True" result="Success" executed="True" />
                </results>
              </test-suite>
            </results>
          </test-suite>
        </results>
      </test-suite>
      <test-suite type="TestFixture" name="C:\Users\bolen\Documents\PowerShell\tests\integration\fragments\fragment-loading-failures.tests.ps1" executed="True" result="Success" success="True" time="31.0114" asserts="0" description="C:\Users\bolen\Documents\PowerShell\tests\integration\fragments\fragment-loading-failures.tests.ps1">
        <results>
          <test-suite type="TestFixture" name="Fragment Loading Failure Scenarios" executed="True" result="Success" success="True" time="29.8827" asserts="0" description="Fragment Loading Failure Scenarios">
            <results>
              <test-suite type="TestFixture" name="Fragment Loading Failure Scenarios.Fragment Loading Failures" executed="True" result="Success" success="True" time="29.7499" asserts="0" description="Fragment Loading Failure Scenarios.Fragment Loading Failures">
                <results>
                  <test-case description="handles fragment with syntax error gracefully" name="Fragment Loading Failure Scenarios.Fragment Loading Failures.handles fragment with syntax error gracefully" time="7.358" asserts="0" success="True" result="Success" executed="True" />
                  <test-case description="handles fragment that throws exception" name="Fragment Loading Failure Scenarios.Fragment Loading Failures.handles fragment that throws exception" time="7.2585" asserts="0" success="True" result="Success" executed="True" />
                  <test-case description="handles fragment with missing dependency gracefully" name="Fragment Loading Failure Scenarios.Fragment Loading Failures.handles fragment with missing dependency gracefully" time="7.3742" asserts="0" success="True" result="Success" executed="True" />
                  <test-case description="continues loading other fragments after failure" name="Fragment Loading Failure Scenarios.Fragment Loading Failures.continues loading other fragments after failure" time="7.7505" asserts="0" success="True" result="Success" executed="True" />
                </results>
              </test-suite>
            </results>
          </test-suite>
        </results>
      </test-suite>
      <test-suite type="TestFixture" name="C:\Users\bolen\Documents\PowerShell\tests\integration\fragments\fragment-loading.tests.ps1" executed="True" result="Success" success="True" time="1.4745" asserts="0" description="C:\Users\bolen\Documents\PowerShell\tests\integration\fragments\fragment-loading.tests.ps1">
        <results>
          <test-suite type="TestFixture" name="Fragment Loading Integration" executed="True" result="Success" success="True" time="0.41" asserts="0" description="Fragment Loading Integration">
            <results>
              <test-suite type="TestFixture" name="Fragment Loading Integration.End-to-end fragment loading workflow" executed="True" result="Success" success="True" time="0.3768" asserts="0" description="Fragment Loading Integration.End-to-end fragment loading workflow">
                <results>
                  <test-case description="Loads fragments in correct dependency order" name="Fragment Loading Integration.End-to-end fragment loading workflow.Loads fragments in correct dependency order" time="0.2426" asserts="0" success="True" result="Success" executed="True" />
                  <test-case description="Respects disabled fragments from configuration" name="Fragment Loading Integration.End-to-end fragment loading workflow.Respects disabled fragments from configuration" time="0.0852" asserts="0" success="True" result="Success" executed="True" />
                  <test-case description="Handles environment-specific fragment sets" name="Fragment Loading Integration.End-to-end fragment loading workflow.Handles environment-specific fragment sets" time="0.0401" asserts="0" success="True" result="Success" executed="True" />
                </results>
              </test-suite>
              <test-suite type="TestFixture" name="Fragment Loading Integration.Fragment idempotency integration" executed="True" result="Success" success="True" time="0.4019" asserts="0" description="Fragment Loading Integration.Fragment idempotency integration">
                <results>
                  <test-case description="Prevents double-loading of fragments" name="Fragment Loading Integration.Fragment idempotency integration.Prevents double-loading of fragments" time="0.0173" asserts="0" success="True" result="Success" executed="True" />
                </results>
              </test-suite>
            </results>
          </test-suite>
        </results>
      </test-suite>
      <test-suite type="TestFixture" name="C:\Users\bolen\Documents\PowerShell\tests\integration\fragments\fragment-missing-dependencies.tests.ps1" executed="True" result="Success" success="True" time="15.4202" asserts="0" description="C:\Users\bolen\Documents\PowerShell\tests\integration\fragments\fragment-missing-dependencies.tests.ps1">
        <results>
          <test-suite type="TestFixture" name="Fragment Missing Dependencies" executed="True" result="Success" success="True" time="14.3732" asserts="0" description="Fragment Missing Dependencies">
            <results>
              <test-suite type="TestFixture" name="Fragment Missing Dependencies.Missing Dependencies" executed="True" result="Success" success="True" time="14.2329" asserts="0" description="Fragment Missing Dependencies.Missing Dependencies">
                <results>
                  <test-case description="handles fragment referencing non-existent command" name="Fragment Missing Dependencies.Missing Dependencies.handles fragment referencing non-existent command" time="7.2517" asserts="0" success="True" result="Success" executed="True" />
                  <test-case description="handles fragment referencing non-existent module" name="Fragment Missing Dependencies.Missing Dependencies.handles fragment referencing non-existent module" time="6.9725" asserts="0" success="True" result="Success" executed="True" />
                </results>
              </test-suite>
            </results>
          </test-suite>
        </results>
      </test-suite>
    </results>
  </test-suite>
</test-results>