<?xml version="1.0" encoding="utf-8" standalone="no"?>
<test-results xmlns:xsi="http://www.w3.org/2001/XMLSchema-instance" xsi:noNamespaceSchemaLocation="nunit_schema_2.5.xsd" name="Pester" total="21" errors="0" failures="0" not-run="0" inconclusive="0" ignored="0" skipped="0" invalid="0" date="2025-12-01" time="09:34:33">
  <environment nunit-version="2.5.8.0" user-domain="BAMBOO" machine-name="BAMBOO" user="bolen" cwd="C:\Users\bolen\Documents\PowerShell" os-version="10.0.28000" clr-version="10.0.0" platform="Microsoft Windows 11 Pro|C:\WINDOWS|\Device\Harddisk4\Partition4" />
  <culture-info current-culture="en-US" current-uiculture="en-US" />
  <test-suite type="TestFixture" name="Pester" executed="True" result="Success" success="True" time="204.8093" asserts="0" description="Pester">
    <results>
      <test-suite type="TestFixture" name="C:\Users\bolen\Documents\PowerShell\tests\integration\profile\profile-fragments.tests.ps1" executed="True" result="Success" success="True" time="36.5246" asserts="0" description="C:\Users\bolen\Documents\PowerShell\tests\integration\profile\profile-fragments.tests.ps1">
        <results>
          <test-suite type="TestFixture" name="Profile Fragment Integration Tests" executed="True" result="Success" success="True" time="34.6819" asserts="0" description="Profile Fragment Integration Tests">
            <results>
              <test-suite type="TestFixture" name="Profile Fragment Integration Tests.Profile fragment dependencies" executed="True" result="Success" success="True" time="0.3138" asserts="0" description="Profile Fragment Integration Tests.Profile fragment dependencies">
                <results>
                  <test-case description="all profile fragments exist and are readable" name="Profile Fragment Integration Tests.Profile fragment dependencies.all profile fragments exist and are readable" time="0.2552" asserts="0" success="True" result="Success" executed="True" />
                  <test-case description="profile fragments have valid PowerShell syntax" name="Profile Fragment Integration Tests.Profile fragment dependencies.profile fragments have valid PowerShell syntax" time="0.0334" asserts="0" success="True" result="Success" executed="True" />
                </results>
              </test-suite>
              <test-suite type="TestFixture" name="Profile Fragment Integration Tests.Fragment disable/enable functionality" executed="True" result="Success" success="True" time="34.6468" asserts="0" description="Profile Fragment Integration Tests.Fragment disable/enable functionality">
                <results>
                  <test-case description="Get-ProfileFragment lists fragments" name="Profile Fragment Integration Tests.Fragment disable/enable functionality.Get-ProfileFragment lists fragments" time="34.32" asserts="0" success="True" result="Success" executed="True" />
                </results>
              </test-suite>
            </results>
          </test-suite>
        </results>
      </test-suite>
      <test-suite type="TestFixture" name="C:\Users\bolen\Documents\PowerShell\tests\integration\profile\profile-loading.tests.ps1" executed="True" result="Success" success="True" time="126.5824" asserts="0" description="C:\Users\bolen\Documents\PowerShell\tests\integration\profile\profile-loading.tests.ps1">
        <results>
          <test-suite type="TestFixture" name="Profile Loading Integration Tests" executed="True" result="Success" success="True" time="125.1867" asserts="0" description="Profile Loading Integration Tests">
            <results>
              <test-suite type="TestFixture" name="Profile Loading Integration Tests.Profile loading in different environments" executed="True" result="Success" success="True" time="109.5649" asserts="0" description="Profile Loading Integration Tests.Profile loading in different environments">
                <results>
                  <test-case description="loads successfully in current PowerShell environment" name="Profile Loading Integration Tests.Profile loading in different environments.loads successfully in current PowerShell environment" time="34.7105" asserts="0" success="True" result="Success" executed="True" />
                  <test-case description="loads with cross-platform compatibility helpers" name="Profile Loading Integration Tests.Profile loading in different environments.loads with cross-platform compatibility helpers" time="35.1415" asserts="0" success="True" result="Success" executed="True" />
                  <test-case description="does not pollute global scope excessively" name="Profile Loading Integration Tests.Profile loading in different environments.does not pollute global scope excessively" time="8.5172" asserts="0" success="True" result="Success" executed="True" />
                  <test-case description="maintains PowerShell execution policy compatibility" name="Profile Loading Integration Tests.Profile loading in different environments.maintains PowerShell execution policy compatibility" time="31.1838" asserts="0" success="True" result="Success" executed="True" />
                </results>
              </test-suite>
              <test-suite type="TestFixture" name="Profile Loading Integration Tests.Profile loading edge cases" executed="True" result="Success" success="True" time="125.1733" asserts="0" description="Profile Loading Integration Tests.Profile loading edge cases">
                <results>
                  <test-case description="profile handles missing profile.d directory gracefully" name="Profile Loading Integration Tests.Profile loading edge cases.profile handles missing profile.d directory gracefully" time="0.0099" asserts="0" success="True" result="Success" executed="True" />
                  <test-case description="profile can be loaded multiple times without side effects" name="Profile Loading Integration Tests.Profile loading edge cases.profile can be loaded multiple times without side effects" time="15.5892" asserts="0" success="True" result="Success" executed="True" />
                </results>
              </test-suite>
            </results>
          </test-suite>
        </results>
      </test-suite>
      <test-suite type="TestFixture" name="C:\Users\bolen\Documents\PowerShell\tests\integration\profile\profile-quality.tests.ps1" executed="True" result="Success" success="True" time="37.4047" asserts="0" description="C:\Users\bolen\Documents\PowerShell\tests\integration\profile\profile-quality.tests.ps1">
        <results>
          <test-suite type="TestFixture" name="Profile Quality Integration Tests" executed="True" result="Success" success="True" time="36.0246" asserts="0" description="Profile Quality Integration Tests">
            <results>
              <test-suite type="TestFixture" name="Profile Quality Integration Tests.Cross-platform compatibility" executed="True" result="Success" success="True" time="7.1791" asserts="0" description="Profile Quality Integration Tests.Cross-platform compatibility">
                <results>
                  <test-case description="uses compatible path separators" name="Profile Quality Integration Tests.Cross-platform compatibility.uses compatible path separators" time="0.0069" asserts="0" success="True" result="Success" executed="True" />
                  <test-case description="handles missing commands gracefully" name="Profile Quality Integration Tests.Cross-platform compatibility.handles missing commands gracefully" time="7.1635" asserts="0" success="True" result="Success" executed="True" />
                </results>
              </test-suite>
              <test-suite type="TestFixture" name="Profile Quality Integration Tests.Cross-platform PATH manipulation" executed="True" result="Success" success="True" time="7.4057" asserts="0" description="Profile Quality Integration Tests.Cross-platform PATH manipulation">
                <results>
                  <test-case description="Add-Path uses platform-appropriate separator" name="Profile Quality Integration Tests.Cross-platform PATH manipulation.Add-Path uses platform-appropriate separator" time="0.0877" asserts="0" success="True" result="Success" executed="True" />
                  <test-case description="Remove-Path uses platform-appropriate separator" name="Profile Quality Integration Tests.Cross-platform PATH manipulation.Remove-Path uses platform-appropriate separator" time="0.0714" asserts="0" success="True" result="Success" executed="True" />
                </results>
              </test-suite>
              <test-suite type="TestFixture" name="Profile Quality Integration Tests.Scoop detection" executed="True" result="Success" success="True" time="36.0094" asserts="0" description="Profile Quality Integration Tests.Scoop detection">
                <results>
                  <test-case description="handles missing Scoop gracefully" name="Profile Quality Integration Tests.Scoop detection.handles missing Scoop gracefully" time="28.5947" asserts="0" success="True" result="Success" executed="True" />
                </results>
              </test-suite>
            </results>
          </test-suite>
        </results>
      </test-suite>
      <test-suite type="TestFixture" name="C:\Users\bolen\Documents\PowerShell\tests\integration\profile\profile-structure.tests.ps1" executed="True" result="Success" success="True" time="1.3915" asserts="0" description="C:\Users\bolen\Documents\PowerShell\tests\integration\profile\profile-structure.tests.ps1">
        <results>
          <test-suite type="TestFixture" name="Profile Structure Integration Tests" executed="True" result="Success" success="True" time="0.0285" asserts="0" description="Profile Structure Integration Tests">
            <results>
              <test-suite type="TestFixture" name="Profile Structure Integration Tests.Fragment ordering" executed="True" result="Success" success="True" time="0.0158" asserts="0" description="Profile Structure Integration Tests.Fragment ordering">
                <results>
                  <test-case description="fragments load in correct order" name="Profile Structure Integration Tests.Fragment ordering.fragments load in correct order" time="0.0073" asserts="0" success="True" result="Success" executed="True" />
                </results>
              </test-suite>
            </results>
          </test-suite>
        </results>
      </test-suite>
      <test-suite type="TestFixture" name="C:\Users\bolen\Documents\PowerShell\tests\integration\profile\profile-updates.tests.ps1" executed="True" result="Success" success="True" time="2.9061" asserts="0" description="C:\Users\bolen\Documents\PowerShell\tests\integration\profile\profile-updates.tests.ps1">
        <results>
          <test-suite type="TestFixture" name="Profile Updates Integration Tests" executed="True" result="Success" success="True" time="1.5443" asserts="0" description="Profile Updates Integration Tests">
            <results>
              <test-suite type="TestFixture" name="Profile Updates Integration Tests.Test-ProfileUpdates function" executed="True" result="Success" success="True" time="1.502" asserts="0" description="Profile Updates Integration Tests.Test-ProfileUpdates function">
                <results>
                  <test-case description="Test-ProfileUpdates function exists" name="Profile Updates Integration Tests.Test-ProfileUpdates function.Test-ProfileUpdates function exists" time="0.004" asserts="0" success="True" result="Success" executed="True" />
                  <test-case description="Test-ProfileUpdates can be called without error" name="Profile Updates Integration Tests.Test-ProfileUpdates function.Test-ProfileUpdates can be called without error" time="0.0072" asserts="0" success="True" result="Success" executed="True" />
                  <test-case description="Test-ProfileUpdates can be called with Force parameter" name="Profile Updates Integration Tests.Test-ProfileUpdates function.Test-ProfileUpdates can be called with Force parameter" time="0.7027" asserts="0" success="True" result="Success" executed="True" />
                  <test-case description="Test-ProfileUpdates can be called with MaxChanges parameter" name="Profile Updates Integration Tests.Test-ProfileUpdates function.Test-ProfileUpdates can be called with MaxChanges parameter" time="0.006" asserts="0" success="True" result="Success" executed="True" />
                  <test-case description="Test-ProfileUpdates can be called with both parameters" name="Profile Updates Integration Tests.Test-ProfileUpdates function.Test-ProfileUpdates can be called with both parameters" time="0.6528" asserts="0" success="True" result="Success" executed="True" />
                </results>
              </test-suite>
              <test-suite type="TestFixture" name="Profile Updates Integration Tests.ProfileUpdatesLoaded global variable" executed="True" result="Success" success="True" time="1.5215" asserts="0" description="Profile Updates Integration Tests.ProfileUpdatesLoaded global variable">
                <results>
                  <test-case description="Sets ProfileUpdatesLoaded global variable" name="Profile Updates Integration Tests.ProfileUpdatesLoaded global variable.Sets ProfileUpdatesLoaded global variable" time="0.011" asserts="0" success="True" result="Success" executed="True" />
                </results>
              </test-suite>
            </results>
          </test-suite>
        </results>
      </test-suite>
    </results>
  </test-suite>
</test-results>