<?xml version="1.0" encoding="utf-8" standalone="no"?>
<test-results xmlns:xsi="http://www.w3.org/2001/XMLSchema-instance" xsi:noNamespaceSchemaLocation="nunit_schema_2.5.xsd" name="Pester" total="17" errors="0" failures="0" not-run="0" inconclusive="0" ignored="0" skipped="0" invalid="0" date="2025-12-01" time="09:33:48">
  <environment os-version="10.0.28000" user-domain="BAMBOO" cwd="C:\Users\bolen\Documents\PowerShell" clr-version="10.0.0" platform="Microsoft Windows 11 Pro|C:\WINDOWS|\Device\Harddisk4\Partition4" user="bolen" machine-name="BAMBOO" nunit-version="2.5.8.0" />
  <culture-info current-culture="en-US" current-uiculture="en-US" />
  <test-suite type="TestFixture" name="Pester" executed="True" result="Success" success="True" time="38.2899" asserts="0" description="Pester">
    <results>
      <test-suite type="TestFixture" name="C:\Users\bolen\Documents\PowerShell\tests\integration\utilities\utility-functions.tests.ps1" executed="True" result="Success" success="True" time="38.2899" asserts="0" description="C:\Users\bolen\Documents\PowerShell\tests\integration\utilities\utility-functions.tests.ps1">
        <results>
          <test-suite type="TestFixture" name="Utility Functions Integration Tests" executed="True" result="Success" success="True" time="36.4923" asserts="0" description="Utility Functions Integration Tests">
            <results>
              <test-suite type="TestFixture" name="Utility Functions Integration Tests.Utility functions additional tests" executed="True" result="Success" success="True" time="36.1543" asserts="0" description="Utility Functions Integration Tests.Utility functions additional tests">
                <results>
                  <test-case description="Reload-Profile function exists and can be called" name="Utility Functions Integration Tests.Utility functions additional tests.Reload-Profile function exists and can be called" time="35.8394" asserts="0" success="True" result="Success" executed="True" />
                  <test-case description="Edit-Profile function exists and can be called" name="Utility Functions Integration Tests.Utility functions additional tests.Edit-Profile function exists and can be called" time="0.0053" asserts="0" success="True" result="Success" executed="True" />
                  <test-case description="Get-Weather function exists and handles no arguments" name="Utility Functions Integration Tests.Utility functions additional tests.Get-Weather function exists and handles no arguments" time="0.1361" asserts="0" success="True" result="Success" executed="True" />
                  <test-case description="Get-Weather function handles location argument" name="Utility Functions Integration Tests.Utility functions additional tests.Get-Weather function handles location argument" time="0.0156" asserts="0" success="True" result="Success" executed="True" />
                  <test-case description="ConvertFrom-UrlEncoded handles basic encoding" name="Utility Functions Integration Tests.Utility functions additional tests.ConvertFrom-UrlEncoded handles basic encoding" time="0.0078" asserts="0" success="True" result="Success" executed="True" />
                  <test-case description="ConvertFrom-UrlEncoded handles null input" name="Utility Functions Integration Tests.Utility functions additional tests.ConvertFrom-UrlEncoded handles null input" time="0.0019" asserts="0" success="True" result="Success" executed="True" />
                  <test-case description="ConvertFrom-UrlEncoded handles empty input" name="Utility Functions Integration Tests.Utility functions additional tests.ConvertFrom-UrlEncoded handles empty input" time="0.003" asserts="0" success="True" result="Success" executed="True" />
                  <test-case description="ConvertFrom-UrlEncoded handles already decoded strings" name="Utility Functions Integration Tests.Utility functions additional tests.ConvertFrom-UrlEncoded handles already decoded strings" time="0.0026" asserts="0" success="True" result="Success" executed="True" />
                  <test-case description="ConvertTo-UrlEncoded handles basic encoding" name="Utility Functions Integration Tests.Utility functions additional tests.ConvertTo-UrlEncoded handles basic encoding" time="0.0033" asserts="0" success="True" result="Success" executed="True" />
                  <test-case description="ConvertTo-UrlEncoded handles null input" name="Utility Functions Integration Tests.Utility functions additional tests.ConvertTo-UrlEncoded handles null input" time="0.0022" asserts="0" success="True" result="Success" executed="True" />
                  <test-case description="ConvertTo-UrlEncoded handles empty input" name="Utility Functions Integration Tests.Utility functions additional tests.ConvertTo-UrlEncoded handles empty input" time="0.0022" asserts="0" success="True" result="Success" executed="True" />
                  <test-case description="ConvertTo-UrlEncoded handles already encoded strings" name="Utility Functions Integration Tests.Utility functions additional tests.ConvertTo-UrlEncoded handles already encoded strings" time="0.0026" asserts="0" success="True" result="Success" executed="True" />
                  <test-case description="ConvertFrom-Epoch handles valid timestamps" name="Utility Functions Integration Tests.Utility functions additional tests.ConvertFrom-Epoch handles valid timestamps" time="0.0154" asserts="0" success="True" result="Success" executed="True" />
                  <test-case description="ConvertFrom-Epoch handles null timestamp" name="Utility Functions Integration Tests.Utility functions additional tests.ConvertFrom-Epoch handles null timestamp" time="0.0045" asserts="0" success="True" result="Success" executed="True" />
                  <test-case description="ConvertFrom-Epoch handles zero timestamp" name="Utility Functions Integration Tests.Utility functions additional tests.ConvertFrom-Epoch handles zero timestamp" time="0.0038" asserts="0" success="True" result="Success" executed="True" />
                  <test-case description="ConvertTo-Epoch handles valid DateTime" name="Utility Functions Integration Tests.Utility functions additional tests.ConvertTo-Epoch handles valid DateTime" time="0.064" asserts="0" success="True" result="Success" executed="True" />
                  <test-case description="ConvertTo-Epoch handles current date" name="Utility Functions Integration Tests.Utility functions additional tests.ConvertTo-Epoch handles current date" time="0.0106" asserts="0" success="True" result="Success" executed="True" />
                </results>
              </test-suite>
            </results>
          </test-suite>
        </results>
      </test-suite>
    </results>
  </test-suite>
</test-results>